{
  error: MongooseError: Connection.prototype.close() no longer accepts a callback
      at NativeConnection.close (D:\CodeFlare Labs\Pather Khonje1\backend\node_modules\mongoose\lib\connection.js:856:11)
      at gracefulShutdown (D:\CodeFlare Labs\Pather Khonje1\backend\server.js:426:23)
      at process.<anonymous> (D:\CodeFlare Labs\Pather Khonje1\backend\server.js:439:28)
      at process.emit (node:events:518:28),
  level: 'error',
  message: 'unhandledRejection: Connection.prototype.close() no longer accepts a callback\n' +
    'MongooseError: Connection.prototype.close() no longer accepts a callback\n' +
    '    at NativeConnection.close (D:\\CodeFlare Labs\\Pather Khonje1\\backend\\node_modules\\mongoose\\lib\\connection.js:856:11)\n' +
    '    at gracefulShutdown (D:\\CodeFlare Labs\\Pather Khonje1\\backend\\server.js:426:23)\n' +
    '    at process.<anonymous> (D:\\CodeFlare Labs\\Pather Khonje1\\backend\\server.js:439:28)\n' +
    '    at process.emit (node:events:518:28)',
  stack: 'MongooseError: Connection.prototype.close() no longer accepts a callback\n' +
    '    at NativeConnection.close (D:\\CodeFlare Labs\\Pather Khonje1\\backend\\node_modules\\mongoose\\lib\\connection.js:856:11)\n' +
    '    at gracefulShutdown (D:\\CodeFlare Labs\\Pather Khonje1\\backend\\server.js:426:23)\n' +
    '    at process.<anonymous> (D:\\CodeFlare Labs\\Pather Khonje1\\backend\\server.js:439:28)\n' +
    '    at process.emit (node:events:518:28)',
  rejection: true,
  date: 'Thu Sep 11 2025 06:10:30 GMT+0530 (India Standard Time)',
  process: {
    pid: 4328,
    uid: null,
    gid: null,
    cwd: 'D:\\CodeFlare Labs\\Pather Khonje1\\backend',
    execPath: 'D:\\Web dev. practice\\node.exe',
    version: 'v22.18.0',
    argv: [
      'D:\\Web dev. practice\\node.exe',
      'D:\\CodeFlare Labs\\Pather Khonje1\\backend\\server.js'
    ],
    memoryUsage: {
      rss: 77639680,
      heapTotal: 36421632,
      heapUsed: 32312496,
      external: 38670305,
      arrayBuffers: 36180748
    }
  },
  os: { loadavg: [ 0, 0, 0 ], uptime: 67458.828 },
  trace: [
    {
      column: 11,
      file: 'D:\\CodeFlare Labs\\Pather Khonje1\\backend\\node_modules\\mongoose\\lib\\connection.js',
      function: 'NativeConnection.close',
      line: 856,
      method: 'close',
      native: false
    },
    {
      column: 23,
      file: 'D:\\CodeFlare Labs\\Pather Khonje1\\backend\\server.js',
      function: 'gracefulShutdown',
      line: 426,
      method: null,
      native: false
    },
    {
      column: 28,
      file: 'D:\\CodeFlare Labs\\Pather Khonje1\\backend\\server.js',
      function: null,
      line: 439,
      method: null,
      native: false
    },
    {
      column: 28,
      file: 'node:events',
      function: 'process.emit',
      line: 518,
      method: 'emit',
      native: false
    }
  ],
  service: 'pather-khonje-api',
  timestamp: '2025-09-11 06:10:30'
}
{
  error: MongooseError: Connection.prototype.close() no longer accepts a callback
      at NativeConnection.close (D:\CodeFlare Labs\Pather Khonje1\backend\node_modules\mongoose\lib\connection.js:856:11)
      at gracefulShutdown (D:\CodeFlare Labs\Pather Khonje1\backend\server.js:426:23)
      at process.<anonymous> (D:\CodeFlare Labs\Pather Khonje1\backend\server.js:439:28)
      at process.emit (node:events:518:28),
  level: 'error',
  message: 'unhandledRejection: Connection.prototype.close() no longer accepts a callback\n' +
    'MongooseError: Connection.prototype.close() no longer accepts a callback\n' +
    '    at NativeConnection.close (D:\\CodeFlare Labs\\Pather Khonje1\\backend\\node_modules\\mongoose\\lib\\connection.js:856:11)\n' +
    '    at gracefulShutdown (D:\\CodeFlare Labs\\Pather Khonje1\\backend\\server.js:426:23)\n' +
    '    at process.<anonymous> (D:\\CodeFlare Labs\\Pather Khonje1\\backend\\server.js:439:28)\n' +
    '    at process.emit (node:events:518:28)',
  stack: 'MongooseError: Connection.prototype.close() no longer accepts a callback\n' +
    '    at NativeConnection.close (D:\\CodeFlare Labs\\Pather Khonje1\\backend\\node_modules\\mongoose\\lib\\connection.js:856:11)\n' +
    '    at gracefulShutdown (D:\\CodeFlare Labs\\Pather Khonje1\\backend\\server.js:426:23)\n' +
    '    at process.<anonymous> (D:\\CodeFlare Labs\\Pather Khonje1\\backend\\server.js:439:28)\n' +
    '    at process.emit (node:events:518:28)',
  rejection: true,
  date: 'Thu Sep 11 2025 06:12:29 GMT+0530 (India Standard Time)',
  process: {
    pid: 5948,
    uid: null,
    gid: null,
    cwd: 'D:\\CodeFlare Labs\\Pather Khonje1\\backend',
    execPath: 'D:\\Web dev. practice\\node.exe',
    version: 'v22.18.0',
    argv: [
      'D:\\Web dev. practice\\node.exe',
      'D:\\CodeFlare Labs\\Pather Khonje1\\backend\\server.js'
    ],
    memoryUsage: {
      rss: 77725696,
      heapTotal: 35110912,
      heapUsed: 32905408,
      external: 38670305,
      arrayBuffers: 36194479
    }
  },
  os: { loadavg: [ 0, 0, 0 ], uptime: 67577.125 },
  trace: [
    {
      column: 11,
      file: 'D:\\CodeFlare Labs\\Pather Khonje1\\backend\\node_modules\\mongoose\\lib\\connection.js',
      function: 'NativeConnection.close',
      line: 856,
      method: 'close',
      native: false
    },
    {
      column: 23,
      file: 'D:\\CodeFlare Labs\\Pather Khonje1\\backend\\server.js',
      function: 'gracefulShutdown',
      line: 426,
      method: null,
      native: false
    },
    {
      column: 28,
      file: 'D:\\CodeFlare Labs\\Pather Khonje1\\backend\\server.js',
      function: null,
      line: 439,
      method: null,
      native: false
    },
    {
      column: 28,
      file: 'node:events',
      function: 'process.emit',
      line: 518,
      method: 'emit',
      native: false
    }
  ],
  service: 'pather-khonje-api',
  timestamp: '2025-09-11 06:12:29'
}
{
  service: 'pather-khonje-api',
  error: '"expiresIn" should be a number of seconds or string representing a timespan',
  email: 'j2@gmail.com',
  ip: '::1',
  level: 'error',
  message: 'User registration error',
  timestamp: '2025-09-11 06:16:39'
}
{
  service: 'pather-khonje-api',
  error: '"expiresIn" should be a number of seconds or string representing a timespan',
  email: 'test@example.com',
  ip: '::1',
  level: 'error',
  message: 'User registration error',
  timestamp: '2025-09-11 06:18:28'
}
{
  error: MongooseError: Connection.prototype.close() no longer accepts a callback
      at NativeConnection.close (D:\CodeFlare Labs\Pather Khonje1\backend\node_modules\mongoose\lib\connection.js:856:11)
      at gracefulShutdown (D:\CodeFlare Labs\Pather Khonje1\backend\server.js:426:23)
      at process.<anonymous> (D:\CodeFlare Labs\Pather Khonje1\backend\server.js:439:28)
      at process.emit (node:events:518:28),
  level: 'error',
  message: 'unhandledRejection: Connection.prototype.close() no longer accepts a callback\n' +
    'MongooseError: Connection.prototype.close() no longer accepts a callback\n' +
    '    at NativeConnection.close (D:\\CodeFlare Labs\\Pather Khonje1\\backend\\node_modules\\mongoose\\lib\\connection.js:856:11)\n' +
    '    at gracefulShutdown (D:\\CodeFlare Labs\\Pather Khonje1\\backend\\server.js:426:23)\n' +
    '    at process.<anonymous> (D:\\CodeFlare Labs\\Pather Khonje1\\backend\\server.js:439:28)\n' +
    '    at process.emit (node:events:518:28)',
  stack: 'MongooseError: Connection.prototype.close() no longer accepts a callback\n' +
    '    at NativeConnection.close (D:\\CodeFlare Labs\\Pather Khonje1\\backend\\node_modules\\mongoose\\lib\\connection.js:856:11)\n' +
    '    at gracefulShutdown (D:\\CodeFlare Labs\\Pather Khonje1\\backend\\server.js:426:23)\n' +
    '    at process.<anonymous> (D:\\CodeFlare Labs\\Pather Khonje1\\backend\\server.js:439:28)\n' +
    '    at process.emit (node:events:518:28)',
  rejection: true,
  date: 'Thu Sep 11 2025 06:20:43 GMT+0530 (India Standard Time)',
  process: {
    pid: 22088,
    uid: null,
    gid: null,
    cwd: 'D:\\CodeFlare Labs\\Pather Khonje1\\backend',
    execPath: 'D:\\Web dev. practice\\node.exe',
    version: 'v22.18.0',
    argv: [
      'D:\\Web dev. practice\\node.exe',
      'D:\\CodeFlare Labs\\Pather Khonje1\\backend\\server.js'
    ],
    memoryUsage: {
      rss: 76357632,
      heapTotal: 36421632,
      heapUsed: 32227552,
      external: 38680448,
      arrayBuffers: 36156172
    }
  },
  os: { loadavg: [ 0, 0, 0 ], uptime: 68071.859 },
  trace: [
    {
      column: 11,
      file: 'D:\\CodeFlare Labs\\Pather Khonje1\\backend\\node_modules\\mongoose\\lib\\connection.js',
      function: 'NativeConnection.close',
      line: 856,
      method: 'close',
      native: false
    },
    {
      column: 23,
      file: 'D:\\CodeFlare Labs\\Pather Khonje1\\backend\\server.js',
      function: 'gracefulShutdown',
      line: 426,
      method: null,
      native: false
    },
    {
      column: 28,
      file: 'D:\\CodeFlare Labs\\Pather Khonje1\\backend\\server.js',
      function: null,
      line: 439,
      method: null,
      native: false
    },
    {
      column: 28,
      file: 'node:events',
      function: 'process.emit',
      line: 518,
      method: 'emit',
      native: false
    }
  ],
  service: 'pather-khonje-api',
  timestamp: '2025-09-11 06:20:43'
}
{
  service: 'pather-khonje-api',
  error: 'Not allowed by CORS',
  stack: 'Error: Not allowed by CORS\n' +
    '    at origin (D:\\CodeFlare Labs\\Pather Khonje1\\backend\\server.js:112:21)\n' +
    '    at D:\\CodeFlare Labs\\Pather Khonje1\\backend\\node_modules\\cors\\lib\\index.js:219:13\n' +
    '    at optionsCallback (D:\\CodeFlare Labs\\Pather Khonje1\\backend\\node_modules\\cors\\lib\\index.js:199:9)\n' +
    '    at corsMiddleware (D:\\CodeFlare Labs\\Pather Khonje1\\backend\\node_modules\\cors\\lib\\index.js:204:7)\n' +
    '    at Layer.handle [as handle_request] (D:\\CodeFlare Labs\\Pather Khonje1\\backend\\node_modules\\express\\lib\\router\\layer.js:95:5)\n' +
    '    at trim_prefix (D:\\CodeFlare Labs\\Pather Khonje1\\backend\\node_modules\\express\\lib\\router\\index.js:328:13)\n' +
    '    at D:\\CodeFlare Labs\\Pather Khonje1\\backend\\node_modules\\express\\lib\\router\\index.js:286:9\n' +
    '    at Function.process_params (D:\\CodeFlare Labs\\Pather Khonje1\\backend\\node_modules\\express\\lib\\router\\index.js:346:12)\n' +
    '    at next (D:\\CodeFlare Labs\\Pather Khonje1\\backend\\node_modules\\express\\lib\\router\\index.js:280:10)\n' +
    '    at D:\\CodeFlare Labs\\Pather Khonje1\\backend\\node_modules\\express-rate-limit\\dist\\index.cjs:659:7',
  method: 'OPTIONS',
  url: '/api/auth/register',
  ip: '::1',
  userId: undefined,
  level: 'error',
  message: 'Global error handler',
  timestamp: '2025-09-11 07:02:02'
}
{
  service: 'pather-khonje-api',
  method: 'POST',
  url: '/api/auth/verify-token',
  error: 'jwt malformed',
  userId: null,
  timestamp: '2025-09-11 07:11:22',
  level: 'error',
  message: 'API error'
}
