{
  service: 'pather-khonje-api',
  method: 'POST',
  url: '/api/auth/verify-token',
  error: 'invalid signature',
  userId: null,
  timestamp: '2025-09-13 04:34:36',
  level: 'error',
  message: 'API error'
}
{
  service: 'pather-khonje-api',
  method: 'POST',
  url: '/api/auth/verify-token',
  error: 'invalid signature',
  userId: null,
  timestamp: '2025-09-13 04:34:36',
  level: 'error',
  message: 'API error'
}
{
  service: 'pather-khonje-api',
  error: 'An equivalent index already exists with the same name but different options. Requested index: { v: 2, key: { timestamp: 1 }, name: "timestamp_1", expireAfterSeconds: 31536000 }, existing index: { v: 2, key: { timestamp: 1 }, name: "timestamp_1", background: true }',
  level: 'error',
  message: 'Failed to create database indexes',
  timestamp: '2025-09-13 05:56:00'
}
{
  error: MongooseError: Connection.prototype.close() no longer accepts a callback
      at NativeConnection.close (D:\CodeFlare Labs\pather-khonje\backend\node_modules\mongoose\lib\connection.js:856:11)
      at gracefulShutdown (D:\CodeFlare Labs\pather-khonje\backend\server.js:423:23)
      at process.<anonymous> (D:\CodeFlare Labs\pather-khonje\backend\server.js:436:28)
      at process.emit (node:events:518:28),
  level: 'error',
  message: 'unhandledRejection: Connection.prototype.close() no longer accepts a callback\n' +
    'MongooseError: Connection.prototype.close() no longer accepts a callback\n' +
    '    at NativeConnection.close (D:\\CodeFlare Labs\\pather-khonje\\backend\\node_modules\\mongoose\\lib\\connection.js:856:11)\n' +
    '    at gracefulShutdown (D:\\CodeFlare Labs\\pather-khonje\\backend\\server.js:423:23)\n' +
    '    at process.<anonymous> (D:\\CodeFlare Labs\\pather-khonje\\backend\\server.js:436:28)\n' +
    '    at process.emit (node:events:518:28)',
  stack: 'MongooseError: Connection.prototype.close() no longer accepts a callback\n' +
    '    at NativeConnection.close (D:\\CodeFlare Labs\\pather-khonje\\backend\\node_modules\\mongoose\\lib\\connection.js:856:11)\n' +
    '    at gracefulShutdown (D:\\CodeFlare Labs\\pather-khonje\\backend\\server.js:423:23)\n' +
    '    at process.<anonymous> (D:\\CodeFlare Labs\\pather-khonje\\backend\\server.js:436:28)\n' +
    '    at process.emit (node:events:518:28)',
  rejection: true,
  date: 'Sat Sep 13 2025 06:17:08 GMT+0530 (India Standard Time)',
  process: {
    pid: 17604,
    uid: null,
    gid: null,
    cwd: 'D:\\CodeFlare Labs\\pather-khonje\\backend',
    execPath: 'D:\\Web dev. practice\\node.exe',
    version: 'v22.18.0',
    argv: [
      'D:\\Web dev. practice\\node.exe',
      'D:\\CodeFlare Labs\\pather-khonje\\backend\\server.js'
    ],
    memoryUsage: {
      rss: 81694720,
      heapTotal: 36159488,
      heapUsed: 32475520,
      external: 38670249,
      arrayBuffers: 36194423
    }
  },
  os: { loadavg: [ 0, 0, 0 ], uptime: 16252.125 },
  trace: [
    {
      column: 11,
      file: 'D:\\CodeFlare Labs\\pather-khonje\\backend\\node_modules\\mongoose\\lib\\connection.js',
      function: 'NativeConnection.close',
      line: 856,
      method: 'close',
      native: false
    },
    {
      column: 23,
      file: 'D:\\CodeFlare Labs\\pather-khonje\\backend\\server.js',
      function: 'gracefulShutdown',
      line: 423,
      method: null,
      native: false
    },
    {
      column: 28,
      file: 'D:\\CodeFlare Labs\\pather-khonje\\backend\\server.js',
      function: null,
      line: 436,
      method: null,
      native: false
    },
    {
      column: 28,
      file: 'node:events',
      function: 'process.emit',
      line: 518,
      method: 'emit',
      native: false
    }
  ],
  service: 'pather-khonje-api',
  timestamp: '2025-09-13 06:17:08'
}
{
  service: 'pather-khonje-api',
  method: 'GET',
  url: '/api/admin/stats',
  error: 'jwt malformed',
  userId: null,
  timestamp: '2025-09-13 06:17:24',
  level: 'error',
  message: 'API error'
}
{
  service: 'pather-khonje-api',
  error: 'Cast to ObjectId failed for value "places" (type string) at path "_id" for model "Place"',
  level: 'error',
  message: 'Get place error',
  timestamp: '2025-09-13 06:27:53'
}
{
  service: 'pather-khonje-api',
  error: 'Cast to ObjectId failed for value "health" (type string) at path "_id" for model "Place"',
  level: 'error',
  message: 'Get place error',
  timestamp: '2025-09-13 06:28:01'
}
{
  service: 'pather-khonje-api',
  error: 'Cannot convert undefined or null to object',
  level: 'error',
  message: 'Get places error',
  timestamp: '2025-09-13 06:28:38'
}
{
  error: MongooseError: Connection.prototype.close() no longer accepts a callback
      at NativeConnection.close (D:\CodeFlare Labs\pather-khonje\backend\node_modules\mongoose\lib\connection.js:856:11)
      at gracefulShutdown (D:\CodeFlare Labs\pather-khonje\backend\server.js:425:23)
      at process.<anonymous> (D:\CodeFlare Labs\pather-khonje\backend\server.js:438:28)
      at process.emit (node:events:518:28),
  level: 'error',
  message: 'unhandledRejection: Connection.prototype.close() no longer accepts a callback\n' +
    'MongooseError: Connection.prototype.close() no longer accepts a callback\n' +
    '    at NativeConnection.close (D:\\CodeFlare Labs\\pather-khonje\\backend\\node_modules\\mongoose\\lib\\connection.js:856:11)\n' +
    '    at gracefulShutdown (D:\\CodeFlare Labs\\pather-khonje\\backend\\server.js:425:23)\n' +
    '    at process.<anonymous> (D:\\CodeFlare Labs\\pather-khonje\\backend\\server.js:438:28)\n' +
    '    at process.emit (node:events:518:28)',
  stack: 'MongooseError: Connection.prototype.close() no longer accepts a callback\n' +
    '    at NativeConnection.close (D:\\CodeFlare Labs\\pather-khonje\\backend\\node_modules\\mongoose\\lib\\connection.js:856:11)\n' +
    '    at gracefulShutdown (D:\\CodeFlare Labs\\pather-khonje\\backend\\server.js:425:23)\n' +
    '    at process.<anonymous> (D:\\CodeFlare Labs\\pather-khonje\\backend\\server.js:438:28)\n' +
    '    at process.emit (node:events:518:28)',
  rejection: true,
  date: 'Sat Sep 13 2025 06:34:27 GMT+0530 (India Standard Time)',
  process: {
    pid: 22944,
    uid: null,
    gid: null,
    cwd: 'D:\\CodeFlare Labs\\pather-khonje\\backend',
    execPath: 'D:\\Web dev. practice\\node.exe',
    version: 'v22.18.0',
    argv: [
      'D:\\Web dev. practice\\node.exe',
      'D:\\CodeFlare Labs\\pather-khonje\\backend\\server.js'
    ],
    memoryUsage: {
      rss: 96313344,
      heapTotal: 64471040,
      heapUsed: 38520936,
      external: 38731440,
      arrayBuffers: 36208809
    }
  },
  os: { loadavg: [ 0, 0, 0 ], uptime: 17292.093 },
  trace: [
    {
      column: 11,
      file: 'D:\\CodeFlare Labs\\pather-khonje\\backend\\node_modules\\mongoose\\lib\\connection.js',
      function: 'NativeConnection.close',
      line: 856,
      method: 'close',
      native: false
    },
    {
      column: 23,
      file: 'D:\\CodeFlare Labs\\pather-khonje\\backend\\server.js',
      function: 'gracefulShutdown',
      line: 425,
      method: null,
      native: false
    },
    {
      column: 28,
      file: 'D:\\CodeFlare Labs\\pather-khonje\\backend\\server.js',
      function: null,
      line: 438,
      method: null,
      native: false
    },
    {
      column: 28,
      file: 'node:events',
      function: 'process.emit',
      line: 518,
      method: 'emit',
      native: false
    }
  ],
  service: 'pather-khonje-api',
  timestamp: '2025-09-13 06:34:27'
}
{
  service: 'pather-khonje-api',
  error: 'Cannot convert undefined or null to object',
  userId: new ObjectId("68c4ba80869f5fde8f5ea341"),
  level: 'error',
  message: 'Get admin places error',
  timestamp: '2025-09-13 06:42:38'
}
{
  service: 'pather-khonje-api',
  level: 'error',
  message: 'Could not close connections in time, forcefully shutting down',
  timestamp: '2025-09-13 06:50:39'
}
{
  service: 'pather-khonje-api',
  error: 'AuditLog validation failed: resource: `PLACE` is not a valid enum value for path `resource`.',
  data: {
    action: 'DELETE',
    resource: 'PLACE',
    userId: new ObjectId("68c4ba80869f5fde8f5ea341"),
    targetPlaceId: '68c4c151e543f83ff3e7dcd3',
    details: {
      deletedPlace: {
        name: 'Rishikesh',
        description: 'The Yoga Capital of the World on the banks of holy river Ganges. Perfect for spiritual seekers and adventure enthusiasts.'
      }
    },
    ipAddress: '::1',
    userAgent: 'Mozilla/5.0 (Windows NT 10.0; Win64; x64) AppleWebKit/537.36 (KHTML, like Gecko) Chrome/140.0.0.0 Safari/537.36',
    success: true
  },
  level: 'error',
  message: 'Failed to log audit event',
  timestamp: '2025-09-13 07:06:58'
}
{
  service: 'pather-khonje-api',
  error: 'AuditLog validation failed: resource: `PLACE` is not a valid enum value for path `resource`.',
  data: {
    action: 'DELETE',
    resource: 'PLACE',
    userId: new ObjectId("68c4ba80869f5fde8f5ea341"),
    targetPlaceId: '68c4c151e543f83ff3e7dcce',
    details: {
      deletedPlace: {
        name: 'Udaipur',
        description: 'The City of Lakes with magnificent palaces and royal heritage. Perfect for romantic getaways and cultural experiences.'
      }
    },
    ipAddress: '::1',
    userAgent: 'Mozilla/5.0 (Windows NT 10.0; Win64; x64) AppleWebKit/537.36 (KHTML, like Gecko) Chrome/140.0.0.0 Safari/537.36',
    success: true
  },
  level: 'error',
  message: 'Failed to log audit event',
  timestamp: '2025-09-13 07:07:01'
}
{
  service: 'pather-khonje-api',
  error: 'AuditLog validation failed: resource: `PLACE` is not a valid enum value for path `resource`.',
  data: {
    action: 'DELETE',
    resource: 'PLACE',
    userId: new ObjectId("68c4ba80869f5fde8f5ea341"),
    targetPlaceId: '68c4c150e543f83ff3e7dcc8',
    details: {
      deletedPlace: {
        name: 'Manali',
        description: 'Adventure paradise nestled in the Himalayas with scenic valleys. Perfect for adventure seekers and nature lovers.'
      }
    },
    ipAddress: '::1',
    userAgent: 'Mozilla/5.0 (Windows NT 10.0; Win64; x64) AppleWebKit/537.36 (KHTML, like Gecko) Chrome/140.0.0.0 Safari/537.36',
    success: true
  },
  level: 'error',
  message: 'Failed to log audit event',
  timestamp: '2025-09-13 07:07:05'
}
{
  service: 'pather-khonje-api',
  error: 'AuditLog validation failed: resource: `PLACE` is not a valid enum value for path `resource`.',
  data: {
    action: 'DELETE',
    resource: 'PLACE',
    userId: new ObjectId("68c4ba80869f5fde8f5ea341"),
    targetPlaceId: '68c4c150e543f83ff3e7dcc2',
    details: {
      deletedPlace: {
        name: 'Shimla',
        description: 'The summer capital of British India with colonial charm and cool climate. Perfect for family vacations.'
      }
    },
    ipAddress: '::1',
    userAgent: 'Mozilla/5.0 (Windows NT 10.0; Win64; x64) AppleWebKit/537.36 (KHTML, like Gecko) Chrome/140.0.0.0 Safari/537.36',
    success: true
  },
  level: 'error',
  message: 'Failed to log audit event',
  timestamp: '2025-09-13 07:07:07'
}
{
  service: 'pather-khonje-api',
  error: 'AuditLog validation failed: resource: `PLACE` is not a valid enum value for path `resource`.',
  data: {
    action: 'DELETE',
    resource: 'PLACE',
    userId: new ObjectId("68c4ba80869f5fde8f5ea341"),
    targetPlaceId: '68c4c150e543f83ff3e7dcbc',
    details: {
      deletedPlace: {
        name: 'Goa',
        description: 'Beautiful beaches, vibrant nightlife, and Portuguese colonial architecture. Perfect for beach lovers and party enthusiasts.'
      }
    },
    ipAddress: '::1',
    userAgent: 'Mozilla/5.0 (Windows NT 10.0; Win64; x64) AppleWebKit/537.36 (KHTML, like Gecko) Chrome/140.0.0.0 Safari/537.36',
    success: true
  },
  level: 'error',
  message: 'Failed to log audit event',
  timestamp: '2025-09-13 07:07:10'
}
{
  service: 'pather-khonje-api',
  error: 'AuditLog validation failed: resource: `PLACE` is not a valid enum value for path `resource`.',
  data: {
    action: 'DELETE',
    resource: 'PLACE',
    userId: new ObjectId("68c4ba80869f5fde8f5ea341"),
    targetPlaceId: '68c4c150e543f83ff3e7dcb4',
    details: {
      deletedPlace: {
        name: 'Darjeeling',
        description: 'The Queen of Hills with breathtaking mountain views and world-famous tea gardens. Experience the cool climate and colonial charm.'
      }
    },
    ipAddress: '::1',
    userAgent: 'Mozilla/5.0 (Windows NT 10.0; Win64; x64) AppleWebKit/537.36 (KHTML, like Gecko) Chrome/140.0.0.0 Safari/537.36',
    success: true
  },
  level: 'error',
  message: 'Failed to log audit event',
  timestamp: '2025-09-13 07:07:13'
}
{
  error: MongooseError: Connection.prototype.close() no longer accepts a callback
      at NativeConnection.close (D:\CodeFlare Labs\pather-khonje\backend\node_modules\mongoose\lib\connection.js:856:11)
      at gracefulShutdown (D:\CodeFlare Labs\pather-khonje\backend\server.js:432:23)
      at process.<anonymous> (D:\CodeFlare Labs\pather-khonje\backend\server.js:445:28)
      at process.emit (node:events:518:28),
  level: 'error',
  message: 'unhandledRejection: Connection.prototype.close() no longer accepts a callback\n' +
    'MongooseError: Connection.prototype.close() no longer accepts a callback\n' +
    '    at NativeConnection.close (D:\\CodeFlare Labs\\pather-khonje\\backend\\node_modules\\mongoose\\lib\\connection.js:856:11)\n' +
    '    at gracefulShutdown (D:\\CodeFlare Labs\\pather-khonje\\backend\\server.js:432:23)\n' +
    '    at process.<anonymous> (D:\\CodeFlare Labs\\pather-khonje\\backend\\server.js:445:28)\n' +
    '    at process.emit (node:events:518:28)',
  stack: 'MongooseError: Connection.prototype.close() no longer accepts a callback\n' +
    '    at NativeConnection.close (D:\\CodeFlare Labs\\pather-khonje\\backend\\node_modules\\mongoose\\lib\\connection.js:856:11)\n' +
    '    at gracefulShutdown (D:\\CodeFlare Labs\\pather-khonje\\backend\\server.js:432:23)\n' +
    '    at process.<anonymous> (D:\\CodeFlare Labs\\pather-khonje\\backend\\server.js:445:28)\n' +
    '    at process.emit (node:events:518:28)',
  rejection: true,
  date: 'Sat Sep 13 2025 07:16:17 GMT+0530 (India Standard Time)',
  process: {
    pid: 10912,
    uid: null,
    gid: null,
    cwd: 'D:\\CodeFlare Labs\\pather-khonje\\backend',
    execPath: 'D:\\Web dev. practice\\node.exe',
    version: 'v22.18.0',
    argv: [
      'D:\\Web dev. practice\\node.exe',
      'D:\\CodeFlare Labs\\pather-khonje\\backend\\server.js'
    ],
    memoryUsage: {
      rss: 78073856,
      heapTotal: 36159488,
      heapUsed: 33333656,
      external: 38686745,
      arrayBuffers: 36210919
    }
  },
  os: { loadavg: [ 0, 0, 0 ], uptime: 19801.937 },
  trace: [
    {
      column: 11,
      file: 'D:\\CodeFlare Labs\\pather-khonje\\backend\\node_modules\\mongoose\\lib\\connection.js',
      function: 'NativeConnection.close',
      line: 856,
      method: 'close',
      native: false
    },
    {
      column: 23,
      file: 'D:\\CodeFlare Labs\\pather-khonje\\backend\\server.js',
      function: 'gracefulShutdown',
      line: 432,
      method: null,
      native: false
    },
    {
      column: 28,
      file: 'D:\\CodeFlare Labs\\pather-khonje\\backend\\server.js',
      function: null,
      line: 445,
      method: null,
      native: false
    },
    {
      column: 28,
      file: 'node:events',
      function: 'process.emit',
      line: 518,
      method: 'emit',
      native: false
    }
  ],
  service: 'pather-khonje-api',
  timestamp: '2025-09-13 07:16:17'
}
{
  service: 'pather-khonje-api',
  error: 'listen EADDRINUSE: address already in use :::5000',
  level: 'error',
  message: 'Server error',
  timestamp: '2025-09-13 07:31:39'
}
{
  service: 'pather-khonje-api',
  error: 'listen EADDRINUSE: address already in use :::5000',
  level: 'error',
  message: 'Server error',
  timestamp: '2025-09-13 07:32:05'
}
{
  service: 'pather-khonje-api',
  error: 'listen EADDRINUSE: address already in use :::5000',
  level: 'error',
  message: 'Server error',
  timestamp: '2025-09-13 07:33:37'
}
{
  service: 'pather-khonje-api',
  error: 'AuditLog validation failed: action: `UPLOAD` is not a valid enum value for path `action`.',
  data: {
    action: 'UPLOAD',
    resource: 'IMAGE',
    userId: new ObjectId("68c4ba80869f5fde8f5ea341"),
    details: {
      filename: 'goa-1757731107868-744622683.jpg',
      originalName: 'goa.jpg',
      size: 61634,
      imageUrl: 'http://localhost:5000/uploads/places/goa-1757731107868-744622683.jpg',
      relativeUrl: '/uploads/places/goa-1757731107868-744622683.jpg'
    },
    ipAddress: '::1',
    userAgent: 'Mozilla/5.0 (Windows NT 10.0; Win64; x64) AppleWebKit/537.36 (KHTML, like Gecko) Chrome/140.0.0.0 Safari/537.36',
    success: true
  },
  level: 'error',
  message: 'Failed to log audit event',
  timestamp: '2025-09-13 08:08:27'
}
{
  service: 'pather-khonje-api',
  error: 'AuditLog validation failed: action: `UPLOAD` is not a valid enum value for path `action`.',
  data: {
    action: 'UPLOAD',
    resource: 'IMAGE',
    userId: new ObjectId("68c4ba80869f5fde8f5ea341"),
    details: {
      filename: 'goa-1757731112023-808372495.jpg',
      originalName: 'goa.jpg',
      size: 61634,
      imageUrl: 'http://localhost:5000/uploads/places/goa-1757731112023-808372495.jpg',
      relativeUrl: '/uploads/places/goa-1757731112023-808372495.jpg'
    },
    ipAddress: '::1',
    userAgent: 'Mozilla/5.0 (Windows NT 10.0; Win64; x64) AppleWebKit/537.36 (KHTML, like Gecko) Chrome/140.0.0.0 Safari/537.36',
    success: true
  },
  level: 'error',
  message: 'Failed to log audit event',
  timestamp: '2025-09-13 08:08:32'
}
{
  service: 'pather-khonje-api',
  error: 'AuditLog validation failed: action: `UPLOAD` is not a valid enum value for path `action`.',
  data: {
    action: 'UPLOAD',
    resource: 'IMAGE',
    userId: new ObjectId("68c4ba80869f5fde8f5ea341"),
    details: {
      filename: 'goa-1757731113537-414595139.jpg',
      originalName: 'goa.jpg',
      size: 61634,
      imageUrl: 'http://localhost:5000/uploads/places/goa-1757731113537-414595139.jpg',
      relativeUrl: '/uploads/places/goa-1757731113537-414595139.jpg'
    },
    ipAddress: '::1',
    userAgent: 'Mozilla/5.0 (Windows NT 10.0; Win64; x64) AppleWebKit/537.36 (KHTML, like Gecko) Chrome/140.0.0.0 Safari/537.36',
    success: true
  },
  level: 'error',
  message: 'Failed to log audit event',
  timestamp: '2025-09-13 08:08:33'
}
{
  service: 'pather-khonje-api',
  error: 'AuditLog validation failed: action: `UPLOAD` is not a valid enum value for path `action`.',
  data: {
    action: 'UPLOAD',
    resource: 'IMAGE',
    userId: new ObjectId("68c4ba80869f5fde8f5ea341"),
    details: {
      filename: 'goa-1757731114621-360861894.jpg',
      originalName: 'goa.jpg',
      size: 61634,
      imageUrl: 'http://localhost:5000/uploads/places/goa-1757731114621-360861894.jpg',
      relativeUrl: '/uploads/places/goa-1757731114621-360861894.jpg'
    },
    ipAddress: '::1',
    userAgent: 'Mozilla/5.0 (Windows NT 10.0; Win64; x64) AppleWebKit/537.36 (KHTML, like Gecko) Chrome/140.0.0.0 Safari/537.36',
    success: true
  },
  level: 'error',
  message: 'Failed to log audit event',
  timestamp: '2025-09-13 08:08:34'
}
{
  service: 'pather-khonje-api',
  error: 'AuditLog validation failed: action: `UPLOAD` is not a valid enum value for path `action`.',
  data: {
    action: 'UPLOAD',
    resource: 'IMAGE',
    userId: new ObjectId("68c4ba80869f5fde8f5ea341"),
    details: {
      filename: 'goa-1757731252616-40911541.jpg',
      originalName: 'goa.jpg',
      size: 61634,
      imageUrl: 'http://localhost:5000/uploads/places/goa-1757731252616-40911541.jpg',
      relativeUrl: '/uploads/places/goa-1757731252616-40911541.jpg'
    },
    ipAddress: '::1',
    userAgent: 'Mozilla/5.0 (Windows NT 10.0; Win64; x64) AppleWebKit/537.36 (KHTML, like Gecko) Chrome/140.0.0.0 Safari/537.36',
    success: true
  },
  level: 'error',
  message: 'Failed to log audit event',
  timestamp: '2025-09-13 08:10:52'
}
{
  service: 'pather-khonje-api',
  error: 'AuditLog validation failed: action: `UPLOAD` is not a valid enum value for path `action`.',
  data: {
    action: 'UPLOAD',
    resource: 'IMAGE',
    userId: new ObjectId("68c4ba80869f5fde8f5ea341"),
    details: {
      filename: 'goa-1757731542756-612915442.jpg',
      originalName: 'goa.jpg',
      size: 61634,
      imageUrl: 'http://localhost:5000/uploads/places/goa-1757731542756-612915442.jpg',
      relativeUrl: '/uploads/places/goa-1757731542756-612915442.jpg'
    },
    ipAddress: '::1',
    userAgent: 'Mozilla/5.0 (Windows NT 10.0; Win64; x64) AppleWebKit/537.36 (KHTML, like Gecko) Chrome/140.0.0.0 Safari/537.36',
    success: true
  },
  level: 'error',
  message: 'Failed to log audit event',
  timestamp: '2025-09-13 08:15:42'
}
{
  service: 'pather-khonje-api',
  error: 'AuditLog validation failed: action: `UPLOAD` is not a valid enum value for path `action`.',
  data: {
    action: 'UPLOAD',
    resource: 'IMAGE',
    userId: new ObjectId("68c4ba80869f5fde8f5ea341"),
    details: {
      filename: 'goa-1757731573352-932678463.jpg',
      originalName: 'goa.jpg',
      size: 61634,
      imageUrl: 'http://localhost:5000/uploads/places/goa-1757731573352-932678463.jpg',
      relativeUrl: '/uploads/places/goa-1757731573352-932678463.jpg'
    },
    ipAddress: '::1',
    userAgent: 'Mozilla/5.0 (Windows NT 10.0; Win64; x64) AppleWebKit/537.36 (KHTML, like Gecko) Chrome/140.0.0.0 Safari/537.36',
    success: true
  },
  level: 'error',
  message: 'Failed to log audit event',
  timestamp: '2025-09-13 08:16:13'
}
{
  service: 'pather-khonje-api',
  error: 'AuditLog validation failed: action: `UPLOAD` is not a valid enum value for path `action`.',
  data: {
    action: 'UPLOAD',
    resource: 'IMAGE',
    userId: new ObjectId("68c4ba80869f5fde8f5ea341"),
    details: {
      filename: 'manali-1757731778550-265965385.jpg',
      originalName: 'manali.jpg',
      size: 98746,
      imageUrl: 'http://localhost:5000/uploads/places/manali-1757731778550-265965385.jpg',
      relativeUrl: '/uploads/places/manali-1757731778550-265965385.jpg'
    },
    ipAddress: '::1',
    userAgent: 'Mozilla/5.0 (Windows NT 10.0; Win64; x64) AppleWebKit/537.36 (KHTML, like Gecko) Chrome/140.0.0.0 Safari/537.36',
    success: true
  },
  level: 'error',
  message: 'Failed to log audit event',
  timestamp: '2025-09-13 08:19:38'
}
{
  service: 'pather-khonje-api',
  error: 'AuditLog validation failed: action: `UPLOAD` is not a valid enum value for path `action`.',
  data: {
    action: 'UPLOAD',
    resource: 'IMAGE',
    userId: new ObjectId("68c4ba80869f5fde8f5ea341"),
    details: {
      filename: 'shimla-1757731864446-772904605.jpg',
      originalName: 'shimla.jpg',
      size: 54048,
      imageUrl: 'http://localhost:5000/uploads/places/shimla-1757731864446-772904605.jpg',
      relativeUrl: '/uploads/places/shimla-1757731864446-772904605.jpg'
    },
    ipAddress: '::1',
    userAgent: 'Mozilla/5.0 (Windows NT 10.0; Win64; x64) AppleWebKit/537.36 (KHTML, like Gecko) Chrome/140.0.0.0 Safari/537.36',
    success: true
  },
  level: 'error',
  message: 'Failed to log audit event',
  timestamp: '2025-09-13 08:21:04'
}
{
  service: 'pather-khonje-api',
  error: 'AuditLog validation failed: action: `UPLOAD` is not a valid enum value for path `action`.',
  data: {
    action: 'UPLOAD',
    resource: 'IMAGE',
    userId: new ObjectId("68c4ba80869f5fde8f5ea341"),
    details: {
      filename: 'udaipur-1757732087572-225302202.jpg',
      originalName: 'udaipur.jpg',
      size: 47576,
      imageUrl: 'http://localhost:5000/uploads/places/udaipur-1757732087572-225302202.jpg',
      relativeUrl: '/uploads/places/udaipur-1757732087572-225302202.jpg'
    },
    ipAddress: '::1',
    userAgent: 'Mozilla/5.0 (Windows NT 10.0; Win64; x64) AppleWebKit/537.36 (KHTML, like Gecko) Chrome/140.0.0.0 Safari/537.36',
    success: true
  },
  level: 'error',
  message: 'Failed to log audit event',
  timestamp: '2025-09-13 08:24:47'
}
{
  service: 'pather-khonje-api',
  error: 'AuditLog validation failed: action: `UPLOAD` is not a valid enum value for path `action`.',
  data: {
    action: 'UPLOAD',
    resource: 'IMAGE',
    userId: new ObjectId("68c4ba80869f5fde8f5ea341"),
    details: {
      filename: 'goa-1757732601200-945614992.jpg',
      originalName: 'goa.jpg',
      size: 61634,
      imageUrl: 'http://localhost:5000/uploads/places/goa-1757732601200-945614992.jpg',
      relativeUrl: '/uploads/places/goa-1757732601200-945614992.jpg'
    },
    ipAddress: '::1',
    userAgent: 'Mozilla/5.0 (Windows NT 10.0; Win64; x64) AppleWebKit/537.36 (KHTML, like Gecko) Chrome/140.0.0.0 Safari/537.36',
    success: true
  },
  level: 'error',
  message: 'Failed to log audit event',
  timestamp: '2025-09-13 08:33:21'
}
{
  service: 'pather-khonje-api',
  error: 'AuditLog validation failed: action: `UPLOAD` is not a valid enum value for path `action`.',
  data: {
    action: 'UPLOAD',
    resource: 'IMAGES',
    userId: new ObjectId("68c4ba80869f5fde8f5ea341"),
    details: {
      fileCount: 1,
      files: [ 'goa-hotel-1757732655042-615911117.png' ]
    },
    ipAddress: '::1',
    userAgent: 'Mozilla/5.0 (Windows NT 10.0; Win64; x64) AppleWebKit/537.36 (KHTML, like Gecko) Chrome/140.0.0.0 Safari/537.36',
    success: true
  },
  level: 'error',
  message: 'Failed to log audit event',
  timestamp: '2025-09-13 08:34:15'
}
{
  service: 'pather-khonje-api',
  error: 'AuditLog validation failed: action: `UPLOAD` is not a valid enum value for path `action`.',
  data: {
    action: 'UPLOAD',
    resource: 'IMAGES',
    userId: new ObjectId("68c4ba80869f5fde8f5ea341"),
    details: { fileCount: 1, files: [ 'goa-hotel-1757732804484-7819941.png' ] },
    ipAddress: '::1',
    userAgent: 'Mozilla/5.0 (Windows NT 10.0; Win64; x64) AppleWebKit/537.36 (KHTML, like Gecko) Chrome/140.0.0.0 Safari/537.36',
    success: true
  },
  level: 'error',
  message: 'Failed to log audit event',
  timestamp: '2025-09-13 08:36:44'
}
{
  service: 'pather-khonje-api',
  error: 'Hotel validation failed: description: Description must be at least 10 characters',
  userId: new ObjectId("68c4ba80869f5fde8f5ea341"),
  level: 'error',
  message: 'Create hotel error',
  timestamp: '2025-09-13 08:36:44'
}
{
  service: 'pather-khonje-api',
  error: 'AuditLog validation failed: action: `UPLOAD` is not a valid enum value for path `action`.',
  data: {
    action: 'UPLOAD',
    resource: 'IMAGES',
    userId: new ObjectId("68c4ba80869f5fde8f5ea341"),
    details: {
      fileCount: 1,
      files: [ 'goa-hotel-1757732857977-582706751.png' ]
    },
    ipAddress: '::1',
    userAgent: 'Mozilla/5.0 (Windows NT 10.0; Win64; x64) AppleWebKit/537.36 (KHTML, like Gecko) Chrome/140.0.0.0 Safari/537.36',
    success: true
  },
  level: 'error',
  message: 'Failed to log audit event',
  timestamp: '2025-09-13 08:37:37'
}
{
  service: 'pather-khonje-api',
  error: 'Hotel validation failed: description: Description must be at least 10 characters',
  userId: new ObjectId("68c4ba80869f5fde8f5ea341"),
  level: 'error',
  message: 'Create hotel error',
  timestamp: '2025-09-13 08:37:38'
}
{
  service: 'pather-khonje-api',
  error: 'AuditLog validation failed: action: `UPLOAD` is not a valid enum value for path `action`.',
  data: {
    action: 'UPLOAD',
    resource: 'IMAGES',
    userId: new ObjectId("68c4ba80869f5fde8f5ea341"),
    details: {
      fileCount: 1,
      files: [ 'goa-hotel-1757733039532-191185792.png' ]
    },
    ipAddress: '::1',
    userAgent: 'Mozilla/5.0 (Windows NT 10.0; Win64; x64) AppleWebKit/537.36 (KHTML, like Gecko) Chrome/140.0.0.0 Safari/537.36',
    success: true
  },
  level: 'error',
  message: 'Failed to log audit event',
  timestamp: '2025-09-13 08:40:39'
}
{
  service: 'pather-khonje-api',
  error: 'AuditLog validation failed: action: `UPLOAD` is not a valid enum value for path `action`.',
  data: {
    action: 'UPLOAD',
    resource: 'IMAGES',
    userId: new ObjectId("68c4ba80869f5fde8f5ea341"),
    details: { fileCount: 1, files: [ 'manali-1757733237445-342311580.jpg' ] },
    ipAddress: '::1',
    userAgent: 'Mozilla/5.0 (Windows NT 10.0; Win64; x64) AppleWebKit/537.36 (KHTML, like Gecko) Chrome/140.0.0.0 Safari/537.36',
    success: true
  },
  level: 'error',
  message: 'Failed to log audit event',
  timestamp: '2025-09-13 08:43:57'
}
{
  service: 'pather-khonje-api',
  error: 'Hotel validation failed: description: Description must be at least 5 characters',
  userId: new ObjectId("68c4ba80869f5fde8f5ea341"),
  level: 'error',
  message: 'Create hotel error',
  timestamp: '2025-09-13 08:43:57'
}
{
  service: 'pather-khonje-api',
  error: 'AuditLog validation failed: action: `UPLOAD` is not a valid enum value for path `action`.',
  data: {
    action: 'UPLOAD',
    resource: 'IMAGES',
    userId: new ObjectId("68c4ba80869f5fde8f5ea341"),
    details: { fileCount: 1, files: [ 'manali-1757733421512-118648033.jpg' ] },
    ipAddress: '::1',
    userAgent: 'Mozilla/5.0 (Windows NT 10.0; Win64; x64) AppleWebKit/537.36 (KHTML, like Gecko) Chrome/140.0.0.0 Safari/537.36',
    success: true
  },
  level: 'error',
  message: 'Failed to log audit event',
  timestamp: '2025-09-13 08:47:01'
}
{
  service: 'pather-khonje-api',
  error: 'AuditLog validation failed: action: `UPLOAD` is not a valid enum value for path `action`.',
  data: {
    action: 'UPLOAD',
    resource: 'IMAGES',
    userId: new ObjectId("68c4ba80869f5fde8f5ea341"),
    details: {
      fileCount: 1,
      files: [ 'goa-hotel-1757733624206-763009016.png' ]
    },
    ipAddress: '::1',
    userAgent: 'Mozilla/5.0 (Windows NT 10.0; Win64; x64) AppleWebKit/537.36 (KHTML, like Gecko) Chrome/140.0.0.0 Safari/537.36',
    success: true
  },
  level: 'error',
  message: 'Failed to log audit event',
  timestamp: '2025-09-13 08:50:24'
}
{
  service: 'pather-khonje-api',
  error: 'AuditLog validation failed: action: `UPLOAD` is not a valid enum value for path `action`.',
  data: {
    action: 'UPLOAD',
    resource: 'IMAGES',
    userId: new ObjectId("68c4ba80869f5fde8f5ea341"),
    details: {
      fileCount: 1,
      files: [ 'goa-hotel-1757733662855-289476123.png' ]
    },
    ipAddress: '::1',
    userAgent: 'Mozilla/5.0 (Windows NT 10.0; Win64; x64) AppleWebKit/537.36 (KHTML, like Gecko) Chrome/140.0.0.0 Safari/537.36',
    success: true
  },
  level: 'error',
  message: 'Failed to log audit event',
  timestamp: '2025-09-13 08:51:02'
}
{
  service: 'pather-khonje-api',
  error: 'AuditLog validation failed: action: `UPLOAD` is not a valid enum value for path `action`.',
  data: {
    action: 'UPLOAD',
    resource: 'IMAGES',
    userId: new ObjectId("68c4ba80869f5fde8f5ea341"),
    details: {
      fileCount: 1,
      files: [ 'goa-hotel-1757733680208-686665076.png' ]
    },
    ipAddress: '::1',
    userAgent: 'Mozilla/5.0 (Windows NT 10.0; Win64; x64) AppleWebKit/537.36 (KHTML, like Gecko) Chrome/140.0.0.0 Safari/537.36',
    success: true
  },
  level: 'error',
  message: 'Failed to log audit event',
  timestamp: '2025-09-13 08:51:20'
}
{
  service: 'pather-khonje-api',
  error: 'AuditLog validation failed: action: `UPLOAD` is not a valid enum value for path `action`.',
  data: {
    action: 'UPLOAD',
    resource: 'IMAGES',
    userId: new ObjectId("68c4ba80869f5fde8f5ea341"),
    details: { fileCount: 1, files: [ 'udaipur-1757734369101-309298827.jpg' ] },
    ipAddress: '::1',
    userAgent: 'Mozilla/5.0 (Windows NT 10.0; Win64; x64) AppleWebKit/537.36 (KHTML, like Gecko) Chrome/140.0.0.0 Safari/537.36',
    success: true
  },
  level: 'error',
  message: 'Failed to log audit event',
  timestamp: '2025-09-13 09:02:49'
}
{
  service: 'pather-khonje-api',
  error: 'AuditLog validation failed: action: `UPLOAD` is not a valid enum value for path `action`.',
  data: {
    action: 'UPLOAD',
    resource: 'IMAGE',
    userId: new ObjectId("68c4ba80869f5fde8f5ea341"),
    details: {
      filename: 'himalaya-1757736520283-777037297.jpg',
      imageUrl: 'http://localhost:5000/uploads/packages/himalaya-1757736520283-777037297.jpg',
      relativeUrl: '/uploads/packages/himalaya-1757736520283-777037297.jpg'
    },
    ipAddress: '::1',
    userAgent: 'Mozilla/5.0 (Windows NT 10.0; Win64; x64) AppleWebKit/537.36 (KHTML, like Gecko) Chrome/140.0.0.0 Safari/537.36',
    success: true
  },
  level: 'error',
  message: 'Failed to log audit event',
  timestamp: '2025-09-13 09:38:40'
}
{
  service: 'pather-khonje-api',
  error: 'AuditLog validation failed: action: `UPLOAD` is not a valid enum value for path `action`.',
  data: {
    action: 'UPLOAD',
    resource: 'IMAGE',
    userId: new ObjectId("68c4ba80869f5fde8f5ea341"),
    details: {
      filename: 'himalaya-1757736525174-771114681.jpg',
      imageUrl: 'http://localhost:5000/uploads/packages/himalaya-1757736525174-771114681.jpg',
      relativeUrl: '/uploads/packages/himalaya-1757736525174-771114681.jpg'
    },
    ipAddress: '::1',
    userAgent: 'Mozilla/5.0 (Windows NT 10.0; Win64; x64) AppleWebKit/537.36 (KHTML, like Gecko) Chrome/140.0.0.0 Safari/537.36',
    success: true
  },
  level: 'error',
  message: 'Failed to log audit event',
  timestamp: '2025-09-13 09:38:45'
}
{
  service: 'pather-khonje-api',
  error: 'AuditLog validation failed: action: `UPLOAD` is not a valid enum value for path `action`.',
  data: {
    action: 'UPLOAD',
    resource: 'IMAGE',
    userId: new ObjectId("68c4ba80869f5fde8f5ea341"),
    details: {
      filename: 'rajasthan-1757736701832-696769209.jpeg',
      imageUrl: 'http://localhost:5000/uploads/packages/rajasthan-1757736701832-696769209.jpeg',
      relativeUrl: '/uploads/packages/rajasthan-1757736701832-696769209.jpeg'
    },
    ipAddress: '::1',
    userAgent: 'Mozilla/5.0 (Windows NT 10.0; Win64; x64) AppleWebKit/537.36 (KHTML, like Gecko) Chrome/140.0.0.0 Safari/537.36',
    success: true
  },
  level: 'error',
  message: 'Failed to log audit event',
  timestamp: '2025-09-13 09:41:41'
}
{
  service: 'pather-khonje-api',
  error: 'AuditLog validation failed: action: `UPLOAD` is not a valid enum value for path `action`.',
  data: {
    action: 'UPLOAD',
    resource: 'IMAGE',
    userId: new ObjectId("68c4ba80869f5fde8f5ea341"),
    details: {
      filename: 'rajasthan-1757736806842-291282896.jpeg',
      imageUrl: 'http://localhost:5000/uploads/packages/rajasthan-1757736806842-291282896.jpeg',
      relativeUrl: '/uploads/packages/rajasthan-1757736806842-291282896.jpeg'
    },
    ipAddress: '::1',
    userAgent: 'Mozilla/5.0 (Windows NT 10.0; Win64; x64) AppleWebKit/537.36 (KHTML, like Gecko) Chrome/140.0.0.0 Safari/537.36',
    success: true
  },
  level: 'error',
  message: 'Failed to log audit event',
  timestamp: '2025-09-13 09:43:26'
}
{
  service: 'pather-khonje-api',
  error: 'AuditLog validation failed: action: `UPLOAD` is not a valid enum value for path `action`.',
  data: {
    action: 'UPLOAD',
    resource: 'IMAGE',
    userId: new ObjectId("68c4ba80869f5fde8f5ea341"),
    details: {
      filename: 'kashmir-1757736911205-519192210.jpeg',
      imageUrl: 'http://localhost:5000/uploads/packages/kashmir-1757736911205-519192210.jpeg',
      relativeUrl: '/uploads/packages/kashmir-1757736911205-519192210.jpeg'
    },
    ipAddress: '::1',
    userAgent: 'Mozilla/5.0 (Windows NT 10.0; Win64; x64) AppleWebKit/537.36 (KHTML, like Gecko) Chrome/140.0.0.0 Safari/537.36',
    success: true
  },
  level: 'error',
  message: 'Failed to log audit event',
  timestamp: '2025-09-13 09:45:11'
}
{
  service: 'pather-khonje-api',
  error: 'AuditLog validation failed: action: `UPLOAD` is not a valid enum value for path `action`.',
  data: {
    action: 'UPLOAD',
    resource: 'IMAGE',
    userId: new ObjectId("68c4ba80869f5fde8f5ea341"),
    details: {
      filename: 'kashmir-1757737025982-899752461.jpeg',
      imageUrl: 'http://localhost:5000/uploads/packages/kashmir-1757737025982-899752461.jpeg',
      relativeUrl: '/uploads/packages/kashmir-1757737025982-899752461.jpeg'
    },
    ipAddress: '::1',
    userAgent: 'Mozilla/5.0 (Windows NT 10.0; Win64; x64) AppleWebKit/537.36 (KHTML, like Gecko) Chrome/140.0.0.0 Safari/537.36',
    success: true
  },
  level: 'error',
  message: 'Failed to log audit event',
  timestamp: '2025-09-13 09:47:06'
}
{
  service: 'pather-khonje-api',
  error: 'AuditLog validation failed: action: `UPLOAD` is not a valid enum value for path `action`.',
  data: {
    action: 'UPLOAD',
    resource: 'IMAGE',
    userId: new ObjectId("68c4ba80869f5fde8f5ea341"),
    details: {
      filename: 'kashmir-1757737098848-819719795.jpeg',
      imageUrl: 'http://localhost:5000/uploads/packages/kashmir-1757737098848-819719795.jpeg',
      relativeUrl: '/uploads/packages/kashmir-1757737098848-819719795.jpeg'
    },
    ipAddress: '::1',
    userAgent: 'Mozilla/5.0 (Windows NT 10.0; Win64; x64) AppleWebKit/537.36 (KHTML, like Gecko) Chrome/140.0.0.0 Safari/537.36',
    success: true
  },
  level: 'error',
  message: 'Failed to log audit event',
  timestamp: '2025-09-13 09:48:18'
}
{
  service: 'pather-khonje-api',
  error: 'AuditLog validation failed: action: `UPLOAD` is not a valid enum value for path `action`.',
  data: {
    action: 'UPLOAD',
    resource: 'IMAGE',
    userId: new ObjectId("68c4ba80869f5fde8f5ea341"),
    details: {
      filename: 'kashmir-1757737229931-349018323.jpeg',
      imageUrl: 'http://localhost:5000/uploads/packages/kashmir-1757737229931-349018323.jpeg',
      relativeUrl: '/uploads/packages/kashmir-1757737229931-349018323.jpeg'
    },
    ipAddress: '::1',
    userAgent: 'Mozilla/5.0 (Windows NT 10.0; Win64; x64) AppleWebKit/537.36 (KHTML, like Gecko) Chrome/140.0.0.0 Safari/537.36',
    success: true
  },
  level: 'error',
  message: 'Failed to log audit event',
  timestamp: '2025-09-13 09:50:29'
}
{
  service: 'pather-khonje-api',
  error: 'AuditLog validation failed: action: `UPLOAD` is not a valid enum value for path `action`.',
  data: {
    action: 'UPLOAD',
    resource: 'IMAGE',
    userId: new ObjectId("68c4ba80869f5fde8f5ea341"),
    details: {
      filename: 'rajasthan-1757737287385-937737028.jpeg',
      imageUrl: 'http://localhost:5000/uploads/packages/rajasthan-1757737287385-937737028.jpeg',
      relativeUrl: '/uploads/packages/rajasthan-1757737287385-937737028.jpeg'
    },
    ipAddress: '::1',
    userAgent: 'Mozilla/5.0 (Windows NT 10.0; Win64; x64) AppleWebKit/537.36 (KHTML, like Gecko) Chrome/140.0.0.0 Safari/537.36',
    success: true
  },
  level: 'error',
  message: 'Failed to log audit event',
  timestamp: '2025-09-13 09:51:27'
}
{
  service: 'pather-khonje-api',
  error: 'AuditLog validation failed: action: `UPLOAD` is not a valid enum value for path `action`.',
  data: {
    action: 'UPLOAD',
    resource: 'IMAGE',
    userId: new ObjectId("68c4ba80869f5fde8f5ea341"),
    details: {
      filename: 'rajasthan-1757737288804-838038623.jpeg',
      imageUrl: 'http://localhost:5000/uploads/packages/rajasthan-1757737288804-838038623.jpeg',
      relativeUrl: '/uploads/packages/rajasthan-1757737288804-838038623.jpeg'
    },
    ipAddress: '::1',
    userAgent: 'Mozilla/5.0 (Windows NT 10.0; Win64; x64) AppleWebKit/537.36 (KHTML, like Gecko) Chrome/140.0.0.0 Safari/537.36',
    success: true
  },
  level: 'error',
  message: 'Failed to log audit event',
  timestamp: '2025-09-13 09:51:28'
}
{
  service: 'pather-khonje-api',
  error: 'AuditLog validation failed: action: `UPLOAD` is not a valid enum value for path `action`.',
  data: {
    action: 'UPLOAD',
    resource: 'IMAGE',
    userId: new ObjectId("68c4ba80869f5fde8f5ea341"),
    details: {
      filename: 'rajasthan-1757737289273-416553056.jpeg',
      imageUrl: 'http://localhost:5000/uploads/packages/rajasthan-1757737289273-416553056.jpeg',
      relativeUrl: '/uploads/packages/rajasthan-1757737289273-416553056.jpeg'
    },
    ipAddress: '::1',
    userAgent: 'Mozilla/5.0 (Windows NT 10.0; Win64; x64) AppleWebKit/537.36 (KHTML, like Gecko) Chrome/140.0.0.0 Safari/537.36',
    success: true
  },
  level: 'error',
  message: 'Failed to log audit event',
  timestamp: '2025-09-13 09:51:29'
}
{
  service: 'pather-khonje-api',
  error: 'AuditLog validation failed: action: `UPLOAD` is not a valid enum value for path `action`.',
  data: {
    action: 'UPLOAD',
    resource: 'IMAGE',
    userId: new ObjectId("68c4ba80869f5fde8f5ea341"),
    details: {
      filename: 'kashmir-1757737525805-119691767.jpeg',
      imageUrl: 'http://localhost:5000/uploads/packages/kashmir-1757737525805-119691767.jpeg',
      relativeUrl: '/uploads/packages/kashmir-1757737525805-119691767.jpeg'
    },
    ipAddress: '::1',
    userAgent: 'Mozilla/5.0 (Windows NT 10.0; Win64; x64) AppleWebKit/537.36 (KHTML, like Gecko) Chrome/140.0.0.0 Safari/537.36',
    success: true
  },
  level: 'error',
  message: 'Failed to log audit event',
  timestamp: '2025-09-13 09:55:25'
}
{
  service: 'pather-khonje-api',
  error: 'Package validation failed: rating: Rating cannot exceed 5',
  level: 'error',
  message: 'Create package error',
  timestamp: '2025-09-13 09:55:25'
}
{
  service: 'pather-khonje-api',
  error: 'AuditLog validation failed: action: `UPLOAD` is not a valid enum value for path `action`.',
  data: {
    action: 'UPLOAD',
    resource: 'IMAGE',
    userId: new ObjectId("68c4ba80869f5fde8f5ea341"),
    details: {
      filename: 'kashmir-1757737640487-935163368.jpeg',
      imageUrl: 'http://localhost:5000/uploads/packages/kashmir-1757737640487-935163368.jpeg',
      relativeUrl: '/uploads/packages/kashmir-1757737640487-935163368.jpeg'
    },
    ipAddress: '::1',
    userAgent: 'Mozilla/5.0 (Windows NT 10.0; Win64; x64) AppleWebKit/537.36 (KHTML, like Gecko) Chrome/140.0.0.0 Safari/537.36',
    success: true
  },
  level: 'error',
  message: 'Failed to log audit event',
  timestamp: '2025-09-13 09:57:20'
}
{
  service: 'pather-khonje-api',
  error: 'AuditLog validation failed: action: `UPLOAD` is not a valid enum value for path `action`.',
  data: {
    action: 'UPLOAD',
    resource: 'IMAGE',
    userId: new ObjectId("68c4ba80869f5fde8f5ea341"),
    details: {
      filename: 'himalaya-1757738916781-229926097.jpg',
      imageUrl: 'http://localhost:5000/uploads/packages/himalaya-1757738916781-229926097.jpg',
      relativeUrl: '/uploads/packages/himalaya-1757738916781-229926097.jpg'
    },
    ipAddress: '::1',
    userAgent: 'Mozilla/5.0 (Windows NT 10.0; Win64; x64) AppleWebKit/537.36 (KHTML, like Gecko) Chrome/140.0.0.0 Safari/537.36',
    success: true
  },
  level: 'error',
  message: 'Failed to log audit event',
  timestamp: '2025-09-13 10:18:36'
}
{
  service: 'pather-khonje-api',
  error: 'AuditLog validation failed: action: `UPLOAD` is not a valid enum value for path `action`.',
  data: {
    action: 'UPLOAD',
    resource: 'IMAGE',
    userId: new ObjectId("68c4ba80869f5fde8f5ea341"),
    details: {
      filename: 'himalaya-1757738927903-473175767.jpg',
      imageUrl: 'http://localhost:5000/uploads/packages/himalaya-1757738927903-473175767.jpg',
      relativeUrl: '/uploads/packages/himalaya-1757738927903-473175767.jpg'
    },
    ipAddress: '::1',
    userAgent: 'Mozilla/5.0 (Windows NT 10.0; Win64; x64) AppleWebKit/537.36 (KHTML, like Gecko) Chrome/140.0.0.0 Safari/537.36',
    success: true
  },
  level: 'error',
  message: 'Failed to log audit event',
  timestamp: '2025-09-13 10:18:47'
}
{
  service: 'pather-khonje-api',
  error: 'AuditLog validation failed: action: `UPLOAD` is not a valid enum value for path `action`.',
  data: {
    action: 'UPLOAD',
    resource: 'IMAGE',
    userId: new ObjectId("68c4ba80869f5fde8f5ea341"),
    details: {
      filename: 'manali-1757740280528-217777504.jpg',
      originalName: 'manali.jpg',
      size: 98746,
      imageUrl: 'http://localhost:5000/uploads/places/manali-1757740280528-217777504.jpg',
      relativeUrl: '/uploads/places/manali-1757740280528-217777504.jpg'
    },
    ipAddress: '::1',
    userAgent: 'Mozilla/5.0 (Windows NT 10.0; Win64; x64) AppleWebKit/537.36 (KHTML, like Gecko) Chrome/140.0.0.0 Safari/537.36',
    success: true
  },
  level: 'error',
  message: 'Failed to log audit event',
  timestamp: '2025-09-13 10:41:20'
}
{
  service: 'pather-khonje-api',
  error: 'AuditLog validation failed: action: `UPLOAD` is not a valid enum value for path `action`.',
  data: {
    action: 'UPLOAD',
    resource: 'IMAGES',
    userId: new ObjectId("68c4ba80869f5fde8f5ea341"),
    details: {
      fileCount: 1,
      files: [ 'darjeeling-1757740349275-318604716.jpg' ]
    },
    ipAddress: '::1',
    userAgent: 'Mozilla/5.0 (Windows NT 10.0; Win64; x64) AppleWebKit/537.36 (KHTML, like Gecko) Chrome/140.0.0.0 Safari/537.36',
    success: true
  },
  level: 'error',
  message: 'Failed to log audit event',
  timestamp: '2025-09-13 10:42:29'
}
{
  service: 'pather-khonje-api',
  error: 'AuditLog validation failed: action: `UPLOAD` is not a valid enum value for path `action`.',
  data: {
    action: 'UPLOAD',
    resource: 'IMAGE',
    userId: new ObjectId("68c4ba80869f5fde8f5ea341"),
    details: {
      filename: 'rishikesh-1757740453538-120765265.jpg',
      imageUrl: 'http://localhost:5000/uploads/packages/rishikesh-1757740453538-120765265.jpg',
      relativeUrl: '/uploads/packages/rishikesh-1757740453538-120765265.jpg'
    },
    ipAddress: '::1',
    userAgent: 'Mozilla/5.0 (Windows NT 10.0; Win64; x64) AppleWebKit/537.36 (KHTML, like Gecko) Chrome/140.0.0.0 Safari/537.36',
    success: true
  },
  level: 'error',
  message: 'Failed to log audit event',
  timestamp: '2025-09-13 10:44:13'
}
