{
  error: MongooseError: Connection.prototype.close() no longer accepts a callback
      at NativeConnection.close (D:\CodeFlare Labs\Pather Khonje1\backend\node_modules\mongoose\lib\connection.js:856:11)
      at gracefulShutdown (D:\CodeFlare Labs\Pather Khonje1\backend\server.js:426:23)
      at process.<anonymous> (D:\CodeFlare Labs\Pather Khonje1\backend\server.js:439:28)
      at process.emit (node:events:518:28),
  level: 'error',
  message: 'unhandledRejection: Connection.prototype.close() no longer accepts a callback\n' +
    'MongooseError: Connection.prototype.close() no longer accepts a callback\n' +
    '    at NativeConnection.close (D:\\CodeFlare Labs\\Pather Khonje1\\backend\\node_modules\\mongoose\\lib\\connection.js:856:11)\n' +
    '    at gracefulShutdown (D:\\CodeFlare Labs\\Pather Khonje1\\backend\\server.js:426:23)\n' +
    '    at process.<anonymous> (D:\\CodeFlare Labs\\Pather Khonje1\\backend\\server.js:439:28)\n' +
    '    at process.emit (node:events:518:28)',
  stack: 'MongooseError: Connection.prototype.close() no longer accepts a callback\n' +
    '    at NativeConnection.close (D:\\CodeFlare Labs\\Pather Khonje1\\backend\\node_modules\\mongoose\\lib\\connection.js:856:11)\n' +
    '    at gracefulShutdown (D:\\CodeFlare Labs\\Pather Khonje1\\backend\\server.js:426:23)\n' +
    '    at process.<anonymous> (D:\\CodeFlare Labs\\Pather Khonje1\\backend\\server.js:439:28)\n' +
    '    at process.emit (node:events:518:28)',
  rejection: true,
  date: 'Thu Sep 11 2025 06:10:30 GMT+0530 (India Standard Time)',
  process: {
    pid: 4328,
    uid: null,
    gid: null,
    cwd: 'D:\\CodeFlare Labs\\Pather Khonje1\\backend',
    execPath: 'D:\\Web dev. practice\\node.exe',
    version: 'v22.18.0',
    argv: [
      'D:\\Web dev. practice\\node.exe',
      'D:\\CodeFlare Labs\\Pather Khonje1\\backend\\server.js'
    ],
    memoryUsage: {
      rss: 77639680,
      heapTotal: 36421632,
      heapUsed: 32312496,
      external: 38670305,
      arrayBuffers: 36180748
    }
  },
  os: { loadavg: [ 0, 0, 0 ], uptime: 67458.828 },
  trace: [
    {
      column: 11,
      file: 'D:\\CodeFlare Labs\\Pather Khonje1\\backend\\node_modules\\mongoose\\lib\\connection.js',
      function: 'NativeConnection.close',
      line: 856,
      method: 'close',
      native: false
    },
    {
      column: 23,
      file: 'D:\\CodeFlare Labs\\Pather Khonje1\\backend\\server.js',
      function: 'gracefulShutdown',
      line: 426,
      method: null,
      native: false
    },
    {
      column: 28,
      file: 'D:\\CodeFlare Labs\\Pather Khonje1\\backend\\server.js',
      function: null,
      line: 439,
      method: null,
      native: false
    },
    {
      column: 28,
      file: 'node:events',
      function: 'process.emit',
      line: 518,
      method: 'emit',
      native: false
    }
  ],
  service: 'pather-khonje-api',
  timestamp: '2025-09-11 06:10:30'
}
{
  error: MongooseError: Connection.prototype.close() no longer accepts a callback
      at NativeConnection.close (D:\CodeFlare Labs\Pather Khonje1\backend\node_modules\mongoose\lib\connection.js:856:11)
      at gracefulShutdown (D:\CodeFlare Labs\Pather Khonje1\backend\server.js:426:23)
      at process.<anonymous> (D:\CodeFlare Labs\Pather Khonje1\backend\server.js:439:28)
      at process.emit (node:events:518:28),
  level: 'error',
  message: 'unhandledRejection: Connection.prototype.close() no longer accepts a callback\n' +
    'MongooseError: Connection.prototype.close() no longer accepts a callback\n' +
    '    at NativeConnection.close (D:\\CodeFlare Labs\\Pather Khonje1\\backend\\node_modules\\mongoose\\lib\\connection.js:856:11)\n' +
    '    at gracefulShutdown (D:\\CodeFlare Labs\\Pather Khonje1\\backend\\server.js:426:23)\n' +
    '    at process.<anonymous> (D:\\CodeFlare Labs\\Pather Khonje1\\backend\\server.js:439:28)\n' +
    '    at process.emit (node:events:518:28)',
  stack: 'MongooseError: Connection.prototype.close() no longer accepts a callback\n' +
    '    at NativeConnection.close (D:\\CodeFlare Labs\\Pather Khonje1\\backend\\node_modules\\mongoose\\lib\\connection.js:856:11)\n' +
    '    at gracefulShutdown (D:\\CodeFlare Labs\\Pather Khonje1\\backend\\server.js:426:23)\n' +
    '    at process.<anonymous> (D:\\CodeFlare Labs\\Pather Khonje1\\backend\\server.js:439:28)\n' +
    '    at process.emit (node:events:518:28)',
  rejection: true,
  date: 'Thu Sep 11 2025 06:12:29 GMT+0530 (India Standard Time)',
  process: {
    pid: 5948,
    uid: null,
    gid: null,
    cwd: 'D:\\CodeFlare Labs\\Pather Khonje1\\backend',
    execPath: 'D:\\Web dev. practice\\node.exe',
    version: 'v22.18.0',
    argv: [
      'D:\\Web dev. practice\\node.exe',
      'D:\\CodeFlare Labs\\Pather Khonje1\\backend\\server.js'
    ],
    memoryUsage: {
      rss: 77725696,
      heapTotal: 35110912,
      heapUsed: 32905408,
      external: 38670305,
      arrayBuffers: 36194479
    }
  },
  os: { loadavg: [ 0, 0, 0 ], uptime: 67577.125 },
  trace: [
    {
      column: 11,
      file: 'D:\\CodeFlare Labs\\Pather Khonje1\\backend\\node_modules\\mongoose\\lib\\connection.js',
      function: 'NativeConnection.close',
      line: 856,
      method: 'close',
      native: false
    },
    {
      column: 23,
      file: 'D:\\CodeFlare Labs\\Pather Khonje1\\backend\\server.js',
      function: 'gracefulShutdown',
      line: 426,
      method: null,
      native: false
    },
    {
      column: 28,
      file: 'D:\\CodeFlare Labs\\Pather Khonje1\\backend\\server.js',
      function: null,
      line: 439,
      method: null,
      native: false
    },
    {
      column: 28,
      file: 'node:events',
      function: 'process.emit',
      line: 518,
      method: 'emit',
      native: false
    }
  ],
  service: 'pather-khonje-api',
  timestamp: '2025-09-11 06:12:29'
}
{
  error: MongooseError: Connection.prototype.close() no longer accepts a callback
      at NativeConnection.close (D:\CodeFlare Labs\Pather Khonje1\backend\node_modules\mongoose\lib\connection.js:856:11)
      at gracefulShutdown (D:\CodeFlare Labs\Pather Khonje1\backend\server.js:426:23)
      at process.<anonymous> (D:\CodeFlare Labs\Pather Khonje1\backend\server.js:439:28)
      at process.emit (node:events:518:28),
  level: 'error',
  message: 'unhandledRejection: Connection.prototype.close() no longer accepts a callback\n' +
    'MongooseError: Connection.prototype.close() no longer accepts a callback\n' +
    '    at NativeConnection.close (D:\\CodeFlare Labs\\Pather Khonje1\\backend\\node_modules\\mongoose\\lib\\connection.js:856:11)\n' +
    '    at gracefulShutdown (D:\\CodeFlare Labs\\Pather Khonje1\\backend\\server.js:426:23)\n' +
    '    at process.<anonymous> (D:\\CodeFlare Labs\\Pather Khonje1\\backend\\server.js:439:28)\n' +
    '    at process.emit (node:events:518:28)',
  stack: 'MongooseError: Connection.prototype.close() no longer accepts a callback\n' +
    '    at NativeConnection.close (D:\\CodeFlare Labs\\Pather Khonje1\\backend\\node_modules\\mongoose\\lib\\connection.js:856:11)\n' +
    '    at gracefulShutdown (D:\\CodeFlare Labs\\Pather Khonje1\\backend\\server.js:426:23)\n' +
    '    at process.<anonymous> (D:\\CodeFlare Labs\\Pather Khonje1\\backend\\server.js:439:28)\n' +
    '    at process.emit (node:events:518:28)',
  rejection: true,
  date: 'Thu Sep 11 2025 06:20:43 GMT+0530 (India Standard Time)',
  process: {
    pid: 22088,
    uid: null,
    gid: null,
    cwd: 'D:\\CodeFlare Labs\\Pather Khonje1\\backend',
    execPath: 'D:\\Web dev. practice\\node.exe',
    version: 'v22.18.0',
    argv: [
      'D:\\Web dev. practice\\node.exe',
      'D:\\CodeFlare Labs\\Pather Khonje1\\backend\\server.js'
    ],
    memoryUsage: {
      rss: 76357632,
      heapTotal: 36421632,
      heapUsed: 32227552,
      external: 38680448,
      arrayBuffers: 36156172
    }
  },
  os: { loadavg: [ 0, 0, 0 ], uptime: 68071.859 },
  trace: [
    {
      column: 11,
      file: 'D:\\CodeFlare Labs\\Pather Khonje1\\backend\\node_modules\\mongoose\\lib\\connection.js',
      function: 'NativeConnection.close',
      line: 856,
      method: 'close',
      native: false
    },
    {
      column: 23,
      file: 'D:\\CodeFlare Labs\\Pather Khonje1\\backend\\server.js',
      function: 'gracefulShutdown',
      line: 426,
      method: null,
      native: false
    },
    {
      column: 28,
      file: 'D:\\CodeFlare Labs\\Pather Khonje1\\backend\\server.js',
      function: null,
      line: 439,
      method: null,
      native: false
    },
    {
      column: 28,
      file: 'node:events',
      function: 'process.emit',
      line: 518,
      method: 'emit',
      native: false
    }
  ],
  service: 'pather-khonje-api',
  timestamp: '2025-09-11 06:20:43'
}
{
  error: MongooseError: Connection.prototype.close() no longer accepts a callback
      at NativeConnection.close (D:\CodeFlare Labs\pather-khonje\backend\node_modules\mongoose\lib\connection.js:856:11)
      at gracefulShutdown (D:\CodeFlare Labs\pather-khonje\backend\server.js:423:23)
      at process.<anonymous> (D:\CodeFlare Labs\pather-khonje\backend\server.js:436:28)
      at process.emit (node:events:518:28),
  level: 'error',
  message: 'unhandledRejection: Connection.prototype.close() no longer accepts a callback\n' +
    'MongooseError: Connection.prototype.close() no longer accepts a callback\n' +
    '    at NativeConnection.close (D:\\CodeFlare Labs\\pather-khonje\\backend\\node_modules\\mongoose\\lib\\connection.js:856:11)\n' +
    '    at gracefulShutdown (D:\\CodeFlare Labs\\pather-khonje\\backend\\server.js:423:23)\n' +
    '    at process.<anonymous> (D:\\CodeFlare Labs\\pather-khonje\\backend\\server.js:436:28)\n' +
    '    at process.emit (node:events:518:28)',
  stack: 'MongooseError: Connection.prototype.close() no longer accepts a callback\n' +
    '    at NativeConnection.close (D:\\CodeFlare Labs\\pather-khonje\\backend\\node_modules\\mongoose\\lib\\connection.js:856:11)\n' +
    '    at gracefulShutdown (D:\\CodeFlare Labs\\pather-khonje\\backend\\server.js:423:23)\n' +
    '    at process.<anonymous> (D:\\CodeFlare Labs\\pather-khonje\\backend\\server.js:436:28)\n' +
    '    at process.emit (node:events:518:28)',
  rejection: true,
  date: 'Sat Sep 13 2025 06:17:08 GMT+0530 (India Standard Time)',
  process: {
    pid: 17604,
    uid: null,
    gid: null,
    cwd: 'D:\\CodeFlare Labs\\pather-khonje\\backend',
    execPath: 'D:\\Web dev. practice\\node.exe',
    version: 'v22.18.0',
    argv: [
      'D:\\Web dev. practice\\node.exe',
      'D:\\CodeFlare Labs\\pather-khonje\\backend\\server.js'
    ],
    memoryUsage: {
      rss: 81694720,
      heapTotal: 36159488,
      heapUsed: 32475520,
      external: 38670249,
      arrayBuffers: 36194423
    }
  },
  os: { loadavg: [ 0, 0, 0 ], uptime: 16252.125 },
  trace: [
    {
      column: 11,
      file: 'D:\\CodeFlare Labs\\pather-khonje\\backend\\node_modules\\mongoose\\lib\\connection.js',
      function: 'NativeConnection.close',
      line: 856,
      method: 'close',
      native: false
    },
    {
      column: 23,
      file: 'D:\\CodeFlare Labs\\pather-khonje\\backend\\server.js',
      function: 'gracefulShutdown',
      line: 423,
      method: null,
      native: false
    },
    {
      column: 28,
      file: 'D:\\CodeFlare Labs\\pather-khonje\\backend\\server.js',
      function: null,
      line: 436,
      method: null,
      native: false
    },
    {
      column: 28,
      file: 'node:events',
      function: 'process.emit',
      line: 518,
      method: 'emit',
      native: false
    }
  ],
  service: 'pather-khonje-api',
  timestamp: '2025-09-13 06:17:08'
}
{
  error: MongooseError: Connection.prototype.close() no longer accepts a callback
      at NativeConnection.close (D:\CodeFlare Labs\pather-khonje\backend\node_modules\mongoose\lib\connection.js:856:11)
      at gracefulShutdown (D:\CodeFlare Labs\pather-khonje\backend\server.js:425:23)
      at process.<anonymous> (D:\CodeFlare Labs\pather-khonje\backend\server.js:438:28)
      at process.emit (node:events:518:28),
  level: 'error',
  message: 'unhandledRejection: Connection.prototype.close() no longer accepts a callback\n' +
    'MongooseError: Connection.prototype.close() no longer accepts a callback\n' +
    '    at NativeConnection.close (D:\\CodeFlare Labs\\pather-khonje\\backend\\node_modules\\mongoose\\lib\\connection.js:856:11)\n' +
    '    at gracefulShutdown (D:\\CodeFlare Labs\\pather-khonje\\backend\\server.js:425:23)\n' +
    '    at process.<anonymous> (D:\\CodeFlare Labs\\pather-khonje\\backend\\server.js:438:28)\n' +
    '    at process.emit (node:events:518:28)',
  stack: 'MongooseError: Connection.prototype.close() no longer accepts a callback\n' +
    '    at NativeConnection.close (D:\\CodeFlare Labs\\pather-khonje\\backend\\node_modules\\mongoose\\lib\\connection.js:856:11)\n' +
    '    at gracefulShutdown (D:\\CodeFlare Labs\\pather-khonje\\backend\\server.js:425:23)\n' +
    '    at process.<anonymous> (D:\\CodeFlare Labs\\pather-khonje\\backend\\server.js:438:28)\n' +
    '    at process.emit (node:events:518:28)',
  rejection: true,
  date: 'Sat Sep 13 2025 06:34:27 GMT+0530 (India Standard Time)',
  process: {
    pid: 22944,
    uid: null,
    gid: null,
    cwd: 'D:\\CodeFlare Labs\\pather-khonje\\backend',
    execPath: 'D:\\Web dev. practice\\node.exe',
    version: 'v22.18.0',
    argv: [
      'D:\\Web dev. practice\\node.exe',
      'D:\\CodeFlare Labs\\pather-khonje\\backend\\server.js'
    ],
    memoryUsage: {
      rss: 96313344,
      heapTotal: 64471040,
      heapUsed: 38520936,
      external: 38731440,
      arrayBuffers: 36208809
    }
  },
  os: { loadavg: [ 0, 0, 0 ], uptime: 17292.093 },
  trace: [
    {
      column: 11,
      file: 'D:\\CodeFlare Labs\\pather-khonje\\backend\\node_modules\\mongoose\\lib\\connection.js',
      function: 'NativeConnection.close',
      line: 856,
      method: 'close',
      native: false
    },
    {
      column: 23,
      file: 'D:\\CodeFlare Labs\\pather-khonje\\backend\\server.js',
      function: 'gracefulShutdown',
      line: 425,
      method: null,
      native: false
    },
    {
      column: 28,
      file: 'D:\\CodeFlare Labs\\pather-khonje\\backend\\server.js',
      function: null,
      line: 438,
      method: null,
      native: false
    },
    {
      column: 28,
      file: 'node:events',
      function: 'process.emit',
      line: 518,
      method: 'emit',
      native: false
    }
  ],
  service: 'pather-khonje-api',
  timestamp: '2025-09-13 06:34:27'
}
{
  error: MongooseError: Connection.prototype.close() no longer accepts a callback
      at NativeConnection.close (D:\CodeFlare Labs\pather-khonje\backend\node_modules\mongoose\lib\connection.js:856:11)
      at gracefulShutdown (D:\CodeFlare Labs\pather-khonje\backend\server.js:432:23)
      at process.<anonymous> (D:\CodeFlare Labs\pather-khonje\backend\server.js:445:28)
      at process.emit (node:events:518:28),
  level: 'error',
  message: 'unhandledRejection: Connection.prototype.close() no longer accepts a callback\n' +
    'MongooseError: Connection.prototype.close() no longer accepts a callback\n' +
    '    at NativeConnection.close (D:\\CodeFlare Labs\\pather-khonje\\backend\\node_modules\\mongoose\\lib\\connection.js:856:11)\n' +
    '    at gracefulShutdown (D:\\CodeFlare Labs\\pather-khonje\\backend\\server.js:432:23)\n' +
    '    at process.<anonymous> (D:\\CodeFlare Labs\\pather-khonje\\backend\\server.js:445:28)\n' +
    '    at process.emit (node:events:518:28)',
  stack: 'MongooseError: Connection.prototype.close() no longer accepts a callback\n' +
    '    at NativeConnection.close (D:\\CodeFlare Labs\\pather-khonje\\backend\\node_modules\\mongoose\\lib\\connection.js:856:11)\n' +
    '    at gracefulShutdown (D:\\CodeFlare Labs\\pather-khonje\\backend\\server.js:432:23)\n' +
    '    at process.<anonymous> (D:\\CodeFlare Labs\\pather-khonje\\backend\\server.js:445:28)\n' +
    '    at process.emit (node:events:518:28)',
  rejection: true,
  date: 'Sat Sep 13 2025 07:16:17 GMT+0530 (India Standard Time)',
  process: {
    pid: 10912,
    uid: null,
    gid: null,
    cwd: 'D:\\CodeFlare Labs\\pather-khonje\\backend',
    execPath: 'D:\\Web dev. practice\\node.exe',
    version: 'v22.18.0',
    argv: [
      'D:\\Web dev. practice\\node.exe',
      'D:\\CodeFlare Labs\\pather-khonje\\backend\\server.js'
    ],
    memoryUsage: {
      rss: 78073856,
      heapTotal: 36159488,
      heapUsed: 33333656,
      external: 38686745,
      arrayBuffers: 36210919
    }
  },
  os: { loadavg: [ 0, 0, 0 ], uptime: 19801.937 },
  trace: [
    {
      column: 11,
      file: 'D:\\CodeFlare Labs\\pather-khonje\\backend\\node_modules\\mongoose\\lib\\connection.js',
      function: 'NativeConnection.close',
      line: 856,
      method: 'close',
      native: false
    },
    {
      column: 23,
      file: 'D:\\CodeFlare Labs\\pather-khonje\\backend\\server.js',
      function: 'gracefulShutdown',
      line: 432,
      method: null,
      native: false
    },
    {
      column: 28,
      file: 'D:\\CodeFlare Labs\\pather-khonje\\backend\\server.js',
      function: null,
      line: 445,
      method: null,
      native: false
    },
    {
      column: 28,
      file: 'node:events',
      function: 'process.emit',
      line: 518,
      method: 'emit',
      native: false
    }
  ],
  service: 'pather-khonje-api',
  timestamp: '2025-09-13 07:16:17'
}
