{
  service: 'pather-khonje-api',
  port: 5000,
  environment: 'development',
  frontendUrl: 'http://localhost:5173',
  level: 'info',
  message: 'Server started',
  timestamp: '2025-09-11 06:05:49'
}
{
  service: 'pather-khonje-api',
  status: 'success',
  details: {
    host: 'ac-3mgzvqw-shard-00-01.lcdyqov.mongodb.net',
    name: 'test',
    readyState: 1
  },
  level: 'info',
  message: 'Database connection',
  timestamp: '2025-09-11 06:05:50'
}
{
  service: 'pather-khonje-api',
  level: 'info',
  message: 'Database indexes created successfully',
  timestamp: '2025-09-11 06:05:51'
}
{
  service: 'pather-khonje-api',
  email: 'admin@patherkhonje.com',
  level: 'info',
  message: 'Admin user already exists',
  timestamp: '2025-09-11 06:05:51'
}
{
  service: 'pather-khonje-api',
  port: 5000,
  environment: 'development',
  frontendUrl: 'http://localhost:5173',
  level: 'info',
  message: 'Server started',
  timestamp: '2025-09-11 06:06:02'
}
{
  service: 'pather-khonje-api',
  status: 'success',
  details: {
    host: 'ac-3mgzvqw-shard-00-02.lcdyqov.mongodb.net',
    name: 'test',
    readyState: 1
  },
  level: 'info',
  message: 'Database connection',
  timestamp: '2025-09-11 06:06:03'
}
{
  service: 'pather-khonje-api',
  level: 'info',
  message: 'Database indexes created successfully',
  timestamp: '2025-09-11 06:06:04'
}
{
  service: 'pather-khonje-api',
  email: 'admin@patherkhonje.com',
  level: 'info',
  message: 'Admin user already exists',
  timestamp: '2025-09-11 06:06:04'
}
{
  service: 'pather-khonje-api',
  port: 5000,
  environment: 'development',
  frontendUrl: 'http://localhost:5173',
  level: 'info',
  message: 'Server started',
  timestamp: '2025-09-11 06:06:33'
}
{
  service: 'pather-khonje-api',
  status: 'success',
  details: {
    host: 'ac-3mgzvqw-shard-00-01.lcdyqov.mongodb.net',
    name: 'test',
    readyState: 1
  },
  level: 'info',
  message: 'Database connection',
  timestamp: '2025-09-11 06:06:34'
}
{
  service: 'pather-khonje-api',
  level: 'info',
  message: 'Database indexes created successfully',
  timestamp: '2025-09-11 06:06:35'
}
{
  service: 'pather-khonje-api',
  email: 'admin@patherkhonje.com',
  level: 'info',
  message: 'Admin user already exists',
  timestamp: '2025-09-11 06:06:35'
}
{
  service: 'pather-khonje-api',
  port: 5000,
  environment: 'development',
  frontendUrl: 'http://localhost:5173',
  level: 'info',
  message: 'Server started',
  timestamp: '2025-09-11 06:06:52'
}
{
  service: 'pather-khonje-api',
  status: 'success',
  details: {
    host: 'ac-3mgzvqw-shard-00-00.lcdyqov.mongodb.net',
    name: 'test',
    readyState: 1
  },
  level: 'info',
  message: 'Database connection',
  timestamp: '2025-09-11 06:06:53'
}
{
  service: 'pather-khonje-api',
  level: 'info',
  message: 'Database indexes created successfully',
  timestamp: '2025-09-11 06:06:54'
}
{
  service: 'pather-khonje-api',
  email: 'admin@patherkhonje.com',
  level: 'info',
  message: 'Admin user already exists',
  timestamp: '2025-09-11 06:06:54'
}
{
  service: 'pather-khonje-api',
  port: 5000,
  environment: 'development',
  frontendUrl: 'http://localhost:5173',
  level: 'info',
  message: 'Server started',
  timestamp: '2025-09-11 06:07:09'
}
{
  service: 'pather-khonje-api',
  status: 'success',
  details: {
    host: 'ac-3mgzvqw-shard-00-02.lcdyqov.mongodb.net',
    name: 'test',
    readyState: 1
  },
  level: 'info',
  message: 'Database connection',
  timestamp: '2025-09-11 06:07:10'
}
{
  service: 'pather-khonje-api',
  level: 'info',
  message: 'Database indexes created successfully',
  timestamp: '2025-09-11 06:07:11'
}
{
  service: 'pather-khonje-api',
  email: 'admin@patherkhonje.com',
  level: 'info',
  message: 'Admin user already exists',
  timestamp: '2025-09-11 06:07:11'
}
{
  service: 'pather-khonje-api',
  port: 5000,
  environment: 'development',
  frontendUrl: 'http://localhost:5173',
  level: 'info',
  message: 'Server started',
  timestamp: '2025-09-11 06:07:21'
}
{
  service: 'pather-khonje-api',
  status: 'success',
  details: {
    host: 'ac-3mgzvqw-shard-00-00.lcdyqov.mongodb.net',
    name: 'test',
    readyState: 1
  },
  level: 'info',
  message: 'Database connection',
  timestamp: '2025-09-11 06:07:22'
}
{
  service: 'pather-khonje-api',
  level: 'info',
  message: 'Database indexes created successfully',
  timestamp: '2025-09-11 06:07:24'
}
{
  service: 'pather-khonje-api',
  email: 'admin@patherkhonje.com',
  level: 'info',
  message: 'Admin user already exists',
  timestamp: '2025-09-11 06:07:24'
}
{
  service: 'pather-khonje-api',
  port: 5000,
  environment: 'development',
  frontendUrl: 'http://localhost:5173',
  level: 'info',
  message: 'Server started',
  timestamp: '2025-09-11 06:07:31'
}
{
  service: 'pather-khonje-api',
  status: 'success',
  details: {
    host: 'ac-3mgzvqw-shard-00-02.lcdyqov.mongodb.net',
    name: 'test',
    readyState: 1
  },
  level: 'info',
  message: 'Database connection',
  timestamp: '2025-09-11 06:07:31'
}
{
  service: 'pather-khonje-api',
  level: 'info',
  message: 'Database indexes created successfully',
  timestamp: '2025-09-11 06:07:32'
}
{
  service: 'pather-khonje-api',
  email: 'admin@patherkhonje.com',
  level: 'info',
  message: 'Admin user already exists',
  timestamp: '2025-09-11 06:07:32'
}
{
  service: 'pather-khonje-api',
  port: 5000,
  environment: 'development',
  frontendUrl: 'http://localhost:5173',
  level: 'info',
  message: 'Server started',
  timestamp: '2025-09-11 06:07:44'
}
{
  service: 'pather-khonje-api',
  status: 'success',
  details: {
    host: 'ac-3mgzvqw-shard-00-01.lcdyqov.mongodb.net',
    name: 'test',
    readyState: 1
  },
  level: 'info',
  message: 'Database connection',
  timestamp: '2025-09-11 06:07:45'
}
{
  service: 'pather-khonje-api',
  level: 'info',
  message: 'Database indexes created successfully',
  timestamp: '2025-09-11 06:07:46'
}
{
  service: 'pather-khonje-api',
  email: 'admin@patherkhonje.com',
  level: 'info',
  message: 'Admin user already exists',
  timestamp: '2025-09-11 06:07:46'
}
{
  service: 'pather-khonje-api',
  port: 5000,
  environment: 'development',
  frontendUrl: 'http://localhost:5173',
  level: 'info',
  message: 'Server started',
  timestamp: '2025-09-11 06:08:10'
}
{
  service: 'pather-khonje-api',
  status: 'success',
  details: {
    host: 'ac-3mgzvqw-shard-00-00.lcdyqov.mongodb.net',
    name: 'test',
    readyState: 1
  },
  level: 'info',
  message: 'Database connection',
  timestamp: '2025-09-11 06:08:11'
}
{
  service: 'pather-khonje-api',
  port: 5000,
  environment: 'development',
  frontendUrl: 'http://localhost:5173',
  level: 'info',
  message: 'Server started',
  timestamp: '2025-09-11 06:08:15'
}
{
  service: 'pather-khonje-api',
  status: 'success',
  details: {
    host: 'ac-3mgzvqw-shard-00-02.lcdyqov.mongodb.net',
    name: 'test',
    readyState: 1
  },
  level: 'info',
  message: 'Database connection',
  timestamp: '2025-09-11 06:08:16'
}
{
  service: 'pather-khonje-api',
  level: 'info',
  message: 'Database indexes created successfully',
  timestamp: '2025-09-11 06:08:17'
}
{
  service: 'pather-khonje-api',
  email: 'admin@patherkhonje.com',
  level: 'info',
  message: 'Admin user already exists',
  timestamp: '2025-09-11 06:08:18'
}
{
  service: 'pather-khonje-api',
  port: 5000,
  environment: 'development',
  frontendUrl: 'http://localhost:5173',
  level: 'info',
  message: 'Server started',
  timestamp: '2025-09-11 06:08:33'
}
{
  service: 'pather-khonje-api',
  status: 'success',
  details: {
    host: 'ac-3mgzvqw-shard-00-00.lcdyqov.mongodb.net',
    name: 'test',
    readyState: 1
  },
  level: 'info',
  message: 'Database connection',
  timestamp: '2025-09-11 06:08:34'
}
{
  service: 'pather-khonje-api',
  level: 'info',
  message: 'Database indexes created successfully',
  timestamp: '2025-09-11 06:08:36'
}
{
  service: 'pather-khonje-api',
  email: 'admin@patherkhonje.com',
  level: 'info',
  message: 'Admin user already exists',
  timestamp: '2025-09-11 06:08:36'
}
{
  service: 'pather-khonje-api',
  port: 5000,
  environment: 'development',
  frontendUrl: 'http://localhost:5173',
  level: 'info',
  message: 'Server started',
  timestamp: '2025-09-11 06:08:49'
}
{
  service: 'pather-khonje-api',
  status: 'success',
  details: {
    host: 'ac-3mgzvqw-shard-00-01.lcdyqov.mongodb.net',
    name: 'test',
    readyState: 1
  },
  level: 'info',
  message: 'Database connection',
  timestamp: '2025-09-11 06:08:50'
}
{
  service: 'pather-khonje-api',
  level: 'info',
  message: 'Database indexes created successfully',
  timestamp: '2025-09-11 06:08:51'
}
{
  service: 'pather-khonje-api',
  email: 'admin@patherkhonje.com',
  level: 'info',
  message: 'Admin user already exists',
  timestamp: '2025-09-11 06:08:51'
}
{
  service: 'pather-khonje-api',
  port: 5000,
  environment: 'development',
  frontendUrl: 'http://localhost:5173',
  level: 'info',
  message: 'Server started',
  timestamp: '2025-09-11 06:09:01'
}
{
  service: 'pather-khonje-api',
  status: 'success',
  details: {
    host: 'ac-3mgzvqw-shard-00-02.lcdyqov.mongodb.net',
    name: 'test',
    readyState: 1
  },
  level: 'info',
  message: 'Database connection',
  timestamp: '2025-09-11 06:09:02'
}
{
  service: 'pather-khonje-api',
  level: 'info',
  message: 'Database indexes created successfully',
  timestamp: '2025-09-11 06:09:03'
}
{
  service: 'pather-khonje-api',
  email: 'admin@patherkhonje.com',
  level: 'info',
  message: 'Admin user already exists',
  timestamp: '2025-09-11 06:09:03'
}
{
  service: 'pather-khonje-api',
  port: 5000,
  environment: 'development',
  frontendUrl: 'http://localhost:5173',
  level: 'info',
  message: 'Server started',
  timestamp: '2025-09-11 06:10:00'
}
{
  service: 'pather-khonje-api',
  status: 'success',
  details: {
    host: 'ac-3mgzvqw-shard-00-02.lcdyqov.mongodb.net',
    name: 'test',
    readyState: 1
  },
  level: 'info',
  message: 'Database connection',
  timestamp: '2025-09-11 06:10:01'
}
{
  service: 'pather-khonje-api',
  level: 'info',
  message: 'Database indexes created successfully',
  timestamp: '2025-09-11 06:10:03'
}
{
  service: 'pather-khonje-api',
  email: 'admin@patherkhonje.com',
  level: 'info',
  message: 'Admin user already exists',
  timestamp: '2025-09-11 06:10:03'
}
{
  service: 'pather-khonje-api',
  level: 'info',
  message: 'SIGINT received. Shutting down gracefully...',
  timestamp: '2025-09-11 06:10:30'
}
{
  service: 'pather-khonje-api',
  port: 5000,
  environment: 'development',
  frontendUrl: 'http://localhost:5173',
  level: 'info',
  message: 'Server started',
  timestamp: '2025-09-11 06:10:51'
}
{
  service: 'pather-khonje-api',
  status: 'success',
  details: {
    host: 'ac-3mgzvqw-shard-00-02.lcdyqov.mongodb.net',
    name: 'test',
    readyState: 1
  },
  level: 'info',
  message: 'Database connection',
  timestamp: '2025-09-11 06:10:52'
}
{
  service: 'pather-khonje-api',
  level: 'info',
  message: 'Database indexes created successfully',
  timestamp: '2025-09-11 06:10:53'
}
{
  service: 'pather-khonje-api',
  email: 'admin@patherkhonje.com',
  level: 'info',
  message: 'Admin user already exists',
  timestamp: '2025-09-11 06:10:53'
}
{
  service: 'pather-khonje-api',
  port: 5000,
  environment: 'development',
  frontendUrl: 'http://localhost:5173',
  level: 'info',
  message: 'Server started',
  timestamp: '2025-09-11 06:10:58'
}
{
  service: 'pather-khonje-api',
  status: 'success',
  details: {
    host: 'ac-3mgzvqw-shard-00-00.lcdyqov.mongodb.net',
    name: 'test',
    readyState: 1
  },
  level: 'info',
  message: 'Database connection',
  timestamp: '2025-09-11 06:10:59'
}
{
  service: 'pather-khonje-api',
  level: 'info',
  message: 'Database indexes created successfully',
  timestamp: '2025-09-11 06:11:00'
}
{
  service: 'pather-khonje-api',
  email: 'admin@patherkhonje.com',
  level: 'info',
  message: 'Admin user already exists',
  timestamp: '2025-09-11 06:11:00'
}
{
  service: 'pather-khonje-api',
  port: 5000,
  environment: 'development',
  frontendUrl: 'http://localhost:5173',
  level: 'info',
  message: 'Server started',
  timestamp: '2025-09-11 06:11:23'
}
{
  service: 'pather-khonje-api',
  status: 'success',
  details: {
    host: 'ac-3mgzvqw-shard-00-01.lcdyqov.mongodb.net',
    name: 'test',
    readyState: 1
  },
  level: 'info',
  message: 'Database connection',
  timestamp: '2025-09-11 06:11:23'
}
{
  service: 'pather-khonje-api',
  level: 'info',
  message: 'Database indexes created successfully',
  timestamp: '2025-09-11 06:11:24'
}
{
  service: 'pather-khonje-api',
  email: 'admin@patherkhonje.com',
  level: 'info',
  message: 'Admin user already exists',
  timestamp: '2025-09-11 06:11:25'
}
{
  service: 'pather-khonje-api',
  port: 5000,
  environment: 'development',
  frontendUrl: 'http://localhost:5173',
  level: 'info',
  message: 'Server started',
  timestamp: '2025-09-11 06:12:02'
}
{
  service: 'pather-khonje-api',
  status: 'success',
  details: {
    host: 'ac-3mgzvqw-shard-00-01.lcdyqov.mongodb.net',
    name: 'test',
    readyState: 1
  },
  level: 'info',
  message: 'Database connection',
  timestamp: '2025-09-11 06:12:03'
}
{
  service: 'pather-khonje-api',
  level: 'info',
  message: 'Database indexes created successfully',
  timestamp: '2025-09-11 06:12:04'
}
{
  service: 'pather-khonje-api',
  email: 'admin@patherkhonje.com',
  level: 'info',
  message: 'Admin user already exists',
  timestamp: '2025-09-11 06:12:04'
}
{
  service: 'pather-khonje-api',
  level: 'info',
  message: 'SIGINT received. Shutting down gracefully...',
  timestamp: '2025-09-11 06:12:29'
}
{
  service: 'pather-khonje-api',
  port: 5000,
  environment: 'development',
  frontendUrl: 'http://localhost:5173',
  level: 'info',
  message: 'Server started',
  timestamp: '2025-09-11 06:13:07'
}
{
  service: 'pather-khonje-api',
  status: 'success',
  details: {
    host: 'ac-3mgzvqw-shard-00-02.lcdyqov.mongodb.net',
    name: 'test',
    readyState: 1
  },
  level: 'info',
  message: 'Database connection',
  timestamp: '2025-09-11 06:13:08'
}
{
  service: 'pather-khonje-api',
  level: 'info',
  message: 'Database indexes created successfully',
  timestamp: '2025-09-11 06:13:09'
}
{
  service: 'pather-khonje-api',
  email: 'admin@patherkhonje.com',
  level: 'info',
  message: 'Admin user already exists',
  timestamp: '2025-09-11 06:13:09'
}
{
  service: 'pather-khonje-api',
  port: 5000,
  environment: 'development',
  frontendUrl: 'http://localhost:5173',
  level: 'info',
  message: 'Server started',
  timestamp: '2025-09-11 06:14:23'
}
{
  service: 'pather-khonje-api',
  status: 'success',
  details: {
    host: 'ac-3mgzvqw-shard-00-00.lcdyqov.mongodb.net',
    name: 'test',
    readyState: 1
  },
  level: 'info',
  message: 'Database connection',
  timestamp: '2025-09-11 06:14:24'
}
{
  service: 'pather-khonje-api',
  level: 'info',
  message: 'Database indexes created successfully',
  timestamp: '2025-09-11 06:14:25'
}
{
  service: 'pather-khonje-api',
  email: 'admin@patherkhonje.com',
  level: 'info',
  message: 'Admin user already exists',
  timestamp: '2025-09-11 06:14:25'
}
{
  service: 'pather-khonje-api',
  port: 5000,
  environment: 'development',
  frontendUrl: 'http://localhost:5173',
  level: 'info',
  message: 'Server started',
  timestamp: '2025-09-11 06:14:40'
}
{
  service: 'pather-khonje-api',
  status: 'success',
  details: {
    host: 'ac-3mgzvqw-shard-00-02.lcdyqov.mongodb.net',
    name: 'test',
    readyState: 1
  },
  level: 'info',
  message: 'Database connection',
  timestamp: '2025-09-11 06:14:40'
}
{
  service: 'pather-khonje-api',
  level: 'info',
  message: 'Database indexes created successfully',
  timestamp: '2025-09-11 06:14:41'
}
{
  service: 'pather-khonje-api',
  email: 'admin@patherkhonje.com',
  level: 'info',
  message: 'Admin user already exists',
  timestamp: '2025-09-11 06:14:41'
}
{
  service: 'pather-khonje-api',
  level: 'info',
  message: '::1 - - [11/Sep/2025:00:46:38 +0000] "OPTIONS /api/auth/register HTTP/1.1" 204 0 "http://localhost:5173/" "Mozilla/5.0 (Windows NT 10.0; Win64; x64) AppleWebKit/537.36 (KHTML, like Gecko) Chrome/140.0.0.0 Safari/537.36"',
  timestamp: '2025-09-11 06:16:38'
}
{
  service: 'pather-khonje-api',
  userId: new ObjectId("68c21bef8a259fce202d2a9a"),
  email: 'j2@gmail.com',
  role: 'user',
  isNew: false,
  level: 'info',
  message: 'User saved',
  timestamp: '2025-09-11 06:16:39'
}
{
  service: 'pather-khonje-api',
  error: '"expiresIn" should be a number of seconds or string representing a timespan',
  email: 'j2@gmail.com',
  ip: '::1',
  level: 'error',
  message: 'User registration error',
  timestamp: '2025-09-11 06:16:39'
}
{
  service: 'pather-khonje-api',
  level: 'info',
  message: '::1 - - [11/Sep/2025:00:46:39 +0000] "POST /api/auth/register HTTP/1.1" 500 68 "http://localhost:5173/" "Mozilla/5.0 (Windows NT 10.0; Win64; x64) AppleWebKit/537.36 (KHTML, like Gecko) Chrome/140.0.0.0 Safari/537.36"',
  timestamp: '2025-09-11 06:16:39'
}
{
  service: 'pather-khonje-api',
  userId: new ObjectId("68c21c5c8a259fce202d2a9d"),
  email: 'test@example.com',
  role: 'user',
  isNew: false,
  level: 'info',
  message: 'User saved',
  timestamp: '2025-09-11 06:18:28'
}
{
  service: 'pather-khonje-api',
  error: '"expiresIn" should be a number of seconds or string representing a timespan',
  email: 'test@example.com',
  ip: '::1',
  level: 'error',
  message: 'User registration error',
  timestamp: '2025-09-11 06:18:28'
}
{
  service: 'pather-khonje-api',
  level: 'info',
  message: '::1 - - [11/Sep/2025:00:48:28 +0000] "POST /api/auth/register HTTP/1.1" 500 68 "-" "Mozilla/5.0 (Windows NT; Windows NT 10.0; en-IN) WindowsPowerShell/5.1.22621.5840"',
  timestamp: '2025-09-11 06:18:28'
}
{
  service: 'pather-khonje-api',
  port: 5000,
  environment: 'development',
  frontendUrl: 'http://localhost:5173',
  level: 'info',
  message: 'Server started',
  timestamp: '2025-09-11 06:19:26'
}
{
  service: 'pather-khonje-api',
  status: 'success',
  details: {
    host: 'ac-3mgzvqw-shard-00-02.lcdyqov.mongodb.net',
    name: 'test',
    readyState: 1
  },
  level: 'info',
  message: 'Database connection',
  timestamp: '2025-09-11 06:19:27'
}
{
  service: 'pather-khonje-api',
  level: 'info',
  message: 'Database indexes created successfully',
  timestamp: '2025-09-11 06:19:28'
}
{
  service: 'pather-khonje-api',
  email: 'admin@patherkhonje.com',
  level: 'info',
  message: 'Admin user already exists',
  timestamp: '2025-09-11 06:19:28'
}
{
  service: 'pather-khonje-api',
  port: 5000,
  environment: 'development',
  frontendUrl: 'http://localhost:5173',
  level: 'info',
  message: 'Server started',
  timestamp: '2025-09-11 06:20:29'
}
{
  service: 'pather-khonje-api',
  status: 'success',
  details: {
    host: 'ac-3mgzvqw-shard-00-02.lcdyqov.mongodb.net',
    name: 'test',
    readyState: 1
  },
  level: 'info',
  message: 'Database connection',
  timestamp: '2025-09-11 06:20:31'
}
{
  service: 'pather-khonje-api',
  level: 'info',
  message: 'Database indexes created successfully',
  timestamp: '2025-09-11 06:20:32'
}
{
  service: 'pather-khonje-api',
  email: 'admin@patherkhonje.com',
  level: 'info',
  message: 'Admin user already exists',
  timestamp: '2025-09-11 06:20:32'
}
{
  service: 'pather-khonje-api',
  level: 'info',
  message: 'SIGINT received. Shutting down gracefully...',
  timestamp: '2025-09-11 06:20:43'
}
{
  service: 'pather-khonje-api',
  port: 5000,
  environment: 'development',
  frontendUrl: 'http://localhost:5173',
  level: 'info',
  message: 'Server started',
  timestamp: '2025-09-11 06:21:00'
}
{
  service: 'pather-khonje-api',
  status: 'success',
  details: {
    host: 'ac-3mgzvqw-shard-00-01.lcdyqov.mongodb.net',
    name: 'test',
    readyState: 1
  },
  level: 'info',
  message: 'Database connection',
  timestamp: '2025-09-11 06:21:01'
}
{
  service: 'pather-khonje-api',
  level: 'info',
  message: 'Database indexes created successfully',
  timestamp: '2025-09-11 06:21:01'
}
{
  service: 'pather-khonje-api',
  email: 'admin@patherkhonje.com',
  level: 'info',
  message: 'Admin user already exists',
  timestamp: '2025-09-11 06:21:02'
}
{
  service: 'pather-khonje-api',
  userId: new ObjectId("68c21cfc32aeafbea0be2b13"),
  email: 'test4@example.com',
  role: 'user',
  isNew: false,
  level: 'info',
  message: 'User saved',
  timestamp: '2025-09-11 06:21:08'
}
{
  service: 'pather-khonje-security',
  userId: new ObjectId("68c21cfc32aeafbea0be2b13"),
  email: 'test4@example.com',
  timestamp: '2025-09-11 06:21:08',
  level: 'info',
  message: 'Token refreshed'
}
{
  service: 'pather-khonje-security',
  email: 'test4@example.com',
  success: true,
  ip: '::1',
  userAgent: 'Mozilla/5.0 (Windows NT; Windows NT 10.0; en-IN) WindowsPowerShell/5.1.22621.5840',
  timestamp: '2025-09-11 06:21:09',
  level: 'info',
  message: 'Login attempt'
}
{
  service: 'pather-khonje-api',
  level: 'info',
  message: '::1 - - [11/Sep/2025:00:51:09 +0000] "POST /api/auth/register HTTP/1.1" 201 867 "-" "Mozilla/5.0 (Windows NT; Windows NT 10.0; en-IN) WindowsPowerShell/5.1.22621.5840"',
  timestamp: '2025-09-11 06:21:09'
}
{
  service: 'pather-khonje-api',
  level: 'info',
  message: '::1 - - [11/Sep/2025:00:53:24 +0000] "OPTIONS /api/auth/register HTTP/1.1" 204 0 "http://localhost:5173/" "Mozilla/5.0 (Windows NT 10.0; Win64; x64) AppleWebKit/537.36 (KHTML, like Gecko) Chrome/140.0.0.0 Safari/537.36"',
  timestamp: '2025-09-11 06:23:24'
}
{
  service: 'pather-khonje-api',
  userId: new ObjectId("68c21d8432aeafbea0be2b1a"),
  email: 'jigyansu6@gmail.com',
  role: 'user',
  isNew: false,
  level: 'info',
  message: 'User saved',
  timestamp: '2025-09-11 06:23:25'
}
{
  service: 'pather-khonje-security',
  userId: new ObjectId("68c21d8432aeafbea0be2b1a"),
  email: 'jigyansu6@gmail.com',
  timestamp: '2025-09-11 06:23:25',
  level: 'info',
  message: 'Token refreshed'
}
{
  service: 'pather-khonje-security',
  email: 'jigyansu6@gmail.com',
  success: true,
  ip: '::1',
  userAgent: 'Mozilla/5.0 (Windows NT 10.0; Win64; x64) AppleWebKit/537.36 (KHTML, like Gecko) Chrome/140.0.0.0 Safari/537.36',
  timestamp: '2025-09-11 06:23:25',
  level: 'info',
  message: 'Login attempt'
}
{
  service: 'pather-khonje-api',
  level: 'info',
  message: '::1 - - [11/Sep/2025:00:53:25 +0000] "POST /api/auth/register HTTP/1.1" 201 867 "http://localhost:5173/" "Mozilla/5.0 (Windows NT 10.0; Win64; x64) AppleWebKit/537.36 (KHTML, like Gecko) Chrome/140.0.0.0 Safari/537.36"',
  timestamp: '2025-09-11 06:23:25'
}
{
  service: 'pather-khonje-api',
  userId: new ObjectId("68c21f3e32aeafbea0be2b21"),
  email: 'admin2@patherkhonje.com',
  role: 'user',
  isNew: false,
  level: 'info',
  message: 'User saved',
  timestamp: '2025-09-11 06:30:47'
}
{
  service: 'pather-khonje-security',
  userId: new ObjectId("68c21f3e32aeafbea0be2b21"),
  email: 'admin2@patherkhonje.com',
  timestamp: '2025-09-11 06:30:47',
  level: 'info',
  message: 'Token refreshed'
}
{
  service: 'pather-khonje-security',
  email: 'admin2@patherkhonje.com',
  success: true,
  ip: '::1',
  userAgent: 'Mozilla/5.0 (Windows NT; Windows NT 10.0; en-IN) WindowsPowerShell/5.1.22621.5840',
  timestamp: '2025-09-11 06:30:47',
  level: 'info',
  message: 'Login attempt'
}
{
  service: 'pather-khonje-api',
  level: 'info',
  message: '::1 - - [11/Sep/2025:01:00:47 +0000] "POST /api/auth/register HTTP/1.1" 201 886 "-" "Mozilla/5.0 (Windows NT; Windows NT 10.0; en-IN) WindowsPowerShell/5.1.22621.5840"',
  timestamp: '2025-09-11 06:30:47'
}
{
  service: 'pather-khonje-api',
  userId: new ObjectId("68c21f4732aeafbea0be2b28"),
  email: 'user@example.com',
  role: 'user',
  isNew: false,
  level: 'info',
  message: 'User saved',
  timestamp: '2025-09-11 06:30:56'
}
{
  service: 'pather-khonje-security',
  userId: new ObjectId("68c21f4732aeafbea0be2b28"),
  email: 'user@example.com',
  timestamp: '2025-09-11 06:30:56',
  level: 'info',
  message: 'Token refreshed'
}
{
  service: 'pather-khonje-security',
  email: 'user@example.com',
  success: true,
  ip: '::1',
  userAgent: 'Mozilla/5.0 (Windows NT; Windows NT 10.0; en-IN) WindowsPowerShell/5.1.22621.5840',
  timestamp: '2025-09-11 06:30:56',
  level: 'info',
  message: 'Login attempt'
}
{
  service: 'pather-khonje-api',
  level: 'info',
  message: '::1 - - [11/Sep/2025:01:00:56 +0000] "POST /api/auth/register HTTP/1.1" 201 869 "-" "Mozilla/5.0 (Windows NT; Windows NT 10.0; en-IN) WindowsPowerShell/5.1.22621.5840"',
  timestamp: '2025-09-11 06:30:56'
}
{
  service: 'pather-khonje-api',
  port: 5000,
  environment: 'development',
  frontendUrl: 'http://localhost:5173',
  level: 'info',
  message: 'Server started',
  timestamp: '2025-09-11 06:38:24'
}
{
  service: 'pather-khonje-api',
  port: 5000,
  environment: 'development',
  frontendUrl: 'http://localhost:5173',
  level: 'info',
  message: 'Server started',
  timestamp: '2025-09-11 06:40:26'
}
{
  service: 'pather-khonje-api',
  port: 5000,
  environment: 'development',
  frontendUrl: 'http://localhost:5173',
  level: 'info',
  message: 'Server started',
  timestamp: '2025-09-11 06:41:39'
}
{
  service: 'pather-khonje-api',
  port: 5000,
  environment: 'development',
  frontendUrl: 'http://localhost:5173',
  level: 'info',
  message: 'Server started',
  timestamp: '2025-09-11 06:43:34'
}
{
  service: 'pather-khonje-api',
  level: 'info',
  message: '::1 - - [11/Sep/2025:01:14:08 +0000] "OPTIONS /api/auth/verify-token HTTP/1.1" 204 0 "http://localhost:5173/" "Mozilla/5.0 (Windows NT 10.0; Win64; x64) AppleWebKit/537.36 (KHTML, like Gecko) Chrome/140.0.0.0 Safari/537.36"',
  timestamp: '2025-09-11 06:44:08'
}
{
  service: 'pather-khonje-api',
  method: 'POST',
  url: '/api/auth/verify-token',
  ip: '::1',
  userAgent: 'Mozilla/5.0 (Windows NT 10.0; Win64; x64) AppleWebKit/537.36 (KHTML, like Gecko) Chrome/140.0.0.0 Safari/537.36',
  level: 'warn',
  message: 'Route not found',
  timestamp: '2025-09-11 06:44:08'
}
{
  service: 'pather-khonje-api',
  level: 'info',
  message: '::1 - - [11/Sep/2025:01:14:08 +0000] "POST /api/auth/verify-token HTTP/1.1" 404 45 "http://localhost:5173/" "Mozilla/5.0 (Windows NT 10.0; Win64; x64) AppleWebKit/537.36 (KHTML, like Gecko) Chrome/140.0.0.0 Safari/537.36"',
  timestamp: '2025-09-11 06:44:08'
}
{
  service: 'pather-khonje-api',
  level: 'info',
  message: '::1 - - [11/Sep/2025:01:14:08 +0000] "OPTIONS /api/auth/verify-token HTTP/1.1" 204 0 "http://localhost:5173/" "Mozilla/5.0 (Windows NT 10.0; Win64; x64) AppleWebKit/537.36 (KHTML, like Gecko) Chrome/140.0.0.0 Safari/537.36"',
  timestamp: '2025-09-11 06:44:08'
}
{
  service: 'pather-khonje-api',
  method: 'POST',
  url: '/api/auth/verify-token',
  ip: '::1',
  userAgent: 'Mozilla/5.0 (Windows NT 10.0; Win64; x64) AppleWebKit/537.36 (KHTML, like Gecko) Chrome/140.0.0.0 Safari/537.36',
  level: 'warn',
  message: 'Route not found',
  timestamp: '2025-09-11 06:44:08'
}
{
  service: 'pather-khonje-api',
  level: 'info',
  message: '::1 - - [11/Sep/2025:01:14:08 +0000] "POST /api/auth/verify-token HTTP/1.1" 404 45 "http://localhost:5173/" "Mozilla/5.0 (Windows NT 10.0; Win64; x64) AppleWebKit/537.36 (KHTML, like Gecko) Chrome/140.0.0.0 Safari/537.36"',
  timestamp: '2025-09-11 06:44:08'
}
{
  service: 'pather-khonje-api',
  level: 'info',
  message: '::1 - - [11/Sep/2025:01:18:23 +0000] "GET /api/health HTTP/1.1" 200 332 "-" "Mozilla/5.0 (Windows NT; Windows NT 10.0; en-IN) WindowsPowerShell/5.1.22621.5840"',
  timestamp: '2025-09-11 06:48:23'
}
{
  service: 'pather-khonje-api',
  port: 5000,
  environment: 'development',
  frontendUrl: 'http://localhost:5173',
  level: 'info',
  message: 'Server started',
  timestamp: '2025-09-11 06:49:16'
}
{
  service: 'pather-khonje-api',
  level: 'info',
  message: '::1 - - [11/Sep/2025:01:24:29 +0000] "OPTIONS /api/auth/register HTTP/1.1" 204 0 "http://localhost:5173/" "Mozilla/5.0 (Windows NT 10.0; Win64; x64) AppleWebKit/537.36 (KHTML, like Gecko) Chrome/140.0.0.0 Safari/537.36"',
  timestamp: '2025-09-11 06:54:29'
}
{
  service: 'pather-khonje-api',
  userId: new ObjectId("68c224cd6f7820d49386e80d"),
  email: 'j2@gmail.com',
  role: 'user',
  isNew: false,
  level: 'info',
  message: 'User saved',
  timestamp: '2025-09-11 06:54:30'
}
{
  service: 'pather-khonje-security',
  userId: new ObjectId("68c224cd6f7820d49386e80d"),
  email: 'j2@gmail.com',
  timestamp: '2025-09-11 06:54:30',
  level: 'info',
  message: 'Token refreshed'
}
{
  service: 'pather-khonje-security',
  email: 'j2@gmail.com',
  success: true,
  ip: '::1',
  userAgent: 'Mozilla/5.0 (Windows NT 10.0; Win64; x64) AppleWebKit/537.36 (KHTML, like Gecko) Chrome/140.0.0.0 Safari/537.36',
  timestamp: '2025-09-11 06:54:30',
  level: 'info',
  message: 'Login attempt'
}
{
  service: 'pather-khonje-api',
  level: 'info',
  message: '::1 - - [11/Sep/2025:01:24:30 +0000] "POST /api/auth/register HTTP/1.1" 201 860 "http://localhost:5173/" "Mozilla/5.0 (Windows NT 10.0; Win64; x64) AppleWebKit/537.36 (KHTML, like Gecko) Chrome/140.0.0.0 Safari/537.36"',
  timestamp: '2025-09-11 06:54:30'
}
{
  service: 'pather-khonje-api',
  level: 'info',
  message: '::1 - - [11/Sep/2025:01:26:29 +0000] "OPTIONS /api/auth/verify-token HTTP/1.1" 204 0 "http://localhost:5173/" "Mozilla/5.0 (Windows NT 10.0; Win64; x64) AppleWebKit/537.36 (KHTML, like Gecko) Chrome/140.0.0.0 Safari/537.36"',
  timestamp: '2025-09-11 06:56:30'
}
{
  service: 'pather-khonje-api',
  method: 'POST',
  url: '/api/auth/verify-token',
  ip: '::1',
  userAgent: 'Mozilla/5.0 (Windows NT 10.0; Win64; x64) AppleWebKit/537.36 (KHTML, like Gecko) Chrome/140.0.0.0 Safari/537.36',
  level: 'warn',
  message: 'Route not found',
  timestamp: '2025-09-11 06:56:30'
}
{
  service: 'pather-khonje-api',
  level: 'info',
  message: '::1 - - [11/Sep/2025:01:26:30 +0000] "POST /api/auth/verify-token HTTP/1.1" 404 45 "http://localhost:5173/" "Mozilla/5.0 (Windows NT 10.0; Win64; x64) AppleWebKit/537.36 (KHTML, like Gecko) Chrome/140.0.0.0 Safari/537.36"',
  timestamp: '2025-09-11 06:56:30'
}
{
  service: 'pather-khonje-api',
  level: 'info',
  message: '::1 - - [11/Sep/2025:01:26:30 +0000] "OPTIONS /api/auth/verify-token HTTP/1.1" 204 0 "http://localhost:5173/" "Mozilla/5.0 (Windows NT 10.0; Win64; x64) AppleWebKit/537.36 (KHTML, like Gecko) Chrome/140.0.0.0 Safari/537.36"',
  timestamp: '2025-09-11 06:56:30'
}
{
  service: 'pather-khonje-api',
  method: 'POST',
  url: '/api/auth/verify-token',
  ip: '::1',
  userAgent: 'Mozilla/5.0 (Windows NT 10.0; Win64; x64) AppleWebKit/537.36 (KHTML, like Gecko) Chrome/140.0.0.0 Safari/537.36',
  level: 'warn',
  message: 'Route not found',
  timestamp: '2025-09-11 06:56:30'
}
{
  service: 'pather-khonje-api',
  level: 'info',
  message: '::1 - - [11/Sep/2025:01:26:30 +0000] "POST /api/auth/verify-token HTTP/1.1" 404 45 "http://localhost:5173/" "Mozilla/5.0 (Windows NT 10.0; Win64; x64) AppleWebKit/537.36 (KHTML, like Gecko) Chrome/140.0.0.0 Safari/537.36"',
  timestamp: '2025-09-11 06:56:30'
}
{
  service: 'pather-khonje-api',
  level: 'info',
  message: '::1 - - [11/Sep/2025:01:28:01 +0000] "OPTIONS /api/auth/register HTTP/1.1" 204 0 "http://localhost:5173/" "Mozilla/5.0 (Windows NT 10.0; Win64; x64) AppleWebKit/537.36 (KHTML, like Gecko) Chrome/140.0.0.0 Safari/537.36"',
  timestamp: '2025-09-11 06:58:01'
}
{
  service: 'pather-khonje-api',
  userId: new ObjectId("68c225a26f7820d49386e814"),
  email: 'j3@gmail.com',
  role: 'user',
  isNew: false,
  level: 'info',
  message: 'User saved',
  timestamp: '2025-09-11 06:58:02'
}
{
  service: 'pather-khonje-security',
  userId: new ObjectId("68c225a26f7820d49386e814"),
  email: 'j3@gmail.com',
  timestamp: '2025-09-11 06:58:02',
  level: 'info',
  message: 'Token refreshed'
}
{
  service: 'pather-khonje-security',
  email: 'j3@gmail.com',
  success: true,
  ip: '::1',
  userAgent: 'Mozilla/5.0 (Windows NT 10.0; Win64; x64) AppleWebKit/537.36 (KHTML, like Gecko) Chrome/140.0.0.0 Safari/537.36',
  timestamp: '2025-09-11 06:58:02',
  level: 'info',
  message: 'Login attempt'
}
{
  service: 'pather-khonje-api',
  level: 'info',
  message: '::1 - - [11/Sep/2025:01:28:02 +0000] "POST /api/auth/register HTTP/1.1" 201 860 "http://localhost:5173/" "Mozilla/5.0 (Windows NT 10.0; Win64; x64) AppleWebKit/537.36 (KHTML, like Gecko) Chrome/140.0.0.0 Safari/537.36"',
  timestamp: '2025-09-11 06:58:02'
}
{
  service: 'pather-khonje-api',
  userId: new ObjectId("68c225ed6f7820d49386e81b"),
  email: 'testuser@example.com',
  role: 'user',
  isNew: false,
  level: 'info',
  message: 'User saved',
  timestamp: '2025-09-11 06:59:18'
}
{
  service: 'pather-khonje-security',
  userId: new ObjectId("68c225ed6f7820d49386e81b"),
  email: 'testuser@example.com',
  timestamp: '2025-09-11 06:59:18',
  level: 'info',
  message: 'Token refreshed'
}
{
  service: 'pather-khonje-security',
  email: 'testuser@example.com',
  success: true,
  ip: '::1',
  userAgent: 'Mozilla/5.0 (Windows NT; Windows NT 10.0; en-IN) WindowsPowerShell/5.1.22621.5840',
  timestamp: '2025-09-11 06:59:18',
  level: 'info',
  message: 'Login attempt'
}
{
  service: 'pather-khonje-api',
  level: 'info',
  message: '::1 - - [11/Sep/2025:01:29:18 +0000] "POST /api/auth/register HTTP/1.1" 201 870 "-" "Mozilla/5.0 (Windows NT; Windows NT 10.0; en-IN) WindowsPowerShell/5.1.22621.5840"',
  timestamp: '2025-09-11 06:59:18'
}
{
  service: 'pather-khonje-api',
  origin: 'http://localhost:5174',
  allowedOrigins: [ 'http://localhost:5173', 'http://localhost:3000' ],
  level: 'warn',
  message: 'CORS blocked request',
  timestamp: '2025-09-11 07:02:02'
}
{
  service: 'pather-khonje-api',
  error: 'Not allowed by CORS',
  stack: 'Error: Not allowed by CORS\n' +
    '    at origin (D:\\CodeFlare Labs\\Pather Khonje1\\backend\\server.js:112:21)\n' +
    '    at D:\\CodeFlare Labs\\Pather Khonje1\\backend\\node_modules\\cors\\lib\\index.js:219:13\n' +
    '    at optionsCallback (D:\\CodeFlare Labs\\Pather Khonje1\\backend\\node_modules\\cors\\lib\\index.js:199:9)\n' +
    '    at corsMiddleware (D:\\CodeFlare Labs\\Pather Khonje1\\backend\\node_modules\\cors\\lib\\index.js:204:7)\n' +
    '    at Layer.handle [as handle_request] (D:\\CodeFlare Labs\\Pather Khonje1\\backend\\node_modules\\express\\lib\\router\\layer.js:95:5)\n' +
    '    at trim_prefix (D:\\CodeFlare Labs\\Pather Khonje1\\backend\\node_modules\\express\\lib\\router\\index.js:328:13)\n' +
    '    at D:\\CodeFlare Labs\\Pather Khonje1\\backend\\node_modules\\express\\lib\\router\\index.js:286:9\n' +
    '    at Function.process_params (D:\\CodeFlare Labs\\Pather Khonje1\\backend\\node_modules\\express\\lib\\router\\index.js:346:12)\n' +
    '    at next (D:\\CodeFlare Labs\\Pather Khonje1\\backend\\node_modules\\express\\lib\\router\\index.js:280:10)\n' +
    '    at D:\\CodeFlare Labs\\Pather Khonje1\\backend\\node_modules\\express-rate-limit\\dist\\index.cjs:659:7',
  method: 'OPTIONS',
  url: '/api/auth/register',
  ip: '::1',
  userId: undefined,
  level: 'error',
  message: 'Global error handler',
  timestamp: '2025-09-11 07:02:02'
}
{
  service: 'pather-khonje-api',
  level: 'info',
  message: '::1 - - [11/Sep/2025:01:32:02 +0000] "OPTIONS /api/auth/register HTTP/1.1" 403 51 "http://localhost:5174/" "Mozilla/5.0 (Windows NT 10.0; Win64; x64) AppleWebKit/537.36 (KHTML, like Gecko) Chrome/140.0.0.0 Safari/537.36"',
  timestamp: '2025-09-11 07:02:02'
}
{
  service: 'pather-khonje-api',
  port: 5000,
  environment: 'development',
  frontendUrl: 'http://localhost:5173',
  level: 'info',
  message: 'Server started',
  timestamp: '2025-09-11 07:02:42'
}
{
  service: 'pather-khonje-api',
  level: 'info',
  message: '::1 - - [11/Sep/2025:01:33:10 +0000] "OPTIONS /api/auth/verify-token HTTP/1.1" 204 0 "http://localhost:5173/" "Mozilla/5.0 (Windows NT 10.0; Win64; x64) AppleWebKit/537.36 (KHTML, like Gecko) Chrome/140.0.0.0 Safari/537.36"',
  timestamp: '2025-09-11 07:03:10'
}
{
  service: 'pather-khonje-api',
  method: 'POST',
  url: '/api/auth/verify-token',
  ip: '::1',
  userAgent: 'Mozilla/5.0 (Windows NT 10.0; Win64; x64) AppleWebKit/537.36 (KHTML, like Gecko) Chrome/140.0.0.0 Safari/537.36',
  level: 'warn',
  message: 'Route not found',
  timestamp: '2025-09-11 07:03:10'
}
{
  service: 'pather-khonje-api',
  level: 'info',
  message: '::1 - - [11/Sep/2025:01:33:10 +0000] "POST /api/auth/verify-token HTTP/1.1" 404 45 "http://localhost:5173/" "Mozilla/5.0 (Windows NT 10.0; Win64; x64) AppleWebKit/537.36 (KHTML, like Gecko) Chrome/140.0.0.0 Safari/537.36"',
  timestamp: '2025-09-11 07:03:10'
}
{
  service: 'pather-khonje-api',
  level: 'info',
  message: '::1 - - [11/Sep/2025:01:33:10 +0000] "OPTIONS /api/auth/verify-token HTTP/1.1" 204 0 "http://localhost:5173/" "Mozilla/5.0 (Windows NT 10.0; Win64; x64) AppleWebKit/537.36 (KHTML, like Gecko) Chrome/140.0.0.0 Safari/537.36"',
  timestamp: '2025-09-11 07:03:10'
}
{
  service: 'pather-khonje-api',
  method: 'POST',
  url: '/api/auth/verify-token',
  ip: '::1',
  userAgent: 'Mozilla/5.0 (Windows NT 10.0; Win64; x64) AppleWebKit/537.36 (KHTML, like Gecko) Chrome/140.0.0.0 Safari/537.36',
  level: 'warn',
  message: 'Route not found',
  timestamp: '2025-09-11 07:03:10'
}
{
  service: 'pather-khonje-api',
  level: 'info',
  message: '::1 - - [11/Sep/2025:01:33:10 +0000] "POST /api/auth/verify-token HTTP/1.1" 404 45 "http://localhost:5173/" "Mozilla/5.0 (Windows NT 10.0; Win64; x64) AppleWebKit/537.36 (KHTML, like Gecko) Chrome/140.0.0.0 Safari/537.36"',
  timestamp: '2025-09-11 07:03:10'
}
{
  service: 'pather-khonje-api',
  level: 'info',
  message: '::1 - - [11/Sep/2025:01:33:36 +0000] "OPTIONS /api/auth/register HTTP/1.1" 204 0 "http://localhost:5173/" "Mozilla/5.0 (Windows NT 10.0; Win64; x64) AppleWebKit/537.36 (KHTML, like Gecko) Chrome/140.0.0.0 Safari/537.36"',
  timestamp: '2025-09-11 07:03:36'
}
{
  service: 'pather-khonje-api',
  userId: new ObjectId("68c226f06fd305a9dadf648b"),
  email: 'j5@gmail.com',
  role: 'user',
  isNew: false,
  level: 'info',
  message: 'User saved',
  timestamp: '2025-09-11 07:03:36'
}
{
  service: 'pather-khonje-security',
  userId: new ObjectId("68c226f06fd305a9dadf648b"),
  email: 'j5@gmail.com',
  timestamp: '2025-09-11 07:03:36',
  level: 'info',
  message: 'Token refreshed'
}
{
  service: 'pather-khonje-security',
  email: 'j5@gmail.com',
  success: true,
  ip: '::1',
  userAgent: 'Mozilla/5.0 (Windows NT 10.0; Win64; x64) AppleWebKit/537.36 (KHTML, like Gecko) Chrome/140.0.0.0 Safari/537.36',
  timestamp: '2025-09-11 07:03:36',
  level: 'info',
  message: 'Login attempt'
}
{
  service: 'pather-khonje-api',
  level: 'info',
  message: '::1 - - [11/Sep/2025:01:33:36 +0000] "POST /api/auth/register HTTP/1.1" 201 860 "http://localhost:5173/" "Mozilla/5.0 (Windows NT 10.0; Win64; x64) AppleWebKit/537.36 (KHTML, like Gecko) Chrome/140.0.0.0 Safari/537.36"',
  timestamp: '2025-09-11 07:03:36'
}
{
  service: 'pather-khonje-api',
  level: 'info',
  message: '::1 - - [11/Sep/2025:01:34:47 +0000] "OPTIONS /api/auth/verify-token HTTP/1.1" 204 0 "http://localhost:5173/" "Mozilla/5.0 (Windows NT 10.0; Win64; x64) AppleWebKit/537.36 (KHTML, like Gecko) Chrome/140.0.0.0 Safari/537.36"',
  timestamp: '2025-09-11 07:04:47'
}
{
  service: 'pather-khonje-api',
  level: 'info',
  message: '::1 - - [11/Sep/2025:01:34:47 +0000] "OPTIONS /api/auth/verify-token HTTP/1.1" 204 0 "http://localhost:5173/" "Mozilla/5.0 (Windows NT 10.0; Win64; x64) AppleWebKit/537.36 (KHTML, like Gecko) Chrome/140.0.0.0 Safari/537.36"',
  timestamp: '2025-09-11 07:04:47'
}
{
  service: 'pather-khonje-api',
  method: 'POST',
  url: '/api/auth/verify-token',
  ip: '::1',
  userAgent: 'Mozilla/5.0 (Windows NT 10.0; Win64; x64) AppleWebKit/537.36 (KHTML, like Gecko) Chrome/140.0.0.0 Safari/537.36',
  level: 'warn',
  message: 'Route not found',
  timestamp: '2025-09-11 07:04:47'
}
{
  service: 'pather-khonje-api',
  level: 'info',
  message: '::1 - - [11/Sep/2025:01:34:47 +0000] "POST /api/auth/verify-token HTTP/1.1" 404 45 "http://localhost:5173/" "Mozilla/5.0 (Windows NT 10.0; Win64; x64) AppleWebKit/537.36 (KHTML, like Gecko) Chrome/140.0.0.0 Safari/537.36"',
  timestamp: '2025-09-11 07:04:47'
}
{
  service: 'pather-khonje-api',
  method: 'POST',
  url: '/api/auth/verify-token',
  ip: '::1',
  userAgent: 'Mozilla/5.0 (Windows NT 10.0; Win64; x64) AppleWebKit/537.36 (KHTML, like Gecko) Chrome/140.0.0.0 Safari/537.36',
  level: 'warn',
  message: 'Route not found',
  timestamp: '2025-09-11 07:04:47'
}
{
  service: 'pather-khonje-api',
  level: 'info',
  message: '::1 - - [11/Sep/2025:01:34:47 +0000] "POST /api/auth/verify-token HTTP/1.1" 404 45 "http://localhost:5173/" "Mozilla/5.0 (Windows NT 10.0; Win64; x64) AppleWebKit/537.36 (KHTML, like Gecko) Chrome/140.0.0.0 Safari/537.36"',
  timestamp: '2025-09-11 07:04:47'
}
{
  service: 'pather-khonje-api',
  level: 'info',
  message: '::1 - - [11/Sep/2025:01:35:20 +0000] "OPTIONS /api/auth/register HTTP/1.1" 204 0 "http://localhost:5173/" "Mozilla/5.0 (Windows NT 10.0; Win64; x64) AppleWebKit/537.36 (KHTML, like Gecko) Chrome/140.0.0.0 Safari/537.36"',
  timestamp: '2025-09-11 07:05:20'
}
{
  service: 'pather-khonje-api',
  userId: new ObjectId("68c227586fd305a9dadf6492"),
  email: 'j4@gmail.com',
  role: 'user',
  isNew: false,
  level: 'info',
  message: 'User saved',
  timestamp: '2025-09-11 07:05:20'
}
{
  service: 'pather-khonje-security',
  userId: new ObjectId("68c227586fd305a9dadf6492"),
  email: 'j4@gmail.com',
  timestamp: '2025-09-11 07:05:20',
  level: 'info',
  message: 'Token refreshed'
}
{
  service: 'pather-khonje-security',
  email: 'j4@gmail.com',
  success: true,
  ip: '::1',
  userAgent: 'Mozilla/5.0 (Windows NT 10.0; Win64; x64) AppleWebKit/537.36 (KHTML, like Gecko) Chrome/140.0.0.0 Safari/537.36',
  timestamp: '2025-09-11 07:05:20',
  level: 'info',
  message: 'Login attempt'
}
{
  service: 'pather-khonje-api',
  level: 'info',
  message: '::1 - - [11/Sep/2025:01:35:20 +0000] "POST /api/auth/register HTTP/1.1" 201 853 "http://localhost:5173/" "Mozilla/5.0 (Windows NT 10.0; Win64; x64) AppleWebKit/537.36 (KHTML, like Gecko) Chrome/140.0.0.0 Safari/537.36"',
  timestamp: '2025-09-11 07:05:20'
}
{
  service: 'pather-khonje-api',
  port: 5000,
  environment: 'development',
  frontendUrl: 'http://localhost:5173',
  level: 'info',
  message: 'Server started',
  timestamp: '2025-09-11 07:06:10'
}
{
  service: 'pather-khonje-api',
  port: 5000,
  environment: 'development',
  frontendUrl: 'http://localhost:5173',
  level: 'info',
  message: 'Server started',
  timestamp: '2025-09-11 07:08:21'
}
{
  service: 'pather-khonje-api',
  level: 'info',
  message: '::1 - - [11/Sep/2025:01:38:42 +0000] "OPTIONS /api/auth/verify-token HTTP/1.1" 204 0 "http://localhost:5173/" "Mozilla/5.0 (Windows NT 10.0; Win64; x64) AppleWebKit/537.36 (KHTML, like Gecko) Chrome/140.0.0.0 Safari/537.36"',
  timestamp: '2025-09-11 07:08:42'
}
{
  service: 'pather-khonje-api',
  method: 'POST',
  url: '/api/auth/verify-token',
  ip: '::1',
  userAgent: 'Mozilla/5.0 (Windows NT 10.0; Win64; x64) AppleWebKit/537.36 (KHTML, like Gecko) Chrome/140.0.0.0 Safari/537.36',
  level: 'warn',
  message: 'Route not found',
  timestamp: '2025-09-11 07:08:42'
}
{
  service: 'pather-khonje-api',
  level: 'info',
  message: '::1 - - [11/Sep/2025:01:38:42 +0000] "POST /api/auth/verify-token HTTP/1.1" 404 45 "http://localhost:5173/" "Mozilla/5.0 (Windows NT 10.0; Win64; x64) AppleWebKit/537.36 (KHTML, like Gecko) Chrome/140.0.0.0 Safari/537.36"',
  timestamp: '2025-09-11 07:08:42'
}
{
  service: 'pather-khonje-api',
  level: 'info',
  message: '::1 - - [11/Sep/2025:01:38:42 +0000] "OPTIONS /api/auth/verify-token HTTP/1.1" 204 0 "http://localhost:5173/" "Mozilla/5.0 (Windows NT 10.0; Win64; x64) AppleWebKit/537.36 (KHTML, like Gecko) Chrome/140.0.0.0 Safari/537.36"',
  timestamp: '2025-09-11 07:08:42'
}
{
  service: 'pather-khonje-api',
  method: 'POST',
  url: '/api/auth/verify-token',
  ip: '::1',
  userAgent: 'Mozilla/5.0 (Windows NT 10.0; Win64; x64) AppleWebKit/537.36 (KHTML, like Gecko) Chrome/140.0.0.0 Safari/537.36',
  level: 'warn',
  message: 'Route not found',
  timestamp: '2025-09-11 07:08:42'
}
{
  service: 'pather-khonje-api',
  level: 'info',
  message: '::1 - - [11/Sep/2025:01:38:42 +0000] "POST /api/auth/verify-token HTTP/1.1" 404 45 "http://localhost:5173/" "Mozilla/5.0 (Windows NT 10.0; Win64; x64) AppleWebKit/537.36 (KHTML, like Gecko) Chrome/140.0.0.0 Safari/537.36"',
  timestamp: '2025-09-11 07:08:42'
}
{
  service: 'pather-khonje-api',
  level: 'info',
  message: '::1 - - [11/Sep/2025:01:39:13 +0000] "OPTIONS /api/auth/register HTTP/1.1" 204 0 "http://localhost:5173/" "Mozilla/5.0 (Windows NT 10.0; Win64; x64) AppleWebKit/537.36 (KHTML, like Gecko) Chrome/140.0.0.0 Safari/537.36"',
  timestamp: '2025-09-11 07:09:13'
}
{
  service: 'pather-khonje-api',
  level: 'info',
  message: '::1 - - [11/Sep/2025:01:39:13 +0000] "POST /api/auth/register HTTP/1.1" 400 143 "http://localhost:5173/" "Mozilla/5.0 (Windows NT 10.0; Win64; x64) AppleWebKit/537.36 (KHTML, like Gecko) Chrome/140.0.0.0 Safari/537.36"',
  timestamp: '2025-09-11 07:09:13'
}
{
  service: 'pather-khonje-api',
  port: 5000,
  environment: 'development',
  frontendUrl: 'http://localhost:5173',
  level: 'info',
  message: 'Server started',
  timestamp: '2025-09-11 07:10:42'
}
{
  service: 'pather-khonje-api',
  level: 'info',
  message: '::1 - - [11/Sep/2025:01:41:15 +0000] "GET /api/health HTTP/1.1" 200 331 "-" "Mozilla/5.0 (Windows NT; Windows NT 10.0; en-IN) WindowsPowerShell/5.1.22621.5840"',
  timestamp: '2025-09-11 07:11:15'
}
{
  service: 'pather-khonje-api',
  method: 'POST',
  url: '/api/auth/verify-token',
  error: 'jwt malformed',
  userId: null,
  timestamp: '2025-09-11 07:11:22',
  level: 'error',
  message: 'API error'
}
{
  service: 'pather-khonje-api',
  level: 'info',
  message: '::1 - - [11/Sep/2025:01:41:22 +0000] "POST /api/auth/verify-token HTTP/1.1" 401 43 "-" "Mozilla/5.0 (Windows NT; Windows NT 10.0; en-IN) WindowsPowerShell/5.1.22621.5840"',
  timestamp: '2025-09-11 07:11:22'
}
{
  service: 'pather-khonje-api',
  userId: new ObjectId("68c228c7f036f0e8a32cabca"),
  email: 'test@example.com',
  role: 'user',
  isNew: false,
  level: 'info',
  message: 'User saved',
  timestamp: '2025-09-11 07:11:27'
}
{
  service: 'pather-khonje-security',
  userId: new ObjectId("68c228c7f036f0e8a32cabca"),
  email: 'test@example.com',
  timestamp: '2025-09-11 07:11:27',
  level: 'info',
  message: 'Token refreshed'
}
{
  service: 'pather-khonje-security',
  email: 'test@example.com',
  success: true,
  ip: '::1',
  userAgent: 'Mozilla/5.0 (Windows NT; Windows NT 10.0; en-IN) WindowsPowerShell/5.1.22621.5840',
  timestamp: '2025-09-11 07:11:28',
  level: 'info',
  message: 'Login attempt'
}
{
  service: 'pather-khonje-api',
  level: 'info',
  message: '::1 - - [11/Sep/2025:01:41:28 +0000] "POST /api/auth/register HTTP/1.1" 201 866 "-" "Mozilla/5.0 (Windows NT; Windows NT 10.0; en-IN) WindowsPowerShell/5.1.22621.5840"',
  timestamp: '2025-09-11 07:11:28'
}
{
  service: 'pather-khonje-api',
  port: 5000,
  environment: 'development',
  frontendUrl: 'http://localhost:5173',
  level: 'info',
  message: 'Server started',
  timestamp: '2025-09-11 07:12:03'
}
{
  service: 'pather-khonje-api',
  port: 5000,
  environment: 'development',
  frontendUrl: 'http://localhost:5173',
  level: 'info',
  message: 'Server started',
  timestamp: '2025-09-11 07:12:09'
}
{
  service: 'pather-khonje-api',
  port: 5000,
  environment: 'development',
  frontendUrl: 'http://localhost:5173',
  level: 'info',
  message: 'Server started',
  timestamp: '2025-09-11 07:12:24'
}
{
  service: 'pather-khonje-api',
  level: 'info',
  message: '::1 - - [11/Sep/2025:01:43:25 +0000] "OPTIONS /api/auth/register HTTP/1.1" 204 0 "http://localhost:5173/" "Mozilla/5.0 (Windows NT 10.0; Win64; x64) AppleWebKit/537.36 (KHTML, like Gecko) Chrome/140.0.0.0 Safari/537.36"',
  timestamp: '2025-09-11 07:13:25'
}
{
  service: 'pather-khonje-api',
  userId: new ObjectId("68c2293dd41fa2e7e398133f"),
  email: 'j7@gmail.com',
  role: 'user',
  isNew: false,
  level: 'info',
  message: 'User saved',
  timestamp: '2025-09-11 07:13:26'
}
{
  service: 'pather-khonje-security',
  userId: new ObjectId("68c2293dd41fa2e7e398133f"),
  email: 'j7@gmail.com',
  timestamp: '2025-09-11 07:13:26',
  level: 'info',
  message: 'Token refreshed'
}
{
  service: 'pather-khonje-security',
  email: 'j7@gmail.com',
  success: true,
  ip: '::1',
  userAgent: 'Mozilla/5.0 (Windows NT 10.0; Win64; x64) AppleWebKit/537.36 (KHTML, like Gecko) Chrome/140.0.0.0 Safari/537.36',
  timestamp: '2025-09-11 07:13:26',
  level: 'info',
  message: 'Login attempt'
}
{
  service: 'pather-khonje-api',
  level: 'info',
  message: '::1 - - [11/Sep/2025:01:43:26 +0000] "POST /api/auth/register HTTP/1.1" 201 863 "http://localhost:5173/" "Mozilla/5.0 (Windows NT 10.0; Win64; x64) AppleWebKit/537.36 (KHTML, like Gecko) Chrome/140.0.0.0 Safari/537.36"',
  timestamp: '2025-09-11 07:13:26'
}
{
  service: 'pather-khonje-api',
  level: 'info',
  message: '::1 - - [11/Sep/2025:01:46:40 +0000] "OPTIONS /api/auth/verify-token HTTP/1.1" 204 0 "http://localhost:5173/" "Mozilla/5.0 (Windows NT 10.0; Win64; x64) AppleWebKit/537.36 (KHTML, like Gecko) Chrome/140.0.0.0 Safari/537.36"',
  timestamp: '2025-09-11 07:16:40'
}
{
  service: 'pather-khonje-api',
  level: 'info',
  message: '::1 - - [11/Sep/2025:01:46:40 +0000] "OPTIONS /api/auth/verify-token HTTP/1.1" 204 0 "http://localhost:5173/" "Mozilla/5.0 (Windows NT 10.0; Win64; x64) AppleWebKit/537.36 (KHTML, like Gecko) Chrome/140.0.0.0 Safari/537.36"',
  timestamp: '2025-09-11 07:16:40'
}
{
  service: 'pather-khonje-api',
  method: 'POST',
  url: '/api/auth/verify-token',
  ip: '::1',
  userAgent: 'Mozilla/5.0 (Windows NT 10.0; Win64; x64) AppleWebKit/537.36 (KHTML, like Gecko) Chrome/140.0.0.0 Safari/537.36',
  userId: new ObjectId("68c2293dd41fa2e7e398133f"),
  timestamp: '2025-09-11 07:16:40',
  level: 'info',
  message: 'API request'
}
{
  service: 'pather-khonje-api',
  level: 'info',
  message: '::1 - - [11/Sep/2025:01:46:40 +0000] "POST /api/auth/verify-token HTTP/1.1" 200 206 "http://localhost:5173/" "Mozilla/5.0 (Windows NT 10.0; Win64; x64) AppleWebKit/537.36 (KHTML, like Gecko) Chrome/140.0.0.0 Safari/537.36"',
  timestamp: '2025-09-11 07:16:40'
}
{
  service: 'pather-khonje-api',
  method: 'POST',
  url: '/api/auth/verify-token',
  ip: '::1',
  userAgent: 'Mozilla/5.0 (Windows NT 10.0; Win64; x64) AppleWebKit/537.36 (KHTML, like Gecko) Chrome/140.0.0.0 Safari/537.36',
  userId: new ObjectId("68c2293dd41fa2e7e398133f"),
  timestamp: '2025-09-11 07:16:40',
  level: 'info',
  message: 'API request'
}
{
  service: 'pather-khonje-api',
  level: 'info',
  message: '::1 - - [11/Sep/2025:01:46:40 +0000] "POST /api/auth/verify-token HTTP/1.1" 200 206 "http://localhost:5173/" "Mozilla/5.0 (Windows NT 10.0; Win64; x64) AppleWebKit/537.36 (KHTML, like Gecko) Chrome/140.0.0.0 Safari/537.36"',
  timestamp: '2025-09-11 07:16:40'
}
{
  service: 'pather-khonje-api',
  level: 'info',
  message: '::1 - - [11/Sep/2025:01:49:16 +0000] "OPTIONS /api/auth/verify-token HTTP/1.1" 204 0 "http://localhost:5173/" "Mozilla/5.0 (Windows NT 10.0; Win64; x64) AppleWebKit/537.36 (KHTML, like Gecko) Chrome/140.0.0.0 Safari/537.36"',
  timestamp: '2025-09-11 07:19:16'
}
{
  service: 'pather-khonje-api',
  level: 'info',
  message: '::1 - - [11/Sep/2025:01:49:16 +0000] "OPTIONS /api/auth/verify-token HTTP/1.1" 204 0 "http://localhost:5173/" "Mozilla/5.0 (Windows NT 10.0; Win64; x64) AppleWebKit/537.36 (KHTML, like Gecko) Chrome/140.0.0.0 Safari/537.36"',
  timestamp: '2025-09-11 07:19:16'
}
{
  service: 'pather-khonje-api',
  method: 'POST',
  url: '/api/auth/verify-token',
  ip: '::1',
  userAgent: 'Mozilla/5.0 (Windows NT 10.0; Win64; x64) AppleWebKit/537.36 (KHTML, like Gecko) Chrome/140.0.0.0 Safari/537.36',
  userId: new ObjectId("68c2293dd41fa2e7e398133f"),
  timestamp: '2025-09-11 07:19:16',
  level: 'info',
  message: 'API request'
}
{
  service: 'pather-khonje-api',
  level: 'info',
  message: '::1 - - [11/Sep/2025:01:49:16 +0000] "POST /api/auth/verify-token HTTP/1.1" 200 206 "http://localhost:5173/" "Mozilla/5.0 (Windows NT 10.0; Win64; x64) AppleWebKit/537.36 (KHTML, like Gecko) Chrome/140.0.0.0 Safari/537.36"',
  timestamp: '2025-09-11 07:19:16'
}
{
  service: 'pather-khonje-api',
  method: 'POST',
  url: '/api/auth/verify-token',
  ip: '::1',
  userAgent: 'Mozilla/5.0 (Windows NT 10.0; Win64; x64) AppleWebKit/537.36 (KHTML, like Gecko) Chrome/140.0.0.0 Safari/537.36',
  userId: new ObjectId("68c2293dd41fa2e7e398133f"),
  timestamp: '2025-09-11 07:19:16',
  level: 'info',
  message: 'API request'
}
{
  service: 'pather-khonje-api',
  level: 'info',
  message: '::1 - - [11/Sep/2025:01:49:16 +0000] "POST /api/auth/verify-token HTTP/1.1" 200 206 "http://localhost:5173/" "Mozilla/5.0 (Windows NT 10.0; Win64; x64) AppleWebKit/537.36 (KHTML, like Gecko) Chrome/140.0.0.0 Safari/537.36"',
  timestamp: '2025-09-11 07:19:16'
}
{
  service: 'pather-khonje-api',
  level: 'info',
  message: '::1 - - [11/Sep/2025:01:49:34 +0000] "OPTIONS /api/auth/login HTTP/1.1" 204 0 "http://localhost:5173/" "Mozilla/5.0 (Windows NT 10.0; Win64; x64) AppleWebKit/537.36 (KHTML, like Gecko) Chrome/140.0.0.0 Safari/537.36"',
  timestamp: '2025-09-11 07:19:34'
}
{
  service: 'pather-khonje-api',
  userId: new ObjectId("68c21906b673f8f3c4391804"),
  email: 'admin@patherkhonje.com',
  role: 'admin',
  isNew: false,
  level: 'info',
  message: 'User saved',
  timestamp: '2025-09-11 07:19:35'
}
{
  service: 'pather-khonje-security',
  userId: new ObjectId("68c21906b673f8f3c4391804"),
  email: 'admin@patherkhonje.com',
  timestamp: '2025-09-11 07:19:35',
  level: 'info',
  message: 'Token refreshed'
}
{
  service: 'pather-khonje-security',
  email: 'admin@patherkhonje.com',
  success: true,
  ip: '::1',
  userAgent: 'Mozilla/5.0 (Windows NT 10.0; Win64; x64) AppleWebKit/537.36 (KHTML, like Gecko) Chrome/140.0.0.0 Safari/537.36',
  timestamp: '2025-09-11 07:19:35',
  level: 'info',
  message: 'Login attempt'
}
{
  service: 'pather-khonje-api',
  level: 'info',
  message: '::1 - - [11/Sep/2025:01:49:35 +0000] "POST /api/auth/login HTTP/1.1" 200 876 "http://localhost:5173/" "Mozilla/5.0 (Windows NT 10.0; Win64; x64) AppleWebKit/537.36 (KHTML, like Gecko) Chrome/140.0.0.0 Safari/537.36"',
  timestamp: '2025-09-11 07:19:35'
}
{
  service: 'pather-khonje-api',
  level: 'info',
  message: '::1 - - [11/Sep/2025:01:50:02 +0000] "OPTIONS /api/auth/verify-token HTTP/1.1" 204 0 "http://localhost:5173/" "Mozilla/5.0 (Windows NT 10.0; Win64; x64) AppleWebKit/537.36 (KHTML, like Gecko) Chrome/140.0.0.0 Safari/537.36"',
  timestamp: '2025-09-11 07:20:02'
}
{
  service: 'pather-khonje-api',
  level: 'info',
  message: '::1 - - [11/Sep/2025:01:50:02 +0000] "OPTIONS /api/auth/verify-token HTTP/1.1" 204 0 "http://localhost:5173/" "Mozilla/5.0 (Windows NT 10.0; Win64; x64) AppleWebKit/537.36 (KHTML, like Gecko) Chrome/140.0.0.0 Safari/537.36"',
  timestamp: '2025-09-11 07:20:02'
}
{
  service: 'pather-khonje-api',
  method: 'POST',
  url: '/api/auth/verify-token',
  ip: '::1',
  userAgent: 'Mozilla/5.0 (Windows NT 10.0; Win64; x64) AppleWebKit/537.36 (KHTML, like Gecko) Chrome/140.0.0.0 Safari/537.36',
  userId: new ObjectId("68c21906b673f8f3c4391804"),
  timestamp: '2025-09-11 07:20:02',
  level: 'info',
  message: 'API request'
}
{
  service: 'pather-khonje-api',
  level: 'info',
  message: '::1 - - [11/Sep/2025:01:50:02 +0000] "POST /api/auth/verify-token HTTP/1.1" 200 218 "http://localhost:5173/" "Mozilla/5.0 (Windows NT 10.0; Win64; x64) AppleWebKit/537.36 (KHTML, like Gecko) Chrome/140.0.0.0 Safari/537.36"',
  timestamp: '2025-09-11 07:20:02'
}
{
  service: 'pather-khonje-api',
  method: 'POST',
  url: '/api/auth/verify-token',
  ip: '::1',
  userAgent: 'Mozilla/5.0 (Windows NT 10.0; Win64; x64) AppleWebKit/537.36 (KHTML, like Gecko) Chrome/140.0.0.0 Safari/537.36',
  userId: new ObjectId("68c21906b673f8f3c4391804"),
  timestamp: '2025-09-11 07:20:02',
  level: 'info',
  message: 'API request'
}
{
  service: 'pather-khonje-api',
  level: 'info',
  message: '::1 - - [11/Sep/2025:01:50:02 +0000] "POST /api/auth/verify-token HTTP/1.1" 200 218 "http://localhost:5173/" "Mozilla/5.0 (Windows NT 10.0; Win64; x64) AppleWebKit/537.36 (KHTML, like Gecko) Chrome/140.0.0.0 Safari/537.36"',
  timestamp: '2025-09-11 07:20:02'
}
{
  service: 'pather-khonje-api',
  level: 'info',
  message: '::1 - - [11/Sep/2025:01:51:48 +0000] "OPTIONS /api/auth/verify-token HTTP/1.1" 204 0 "http://localhost:5173/" "Mozilla/5.0 (Windows NT 10.0; Win64; x64) AppleWebKit/537.36 (KHTML, like Gecko) Chrome/140.0.0.0 Safari/537.36"',
  timestamp: '2025-09-11 07:21:48'
}
{
  service: 'pather-khonje-api',
  level: 'info',
  message: '::1 - - [11/Sep/2025:01:51:48 +0000] "OPTIONS /api/auth/verify-token HTTP/1.1" 204 0 "http://localhost:5173/" "Mozilla/5.0 (Windows NT 10.0; Win64; x64) AppleWebKit/537.36 (KHTML, like Gecko) Chrome/140.0.0.0 Safari/537.36"',
  timestamp: '2025-09-11 07:21:48'
}
{
  service: 'pather-khonje-api',
  method: 'POST',
  url: '/api/auth/verify-token',
  ip: '::1',
  userAgent: 'Mozilla/5.0 (Windows NT 10.0; Win64; x64) AppleWebKit/537.36 (KHTML, like Gecko) Chrome/140.0.0.0 Safari/537.36',
  userId: new ObjectId("68c21906b673f8f3c4391804"),
  timestamp: '2025-09-11 07:21:48',
  level: 'info',
  message: 'API request'
}
{
  service: 'pather-khonje-api',
  level: 'info',
  message: '::1 - - [11/Sep/2025:01:51:48 +0000] "POST /api/auth/verify-token HTTP/1.1" 200 218 "http://localhost:5173/" "Mozilla/5.0 (Windows NT 10.0; Win64; x64) AppleWebKit/537.36 (KHTML, like Gecko) Chrome/140.0.0.0 Safari/537.36"',
  timestamp: '2025-09-11 07:21:48'
}
{
  service: 'pather-khonje-api',
  method: 'POST',
  url: '/api/auth/verify-token',
  ip: '::1',
  userAgent: 'Mozilla/5.0 (Windows NT 10.0; Win64; x64) AppleWebKit/537.36 (KHTML, like Gecko) Chrome/140.0.0.0 Safari/537.36',
  userId: new ObjectId("68c21906b673f8f3c4391804"),
  timestamp: '2025-09-11 07:21:48',
  level: 'info',
  message: 'API request'
}
{
  service: 'pather-khonje-api',
  level: 'info',
  message: '::1 - - [11/Sep/2025:01:51:48 +0000] "POST /api/auth/verify-token HTTP/1.1" 200 218 "http://localhost:5173/" "Mozilla/5.0 (Windows NT 10.0; Win64; x64) AppleWebKit/537.36 (KHTML, like Gecko) Chrome/140.0.0.0 Safari/537.36"',
  timestamp: '2025-09-11 07:21:48'
}
{
  service: 'pather-khonje-api',
  level: 'info',
  message: '::1 - - [11/Sep/2025:01:51:55 +0000] "OPTIONS /api/auth/verify-token HTTP/1.1" 204 0 "http://localhost:5173/" "Mozilla/5.0 (Windows NT 10.0; Win64; x64) AppleWebKit/537.36 (KHTML, like Gecko) Chrome/140.0.0.0 Safari/537.36"',
  timestamp: '2025-09-11 07:21:55'
}
{
  service: 'pather-khonje-api',
  level: 'info',
  message: '::1 - - [11/Sep/2025:01:51:55 +0000] "OPTIONS /api/auth/verify-token HTTP/1.1" 204 0 "http://localhost:5173/" "Mozilla/5.0 (Windows NT 10.0; Win64; x64) AppleWebKit/537.36 (KHTML, like Gecko) Chrome/140.0.0.0 Safari/537.36"',
  timestamp: '2025-09-11 07:21:55'
}
{
  service: 'pather-khonje-api',
  method: 'POST',
  url: '/api/auth/verify-token',
  ip: '::1',
  userAgent: 'Mozilla/5.0 (Windows NT 10.0; Win64; x64) AppleWebKit/537.36 (KHTML, like Gecko) Chrome/140.0.0.0 Safari/537.36',
  userId: new ObjectId("68c21906b673f8f3c4391804"),
  timestamp: '2025-09-11 07:21:55',
  level: 'info',
  message: 'API request'
}
{
  service: 'pather-khonje-api',
  level: 'info',
  message: '::1 - - [11/Sep/2025:01:51:55 +0000] "POST /api/auth/verify-token HTTP/1.1" 200 218 "http://localhost:5173/" "Mozilla/5.0 (Windows NT 10.0; Win64; x64) AppleWebKit/537.36 (KHTML, like Gecko) Chrome/140.0.0.0 Safari/537.36"',
  timestamp: '2025-09-11 07:21:55'
}
{
  service: 'pather-khonje-api',
  method: 'POST',
  url: '/api/auth/verify-token',
  ip: '::1',
  userAgent: 'Mozilla/5.0 (Windows NT 10.0; Win64; x64) AppleWebKit/537.36 (KHTML, like Gecko) Chrome/140.0.0.0 Safari/537.36',
  userId: new ObjectId("68c21906b673f8f3c4391804"),
  timestamp: '2025-09-11 07:21:55',
  level: 'info',
  message: 'API request'
}
{
  service: 'pather-khonje-api',
  level: 'info',
  message: '::1 - - [11/Sep/2025:01:51:55 +0000] "POST /api/auth/verify-token HTTP/1.1" 200 218 "http://localhost:5173/" "Mozilla/5.0 (Windows NT 10.0; Win64; x64) AppleWebKit/537.36 (KHTML, like Gecko) Chrome/140.0.0.0 Safari/537.36"',
  timestamp: '2025-09-11 07:21:55'
}
{
  service: 'pather-khonje-api',
  level: 'info',
  message: '::1 - - [11/Sep/2025:01:52:02 +0000] "OPTIONS /api/auth/logout HTTP/1.1" 204 0 "http://localhost:5173/" "Mozilla/5.0 (Windows NT 10.0; Win64; x64) AppleWebKit/537.36 (KHTML, like Gecko) Chrome/140.0.0.0 Safari/537.36"',
  timestamp: '2025-09-11 07:22:02'
}
{
  service: 'pather-khonje-api',
  method: 'POST',
  url: '/api/auth/logout',
  ip: '::1',
  userAgent: 'Mozilla/5.0 (Windows NT 10.0; Win64; x64) AppleWebKit/537.36 (KHTML, like Gecko) Chrome/140.0.0.0 Safari/537.36',
  userId: new ObjectId("68c21906b673f8f3c4391804"),
  timestamp: '2025-09-11 07:22:02',
  level: 'info',
  message: 'API request'
}
{
  service: 'pather-khonje-api',
  level: 'info',
  message: '::1 - - [11/Sep/2025:01:52:03 +0000] "POST /api/auth/logout HTTP/1.1" 200 52 "http://localhost:5173/" "Mozilla/5.0 (Windows NT 10.0; Win64; x64) AppleWebKit/537.36 (KHTML, like Gecko) Chrome/140.0.0.0 Safari/537.36"',
  timestamp: '2025-09-11 07:22:03'
}
{
  service: 'pather-khonje-api',
  port: 5000,
  environment: 'development',
  frontendUrl: 'http://localhost:5173',
  level: 'info',
  message: 'Server started',
  timestamp: '2025-09-11 17:56:35'
}
{
  service: 'pather-khonje-api',
  level: 'info',
  message: '::1 - - [11/Sep/2025:12:41:24 +0000] "OPTIONS /api/auth/register HTTP/1.1" 204 0 "http://localhost:5173/" "Mozilla/5.0 (Windows NT 10.0; Win64; x64) AppleWebKit/537.36 (KHTML, like Gecko) Chrome/140.0.0.0 Safari/537.36"',
  timestamp: '2025-09-11 18:11:24'
}
{
  service: 'pather-khonje-api',
  userId: new ObjectId("68c2c374f82b297ed852d571"),
  email: 'g6@gmail.com',
  role: 'user',
  isNew: false,
  level: 'info',
  message: 'User saved',
  timestamp: '2025-09-11 18:11:25'
}
{
  service: 'pather-khonje-security',
  userId: new ObjectId("68c2c374f82b297ed852d571"),
  email: 'g6@gmail.com',
  timestamp: '2025-09-11 18:11:25',
  level: 'info',
  message: 'Token refreshed'
}
{
  service: 'pather-khonje-security',
  email: 'g6@gmail.com',
  success: true,
  ip: '::1',
  userAgent: 'Mozilla/5.0 (Windows NT 10.0; Win64; x64) AppleWebKit/537.36 (KHTML, like Gecko) Chrome/140.0.0.0 Safari/537.36',
  timestamp: '2025-09-11 18:11:25',
  level: 'info',
  message: 'Login attempt'
}
{
  service: 'pather-khonje-api',
  level: 'info',
  message: '::1 - - [11/Sep/2025:12:41:25 +0000] "POST /api/auth/register HTTP/1.1" 201 861 "http://localhost:5173/" "Mozilla/5.0 (Windows NT 10.0; Win64; x64) AppleWebKit/537.36 (KHTML, like Gecko) Chrome/140.0.0.0 Safari/537.36"',
  timestamp: '2025-09-11 18:11:25'
}
{
  service: 'pather-khonje-api',
  level: 'info',
  message: '::1 - - [11/Sep/2025:12:41:52 +0000] "OPTIONS /api/auth/logout HTTP/1.1" 204 0 "http://localhost:5173/" "Mozilla/5.0 (Windows NT 10.0; Win64; x64) AppleWebKit/537.36 (KHTML, like Gecko) Chrome/140.0.0.0 Safari/537.36"',
  timestamp: '2025-09-11 18:11:52'
}
{
  service: 'pather-khonje-api',
  method: 'POST',
  url: '/api/auth/logout',
  ip: '::1',
  userAgent: 'Mozilla/5.0 (Windows NT 10.0; Win64; x64) AppleWebKit/537.36 (KHTML, like Gecko) Chrome/140.0.0.0 Safari/537.36',
  userId: new ObjectId("68c2c374f82b297ed852d571"),
  timestamp: '2025-09-11 18:11:52',
  level: 'info',
  message: 'API request'
}
{
  service: 'pather-khonje-api',
  level: 'info',
  message: '::1 - - [11/Sep/2025:12:41:52 +0000] "POST /api/auth/logout HTTP/1.1" 200 52 "http://localhost:5173/" "Mozilla/5.0 (Windows NT 10.0; Win64; x64) AppleWebKit/537.36 (KHTML, like Gecko) Chrome/140.0.0.0 Safari/537.36"',
  timestamp: '2025-09-11 18:11:52'
}
{
  service: 'pather-khonje-api',
  level: 'info',
  message: '::1 - - [11/Sep/2025:12:42:13 +0000] "OPTIONS /api/auth/login HTTP/1.1" 204 0 "http://localhost:5173/" "Mozilla/5.0 (Windows NT 10.0; Win64; x64) AppleWebKit/537.36 (KHTML, like Gecko) Chrome/140.0.0.0 Safari/537.36"',
  timestamp: '2025-09-11 18:12:13'
}
{
  service: 'pather-khonje-api',
  userId: new ObjectId("68c21906b673f8f3c4391804"),
  email: 'admin@patherkhonje.com',
  role: 'admin',
  isNew: false,
  level: 'info',
  message: 'User saved',
  timestamp: '2025-09-11 18:12:14'
}
{
  service: 'pather-khonje-security',
  userId: new ObjectId("68c21906b673f8f3c4391804"),
  email: 'admin@patherkhonje.com',
  timestamp: '2025-09-11 18:12:14',
  level: 'info',
  message: 'Token refreshed'
}
{
  service: 'pather-khonje-security',
  email: 'admin@patherkhonje.com',
  success: true,
  ip: '::1',
  userAgent: 'Mozilla/5.0 (Windows NT 10.0; Win64; x64) AppleWebKit/537.36 (KHTML, like Gecko) Chrome/140.0.0.0 Safari/537.36',
  timestamp: '2025-09-11 18:12:14',
  level: 'info',
  message: 'Login attempt'
}
{
  service: 'pather-khonje-api',
  level: 'info',
  message: '::1 - - [11/Sep/2025:12:42:14 +0000] "POST /api/auth/login HTTP/1.1" 200 876 "http://localhost:5173/" "Mozilla/5.0 (Windows NT 10.0; Win64; x64) AppleWebKit/537.36 (KHTML, like Gecko) Chrome/140.0.0.0 Safari/537.36"',
  timestamp: '2025-09-11 18:12:14'
}
{
  service: 'pather-khonje-api',
  port: 5000,
  environment: 'development',
  frontendUrl: 'http://localhost:5173',
  level: 'info',
  message: 'Server started',
  timestamp: '2025-09-11 20:00:05'
}
{
  service: 'pather-khonje-api',
  level: 'info',
  message: '::1 - - [11/Sep/2025:14:33:48 +0000] "OPTIONS /api/auth/login HTTP/1.1" 204 0 "http://localhost:5173/" "Mozilla/5.0 (Windows NT 10.0; Win64; x64) AppleWebKit/537.36 (KHTML, like Gecko) Chrome/140.0.0.0 Safari/537.36"',
  timestamp: '2025-09-11 20:03:48'
}
{
  service: 'pather-khonje-api',
  userId: new ObjectId("68c21906b673f8f3c4391804"),
  email: 'admin@patherkhonje.com',
  role: 'admin',
  isNew: false,
  level: 'info',
  message: 'User saved',
  timestamp: '2025-09-11 20:03:49'
}
{
  service: 'pather-khonje-security',
  userId: new ObjectId("68c21906b673f8f3c4391804"),
  email: 'admin@patherkhonje.com',
  timestamp: '2025-09-11 20:03:49',
  level: 'info',
  message: 'Token refreshed'
}
{
  service: 'pather-khonje-security',
  email: 'admin@patherkhonje.com',
  success: true,
  ip: '::1',
  userAgent: 'Mozilla/5.0 (Windows NT 10.0; Win64; x64) AppleWebKit/537.36 (KHTML, like Gecko) Chrome/140.0.0.0 Safari/537.36',
  timestamp: '2025-09-11 20:03:49',
  level: 'info',
  message: 'Login attempt'
}
{
  service: 'pather-khonje-api',
  level: 'info',
  message: '::1 - - [11/Sep/2025:14:33:49 +0000] "POST /api/auth/login HTTP/1.1" 200 876 "http://localhost:5173/" "Mozilla/5.0 (Windows NT 10.0; Win64; x64) AppleWebKit/537.36 (KHTML, like Gecko) Chrome/140.0.0.0 Safari/537.36"',
  timestamp: '2025-09-11 20:03:49'
}
{
  service: 'pather-khonje-api',
  port: 5000,
  environment: 'development',
  frontendUrl: 'http://localhost:5173',
  level: 'info',
  message: 'Server started',
  timestamp: '2025-09-11 20:18:38'
}
{
  service: 'pather-khonje-api',
  level: 'info',
  message: '::1 - - [11/Sep/2025:14:49:10 +0000] "OPTIONS /api/auth/verify-token HTTP/1.1" 204 0 "http://localhost:5173/" "Mozilla/5.0 (Windows NT 10.0; Win64; x64) AppleWebKit/537.36 (KHTML, like Gecko) Chrome/140.0.0.0 Safari/537.36"',
  timestamp: '2025-09-11 20:19:10'
}
{
  service: 'pather-khonje-api',
  level: 'info',
  message: '::1 - - [11/Sep/2025:14:49:11 +0000] "OPTIONS /api/auth/verify-token HTTP/1.1" 204 0 "http://localhost:5173/" "Mozilla/5.0 (Windows NT 10.0; Win64; x64) AppleWebKit/537.36 (KHTML, like Gecko) Chrome/140.0.0.0 Safari/537.36"',
  timestamp: '2025-09-11 20:19:11'
}
{
  service: 'pather-khonje-api',
  method: 'POST',
  url: '/api/auth/verify-token',
  ip: '::1',
  userAgent: 'Mozilla/5.0 (Windows NT 10.0; Win64; x64) AppleWebKit/537.36 (KHTML, like Gecko) Chrome/140.0.0.0 Safari/537.36',
  userId: new ObjectId("68c21906b673f8f3c4391804"),
  timestamp: '2025-09-11 20:19:11',
  level: 'info',
  message: 'API request'
}
{
  service: 'pather-khonje-api',
  level: 'info',
  message: '::1 - - [11/Sep/2025:14:49:11 +0000] "POST /api/auth/verify-token HTTP/1.1" 200 218 "http://localhost:5173/" "Mozilla/5.0 (Windows NT 10.0; Win64; x64) AppleWebKit/537.36 (KHTML, like Gecko) Chrome/140.0.0.0 Safari/537.36"',
  timestamp: '2025-09-11 20:19:11'
}
{
  service: 'pather-khonje-api',
  method: 'POST',
  url: '/api/auth/verify-token',
  ip: '::1',
  userAgent: 'Mozilla/5.0 (Windows NT 10.0; Win64; x64) AppleWebKit/537.36 (KHTML, like Gecko) Chrome/140.0.0.0 Safari/537.36',
  userId: new ObjectId("68c21906b673f8f3c4391804"),
  timestamp: '2025-09-11 20:19:11',
  level: 'info',
  message: 'API request'
}
{
  service: 'pather-khonje-api',
  level: 'info',
  message: '::1 - - [11/Sep/2025:14:49:11 +0000] "POST /api/auth/verify-token HTTP/1.1" 200 218 "http://localhost:5173/" "Mozilla/5.0 (Windows NT 10.0; Win64; x64) AppleWebKit/537.36 (KHTML, like Gecko) Chrome/140.0.0.0 Safari/537.36"',
  timestamp: '2025-09-11 20:19:11'
}
{
  service: 'pather-khonje-api',
  level: 'info',
  message: '::1 - - [11/Sep/2025:14:50:32 +0000] "OPTIONS /api/auth/verify-token HTTP/1.1" 204 0 "http://localhost:5173/" "Mozilla/5.0 (Windows NT 10.0; Win64; x64) AppleWebKit/537.36 (KHTML, like Gecko) Chrome/140.0.0.0 Safari/537.36"',
  timestamp: '2025-09-11 20:20:32'
}
{
  service: 'pather-khonje-api',
  level: 'info',
  message: '::1 - - [11/Sep/2025:14:50:32 +0000] "OPTIONS /api/auth/verify-token HTTP/1.1" 204 0 "http://localhost:5173/" "Mozilla/5.0 (Windows NT 10.0; Win64; x64) AppleWebKit/537.36 (KHTML, like Gecko) Chrome/140.0.0.0 Safari/537.36"',
  timestamp: '2025-09-11 20:20:32'
}
{
  service: 'pather-khonje-api',
  method: 'POST',
  url: '/api/auth/verify-token',
  ip: '::1',
  userAgent: 'Mozilla/5.0 (Windows NT 10.0; Win64; x64) AppleWebKit/537.36 (KHTML, like Gecko) Chrome/140.0.0.0 Safari/537.36',
  userId: new ObjectId("68c21906b673f8f3c4391804"),
  timestamp: '2025-09-11 20:20:32',
  level: 'info',
  message: 'API request'
}
{
  service: 'pather-khonje-api',
  level: 'info',
  message: '::1 - - [11/Sep/2025:14:50:32 +0000] "POST /api/auth/verify-token HTTP/1.1" 200 218 "http://localhost:5173/" "Mozilla/5.0 (Windows NT 10.0; Win64; x64) AppleWebKit/537.36 (KHTML, like Gecko) Chrome/140.0.0.0 Safari/537.36"',
  timestamp: '2025-09-11 20:20:32'
}
{
  service: 'pather-khonje-api',
  method: 'POST',
  url: '/api/auth/verify-token',
  ip: '::1',
  userAgent: 'Mozilla/5.0 (Windows NT 10.0; Win64; x64) AppleWebKit/537.36 (KHTML, like Gecko) Chrome/140.0.0.0 Safari/537.36',
  userId: new ObjectId("68c21906b673f8f3c4391804"),
  timestamp: '2025-09-11 20:20:32',
  level: 'info',
  message: 'API request'
}
{
  service: 'pather-khonje-api',
  level: 'info',
  message: '::1 - - [11/Sep/2025:14:50:32 +0000] "POST /api/auth/verify-token HTTP/1.1" 200 218 "http://localhost:5173/" "Mozilla/5.0 (Windows NT 10.0; Win64; x64) AppleWebKit/537.36 (KHTML, like Gecko) Chrome/140.0.0.0 Safari/537.36"',
  timestamp: '2025-09-11 20:20:32'
}
