{
  service: 'pather-khonje-api',
  level: 'info',
  message: 'Database indexes created successfully',
  timestamp: '2025-09-14 01:24:52'
}
{
  service: 'pather-khonje-api',
  email: 'admin@patherkhonje.com',
  level: 'info',
  message: 'Admin user already exists',
  timestamp: '2025-09-14 01:24:52'
}
{
  service: 'pather-khonje-api',
  port: 5000,
  environment: 'development',
  frontendUrl: 'http://localhost:5173',
  level: 'info',
  message: 'Server started',
  timestamp: '2025-09-14 01:24:52'
}
{
  service: 'pather-khonje-api',
  level: 'info',
  message: 'Database indexes created successfully',
  timestamp: '2025-09-14 01:36:02'
}
{
  service: 'pather-khonje-api',
  email: 'admin@patherkhonje.com',
  level: 'info',
  message: 'Admin user already exists',
  timestamp: '2025-09-14 01:36:03'
}
{
  service: 'pather-khonje-api',
  port: 5000,
  environment: 'development',
  frontendUrl: 'http://localhost:5173',
  level: 'info',
  message: 'Server started',
  timestamp: '2025-09-14 01:36:03'
}
{
  service: 'pather-khonje-api',
  level: 'info',
  message: 'Database indexes created successfully',
  timestamp: '2025-09-14 01:41:43'
}
{
  service: 'pather-khonje-api',
  email: 'admin@patherkhonje.com',
  level: 'info',
  message: 'Admin user already exists',
  timestamp: '2025-09-14 01:41:43'
}
{
  service: 'pather-khonje-api',
  port: 5000,
  environment: 'development',
  frontendUrl: 'http://localhost:5173',
  level: 'info',
  message: 'Server started',
  timestamp: '2025-09-14 01:41:43'
}
{
  service: 'pather-khonje-api',
  level: 'info',
  message: '::1 - - [13/Sep/2025:20:12:28 +0000] "OPTIONS /api/auth/login HTTP/1.1" 200 2 "http://localhost:5173/" "Mozilla/5.0 (Windows NT 10.0; Win64; x64) AppleWebKit/537.36 (KHTML, like Gecko) Chrome/140.0.0.0 Safari/537.36"',
  timestamp: '2025-09-14 01:42:28'
}
{
  service: 'pather-khonje-api',
  userId: new ObjectId("68c4ba80869f5fde8f5ea341"),
  email: 'admin@patherkhonje.com',
  role: 'admin',
  isNew: false,
  level: 'info',
  message: 'User saved',
  timestamp: '2025-09-14 01:42:30'
}
{
  service: 'pather-khonje-security',
  userId: new ObjectId("68c4ba80869f5fde8f5ea341"),
  email: 'admin@patherkhonje.com',
  timestamp: '2025-09-14 01:42:30',
  level: 'info',
  message: 'Token refreshed'
}
{
  service: 'pather-khonje-security',
  email: 'admin@patherkhonje.com',
  success: true,
  ip: '::1',
  userAgent: 'Mozilla/5.0 (Windows NT 10.0; Win64; x64) AppleWebKit/537.36 (KHTML, like Gecko) Chrome/140.0.0.0 Safari/537.36',
  timestamp: '2025-09-14 01:42:31',
  level: 'info',
  message: 'Login attempt'
}
{
  service: 'pather-khonje-api',
  level: 'info',
  message: '::1 - - [13/Sep/2025:20:12:31 +0000] "POST /api/auth/login HTTP/1.1" 200 874 "http://localhost:5173/" "Mozilla/5.0 (Windows NT 10.0; Win64; x64) AppleWebKit/537.36 (KHTML, like Gecko) Chrome/140.0.0.0 Safari/537.36"',
  timestamp: '2025-09-14 01:42:31'
}
{
  service: 'pather-khonje-api',
  level: 'info',
  message: '::1 - - [13/Sep/2025:20:12:31 +0000] "OPTIONS /api/admin/stats HTTP/1.1" 200 2 "http://localhost:5173/" "Mozilla/5.0 (Windows NT 10.0; Win64; x64) AppleWebKit/537.36 (KHTML, like Gecko) Chrome/140.0.0.0 Safari/537.36"',
  timestamp: '2025-09-14 01:42:31'
}
{
  service: 'pather-khonje-api',
  level: 'info',
  message: '::1 - - [13/Sep/2025:20:12:31 +0000] "OPTIONS /api/admin/stats HTTP/1.1" 200 2 "http://localhost:5173/" "Mozilla/5.0 (Windows NT 10.0; Win64; x64) AppleWebKit/537.36 (KHTML, like Gecko) Chrome/140.0.0.0 Safari/537.36"',
  timestamp: '2025-09-14 01:42:31'
}
{
  service: 'pather-khonje-api',
  method: 'GET',
  url: '/api/admin/stats',
  ip: '::1',
  userAgent: 'Mozilla/5.0 (Windows NT 10.0; Win64; x64) AppleWebKit/537.36 (KHTML, like Gecko) Chrome/140.0.0.0 Safari/537.36',
  userId: new ObjectId("68c4ba80869f5fde8f5ea341"),
  timestamp: '2025-09-14 01:42:31',
  level: 'info',
  message: 'API request'
}
{
  service: 'pather-khonje-api',
  level: 'info',
  message: '::1 - - [13/Sep/2025:20:12:33 +0000] "GET /api/admin/stats HTTP/1.1" 200 441 "http://localhost:5173/" "Mozilla/5.0 (Windows NT 10.0; Win64; x64) AppleWebKit/537.36 (KHTML, like Gecko) Chrome/140.0.0.0 Safari/537.36"',
  timestamp: '2025-09-14 01:42:33'
}
{
  service: 'pather-khonje-api',
  method: 'GET',
  url: '/api/admin/stats',
  ip: '::1',
  userAgent: 'Mozilla/5.0 (Windows NT 10.0; Win64; x64) AppleWebKit/537.36 (KHTML, like Gecko) Chrome/140.0.0.0 Safari/537.36',
  userId: new ObjectId("68c4ba80869f5fde8f5ea341"),
  timestamp: '2025-09-14 01:42:33',
  level: 'info',
  message: 'API request'
}
{
  service: 'pather-khonje-api',
  level: 'info',
  message: '::1 - - [13/Sep/2025:20:12:35 +0000] "GET /api/admin/stats HTTP/1.1" 200 441 "http://localhost:5173/" "Mozilla/5.0 (Windows NT 10.0; Win64; x64) AppleWebKit/537.36 (KHTML, like Gecko) Chrome/140.0.0.0 Safari/537.36"',
  timestamp: '2025-09-14 01:42:35'
}
{
  service: 'pather-khonje-api',
  level: 'info',
  message: 'Database indexes created successfully',
  timestamp: '2025-09-14 01:49:02'
}
{
  service: 'pather-khonje-api',
  email: 'admin@patherkhonje.com',
  level: 'info',
  message: 'Admin user already exists',
  timestamp: '2025-09-14 01:49:02'
}
{
  service: 'pather-khonje-api',
  port: 5000,
  environment: 'development',
  frontendUrl: 'http://localhost:5173',
  level: 'info',
  message: 'Server started',
  timestamp: '2025-09-14 01:49:02'
}
{
  service: 'pather-khonje-api',
  level: 'info',
  message: 'Database indexes created successfully',
  timestamp: '2025-09-14 01:49:55'
}
{
  service: 'pather-khonje-api',
  email: 'admin@patherkhonje.com',
  level: 'info',
  message: 'Admin user already exists',
  timestamp: '2025-09-14 01:49:55'
}
{
  service: 'pather-khonje-api',
  port: 5000,
  environment: 'development',
  frontendUrl: 'http://localhost:5173',
  level: 'info',
  message: 'Server started',
  timestamp: '2025-09-14 01:49:55'
}
{
  service: 'pather-khonje-api',
  level: 'info',
  message: '::1 - - [13/Sep/2025:20:20:15 +0000] "OPTIONS /api/auth/verify-token HTTP/1.1" 200 2 "http://localhost:5173/" "Mozilla/5.0 (Windows NT 10.0; Win64; x64) AppleWebKit/537.36 (KHTML, like Gecko) Chrome/140.0.0.0 Safari/537.36"',
  timestamp: '2025-09-14 01:50:15'
}
{
  service: 'pather-khonje-api',
  level: 'info',
  message: '::1 - - [13/Sep/2025:20:20:15 +0000] "OPTIONS /api/auth/verify-token HTTP/1.1" 200 2 "http://localhost:5173/" "Mozilla/5.0 (Windows NT 10.0; Win64; x64) AppleWebKit/537.36 (KHTML, like Gecko) Chrome/140.0.0.0 Safari/537.36"',
  timestamp: '2025-09-14 01:50:15'
}
{
  service: 'pather-khonje-api',
  method: 'POST',
  url: '/api/auth/verify-token',
  ip: '::1',
  userAgent: 'Mozilla/5.0 (Windows NT 10.0; Win64; x64) AppleWebKit/537.36 (KHTML, like Gecko) Chrome/140.0.0.0 Safari/537.36',
  userId: new ObjectId("68c4ba80869f5fde8f5ea341"),
  timestamp: '2025-09-14 01:50:15',
  level: 'info',
  message: 'API request'
}
{
  service: 'pather-khonje-api',
  level: 'info',
  message: '::1 - - [13/Sep/2025:20:20:15 +0000] "POST /api/auth/verify-token HTTP/1.1" 200 217 "http://localhost:5173/" "Mozilla/5.0 (Windows NT 10.0; Win64; x64) AppleWebKit/537.36 (KHTML, like Gecko) Chrome/140.0.0.0 Safari/537.36"',
  timestamp: '2025-09-14 01:50:15'
}
{
  service: 'pather-khonje-api',
  method: 'POST',
  url: '/api/auth/verify-token',
  ip: '::1',
  userAgent: 'Mozilla/5.0 (Windows NT 10.0; Win64; x64) AppleWebKit/537.36 (KHTML, like Gecko) Chrome/140.0.0.0 Safari/537.36',
  userId: new ObjectId("68c4ba80869f5fde8f5ea341"),
  timestamp: '2025-09-14 01:50:15',
  level: 'info',
  message: 'API request'
}
{
  service: 'pather-khonje-api',
  level: 'info',
  message: '::1 - - [13/Sep/2025:20:20:15 +0000] "POST /api/auth/verify-token HTTP/1.1" 200 217 "http://localhost:5173/" "Mozilla/5.0 (Windows NT 10.0; Win64; x64) AppleWebKit/537.36 (KHTML, like Gecko) Chrome/140.0.0.0 Safari/537.36"',
  timestamp: '2025-09-14 01:50:15'
}
{
  service: 'pather-khonje-api',
  level: 'info',
  message: '::1 - - [13/Sep/2025:20:20:16 +0000] "OPTIONS /api/admin/stats HTTP/1.1" 200 2 "http://localhost:5173/" "Mozilla/5.0 (Windows NT 10.0; Win64; x64) AppleWebKit/537.36 (KHTML, like Gecko) Chrome/140.0.0.0 Safari/537.36"',
  timestamp: '2025-09-14 01:50:16'
}
{
  service: 'pather-khonje-api',
  level: 'info',
  message: '::1 - - [13/Sep/2025:20:20:16 +0000] "OPTIONS /api/admin/stats HTTP/1.1" 200 2 "http://localhost:5173/" "Mozilla/5.0 (Windows NT 10.0; Win64; x64) AppleWebKit/537.36 (KHTML, like Gecko) Chrome/140.0.0.0 Safari/537.36"',
  timestamp: '2025-09-14 01:50:16'
}
{
  service: 'pather-khonje-api',
  method: 'GET',
  url: '/api/admin/stats',
  ip: '::1',
  userAgent: 'Mozilla/5.0 (Windows NT 10.0; Win64; x64) AppleWebKit/537.36 (KHTML, like Gecko) Chrome/140.0.0.0 Safari/537.36',
  userId: new ObjectId("68c4ba80869f5fde8f5ea341"),
  timestamp: '2025-09-14 01:50:16',
  level: 'info',
  message: 'API request'
}
{
  service: 'pather-khonje-api',
  level: 'info',
  message: '::1 - - [13/Sep/2025:20:20:18 +0000] "GET /api/admin/stats HTTP/1.1" 200 441 "http://localhost:5173/" "Mozilla/5.0 (Windows NT 10.0; Win64; x64) AppleWebKit/537.36 (KHTML, like Gecko) Chrome/140.0.0.0 Safari/537.36"',
  timestamp: '2025-09-14 01:50:18'
}
{
  service: 'pather-khonje-api',
  method: 'GET',
  url: '/api/admin/stats',
  ip: '::1',
  userAgent: 'Mozilla/5.0 (Windows NT 10.0; Win64; x64) AppleWebKit/537.36 (KHTML, like Gecko) Chrome/140.0.0.0 Safari/537.36',
  userId: new ObjectId("68c4ba80869f5fde8f5ea341"),
  timestamp: '2025-09-14 01:50:18',
  level: 'info',
  message: 'API request'
}
{
  service: 'pather-khonje-api',
  level: 'info',
  message: '::1 - - [13/Sep/2025:20:20:19 +0000] "GET /api/admin/stats HTTP/1.1" 200 441 "http://localhost:5173/" "Mozilla/5.0 (Windows NT 10.0; Win64; x64) AppleWebKit/537.36 (KHTML, like Gecko) Chrome/140.0.0.0 Safari/537.36"',
  timestamp: '2025-09-14 01:50:19'
}
{
  service: 'pather-khonje-api',
  level: 'info',
  message: '::1 - - [13/Sep/2025:20:20:26 +0000] "OPTIONS /api/auth/verify-token HTTP/1.1" 200 2 "http://localhost:5173/" "Mozilla/5.0 (Windows NT 10.0; Win64; x64) AppleWebKit/537.36 (KHTML, like Gecko) Chrome/140.0.0.0 Safari/537.36"',
  timestamp: '2025-09-14 01:50:26'
}
{
  service: 'pather-khonje-api',
  level: 'info',
  message: '::1 - - [13/Sep/2025:20:20:26 +0000] "OPTIONS /api/auth/verify-token HTTP/1.1" 200 2 "http://localhost:5173/" "Mozilla/5.0 (Windows NT 10.0; Win64; x64) AppleWebKit/537.36 (KHTML, like Gecko) Chrome/140.0.0.0 Safari/537.36"',
  timestamp: '2025-09-14 01:50:26'
}
{
  service: 'pather-khonje-api',
  method: 'POST',
  url: '/api/auth/verify-token',
  ip: '::1',
  userAgent: 'Mozilla/5.0 (Windows NT 10.0; Win64; x64) AppleWebKit/537.36 (KHTML, like Gecko) Chrome/140.0.0.0 Safari/537.36',
  userId: new ObjectId("68c4ba80869f5fde8f5ea341"),
  timestamp: '2025-09-14 01:50:27',
  level: 'info',
  message: 'API request'
}
{
  service: 'pather-khonje-api',
  level: 'info',
  message: '::1 - - [13/Sep/2025:20:20:27 +0000] "POST /api/auth/verify-token HTTP/1.1" 200 217 "http://localhost:5173/" "Mozilla/5.0 (Windows NT 10.0; Win64; x64) AppleWebKit/537.36 (KHTML, like Gecko) Chrome/140.0.0.0 Safari/537.36"',
  timestamp: '2025-09-14 01:50:27'
}
{
  service: 'pather-khonje-api',
  method: 'POST',
  url: '/api/auth/verify-token',
  ip: '::1',
  userAgent: 'Mozilla/5.0 (Windows NT 10.0; Win64; x64) AppleWebKit/537.36 (KHTML, like Gecko) Chrome/140.0.0.0 Safari/537.36',
  userId: new ObjectId("68c4ba80869f5fde8f5ea341"),
  timestamp: '2025-09-14 01:50:27',
  level: 'info',
  message: 'API request'
}
{
  service: 'pather-khonje-api',
  level: 'info',
  message: '::1 - - [13/Sep/2025:20:20:27 +0000] "POST /api/auth/verify-token HTTP/1.1" 200 217 "http://localhost:5173/" "Mozilla/5.0 (Windows NT 10.0; Win64; x64) AppleWebKit/537.36 (KHTML, like Gecko) Chrome/140.0.0.0 Safari/537.36"',
  timestamp: '2025-09-14 01:50:27'
}
{
  service: 'pather-khonje-api',
  level: 'info',
  message: '::1 - - [13/Sep/2025:20:20:27 +0000] "OPTIONS /api/admin/stats HTTP/1.1" 200 2 "http://localhost:5173/" "Mozilla/5.0 (Windows NT 10.0; Win64; x64) AppleWebKit/537.36 (KHTML, like Gecko) Chrome/140.0.0.0 Safari/537.36"',
  timestamp: '2025-09-14 01:50:27'
}
{
  service: 'pather-khonje-api',
  level: 'info',
  message: '::1 - - [13/Sep/2025:20:20:27 +0000] "OPTIONS /api/admin/stats HTTP/1.1" 200 2 "http://localhost:5173/" "Mozilla/5.0 (Windows NT 10.0; Win64; x64) AppleWebKit/537.36 (KHTML, like Gecko) Chrome/140.0.0.0 Safari/537.36"',
  timestamp: '2025-09-14 01:50:27'
}
{
  service: 'pather-khonje-api',
  method: 'GET',
  url: '/api/admin/stats',
  ip: '::1',
  userAgent: 'Mozilla/5.0 (Windows NT 10.0; Win64; x64) AppleWebKit/537.36 (KHTML, like Gecko) Chrome/140.0.0.0 Safari/537.36',
  userId: new ObjectId("68c4ba80869f5fde8f5ea341"),
  timestamp: '2025-09-14 01:50:27',
  level: 'info',
  message: 'API request'
}
{
  service: 'pather-khonje-api',
  level: 'info',
  message: '::1 - - [13/Sep/2025:20:20:28 +0000] "GET /api/admin/stats HTTP/1.1" 200 441 "http://localhost:5173/" "Mozilla/5.0 (Windows NT 10.0; Win64; x64) AppleWebKit/537.36 (KHTML, like Gecko) Chrome/140.0.0.0 Safari/537.36"',
  timestamp: '2025-09-14 01:50:28'
}
{
  service: 'pather-khonje-api',
  method: 'GET',
  url: '/api/admin/stats',
  ip: '::1',
  userAgent: 'Mozilla/5.0 (Windows NT 10.0; Win64; x64) AppleWebKit/537.36 (KHTML, like Gecko) Chrome/140.0.0.0 Safari/537.36',
  userId: new ObjectId("68c4ba80869f5fde8f5ea341"),
  timestamp: '2025-09-14 01:50:28',
  level: 'info',
  message: 'API request'
}
{
  service: 'pather-khonje-api',
  level: 'info',
  message: '::1 - - [13/Sep/2025:20:20:29 +0000] "GET /api/admin/stats HTTP/1.1" 200 441 "http://localhost:5173/" "Mozilla/5.0 (Windows NT 10.0; Win64; x64) AppleWebKit/537.36 (KHTML, like Gecko) Chrome/140.0.0.0 Safari/537.36"',
  timestamp: '2025-09-14 01:50:29'
}
{
  service: 'pather-khonje-api',
  level: 'info',
  message: 'Database indexes created successfully',
  timestamp: '2025-09-14 01:54:11'
}
{
  service: 'pather-khonje-api',
  email: 'admin@patherkhonje.com',
  level: 'info',
  message: 'Admin user already exists',
  timestamp: '2025-09-14 01:54:11'
}
{
  service: 'pather-khonje-api',
  port: 5000,
  environment: 'development',
  frontendUrl: 'http://localhost:5173',
  level: 'info',
  message: 'Server started',
  timestamp: '2025-09-14 01:54:11'
}
{
  service: 'pather-khonje-api',
  level: 'info',
  message: 'Database indexes created successfully',
  timestamp: '2025-09-14 02:06:28'
}
{
  service: 'pather-khonje-api',
  email: 'admin@patherkhonje.com',
  level: 'info',
  message: 'Admin user already exists',
  timestamp: '2025-09-14 02:06:28'
}
{
  service: 'pather-khonje-api',
  port: 5000,
  environment: 'development',
  frontendUrl: 'http://localhost:5173',
  level: 'info',
  message: 'Server started',
  timestamp: '2025-09-14 02:06:28'
}
{
  service: 'pather-khonje-api',
  level: 'info',
  message: 'Database indexes created successfully',
  timestamp: '2025-09-14 02:12:45'
}
{
  service: 'pather-khonje-api',
  email: 'admin@patherkhonje.com',
  level: 'info',
  message: 'Admin user already exists',
  timestamp: '2025-09-14 02:12:45'
}
{
  service: 'pather-khonje-api',
  port: 5000,
  environment: 'development',
  frontendUrl: 'http://localhost:5173',
  level: 'info',
  message: 'Server started',
  timestamp: '2025-09-14 02:12:45'
}
{
  service: 'pather-khonje-api',
  level: 'info',
  message: '::1 - - [13/Sep/2025:20:43:10 +0000] "OPTIONS /api/places HTTP/1.1" 200 2 "http://localhost:5173/" "Mozilla/5.0 (Windows NT 10.0; Win64; x64) AppleWebKit/537.36 (KHTML, like Gecko) Chrome/140.0.0.0 Safari/537.36"',
  timestamp: '2025-09-14 02:13:10'
}
{
  service: 'pather-khonje-api',
  level: 'info',
  message: '::1 - - [13/Sep/2025:20:43:10 +0000] "OPTIONS /api/places HTTP/1.1" 200 2 "http://localhost:5173/" "Mozilla/5.0 (Windows NT 10.0; Win64; x64) AppleWebKit/537.36 (KHTML, like Gecko) Chrome/140.0.0.0 Safari/537.36"',
  timestamp: '2025-09-14 02:13:10'
}
{
  service: 'pather-khonje-api',
  level: 'info',
  message: '::1 - - [13/Sep/2025:20:43:10 +0000] "GET /api/places HTTP/1.1" 304 - "http://localhost:5173/" "Mozilla/5.0 (Windows NT 10.0; Win64; x64) AppleWebKit/537.36 (KHTML, like Gecko) Chrome/140.0.0.0 Safari/537.36"',
  timestamp: '2025-09-14 02:13:10'
}
{
  service: 'pather-khonje-api',
  level: 'info',
  message: '::1 - - [13/Sep/2025:20:43:10 +0000] "GET /uploads/places/manali-1757731778550-265965385.jpg HTTP/1.1" 304 - "http://localhost:5173/" "Mozilla/5.0 (Windows NT 10.0; Win64; x64) AppleWebKit/537.36 (KHTML, like Gecko) Chrome/140.0.0.0 Safari/537.36"',
  timestamp: '2025-09-14 02:13:10'
}
{
  service: 'pather-khonje-api',
  level: 'info',
  message: '::1 - - [13/Sep/2025:20:43:10 +0000] "GET /uploads/places/goa-1757732601200-945614992.jpg HTTP/1.1" 304 - "http://localhost:5173/" "Mozilla/5.0 (Windows NT 10.0; Win64; x64) AppleWebKit/537.36 (KHTML, like Gecko) Chrome/140.0.0.0 Safari/537.36"',
  timestamp: '2025-09-14 02:13:10'
}
{
  service: 'pather-khonje-api',
  level: 'info',
  message: '::1 - - [13/Sep/2025:20:43:10 +0000] "GET /uploads/places/udaipur-1757732087572-225302202.jpg HTTP/1.1" 304 - "http://localhost:5173/" "Mozilla/5.0 (Windows NT 10.0; Win64; x64) AppleWebKit/537.36 (KHTML, like Gecko) Chrome/140.0.0.0 Safari/537.36"',
  timestamp: '2025-09-14 02:13:10'
}
{
  service: 'pather-khonje-api',
  level: 'info',
  message: '::1 - - [13/Sep/2025:20:43:10 +0000] "GET /uploads/places/shimla-1757731864446-772904605.jpg HTTP/1.1" 304 - "http://localhost:5173/" "Mozilla/5.0 (Windows NT 10.0; Win64; x64) AppleWebKit/537.36 (KHTML, like Gecko) Chrome/140.0.0.0 Safari/537.36"',
  timestamp: '2025-09-14 02:13:10'
}
{
  service: 'pather-khonje-api',
  level: 'info',
  message: '::1 - - [13/Sep/2025:20:43:10 +0000] "GET /uploads/places/manali-1757740280528-217777504.jpg HTTP/1.1" 200 98746 "http://localhost:5173/" "Mozilla/5.0 (Windows NT 10.0; Win64; x64) AppleWebKit/537.36 (KHTML, like Gecko) Chrome/140.0.0.0 Safari/537.36"',
  timestamp: '2025-09-14 02:13:10'
}
{
  service: 'pather-khonje-api',
  level: 'info',
  message: '::1 - - [13/Sep/2025:20:43:10 +0000] "GET /api/places HTTP/1.1" 304 - "http://localhost:5173/" "Mozilla/5.0 (Windows NT 10.0; Win64; x64) AppleWebKit/537.36 (KHTML, like Gecko) Chrome/140.0.0.0 Safari/537.36"',
  timestamp: '2025-09-14 02:13:10'
}
{
  service: 'pather-khonje-api',
  level: 'info',
  message: 'Database indexes created successfully',
  timestamp: '2025-09-14 02:25:18'
}
{
  service: 'pather-khonje-api',
  email: 'admin@patherkhonje.com',
  level: 'info',
  message: 'Admin user already exists',
  timestamp: '2025-09-14 02:25:18'
}
{
  service: 'pather-khonje-api',
  port: 5000,
  environment: 'development',
  frontendUrl: 'http://localhost:5173',
  level: 'info',
  message: 'Server started',
  timestamp: '2025-09-14 02:25:18'
}
{
  service: 'pather-khonje-api',
  level: 'info',
  message: 'Database indexes created successfully',
  timestamp: '2025-09-14 02:29:07'
}
{
  service: 'pather-khonje-api',
  email: 'admin@patherkhonje.com',
  level: 'info',
  message: 'Admin user already exists',
  timestamp: '2025-09-14 02:29:08'
}
{
  service: 'pather-khonje-api',
  port: 5000,
  environment: 'development',
  frontendUrl: 'http://localhost:5173',
  level: 'info',
  message: 'Server started',
  timestamp: '2025-09-14 02:29:08'
}
{
  service: 'pather-khonje-api',
  level: 'info',
  message: 'Database indexes created successfully',
  timestamp: '2025-09-14 02:29:23'
}
{
  service: 'pather-khonje-api',
  email: 'admin@patherkhonje.com',
  level: 'info',
  message: 'Admin user already exists',
  timestamp: '2025-09-14 02:29:23'
}
{
  service: 'pather-khonje-api',
  port: 5000,
  environment: 'development',
  frontendUrl: 'http://localhost:5173',
  level: 'info',
  message: 'Server started',
  timestamp: '2025-09-14 02:29:23'
}
{
  service: 'pather-khonje-api',
  level: 'info',
  message: 'Database indexes created successfully',
  timestamp: '2025-09-14 02:30:00'
}
{
  service: 'pather-khonje-api',
  email: 'admin@patherkhonje.com',
  level: 'info',
  message: 'Admin user already exists',
  timestamp: '2025-09-14 02:30:00'
}
{
  service: 'pather-khonje-api',
  port: 5000,
  environment: 'development',
  frontendUrl: 'http://localhost:5173',
  level: 'info',
  message: 'Server started',
  timestamp: '2025-09-14 02:30:00'
}
{
  service: 'pather-khonje-api',
  level: 'info',
  message: 'Database indexes created successfully',
  timestamp: '2025-09-14 02:33:53'
}
{
  service: 'pather-khonje-api',
  email: 'admin@patherkhonje.com',
  level: 'info',
  message: 'Admin user already exists',
  timestamp: '2025-09-14 02:33:53'
}
{
  service: 'pather-khonje-api',
  port: 5000,
  environment: 'development',
  frontendUrl: 'http://localhost:5173',
  level: 'info',
  message: 'Server started',
  timestamp: '2025-09-14 02:33:53'
}
{
  service: 'pather-khonje-api',
  level: 'info',
  message: 'Database indexes created successfully',
  timestamp: '2025-09-14 02:34:25'
}
{
  service: 'pather-khonje-api',
  email: 'admin@patherkhonje.com',
  level: 'info',
  message: 'Admin user already exists',
  timestamp: '2025-09-14 02:34:25'
}
{
  service: 'pather-khonje-api',
  port: 5000,
  environment: 'development',
  frontendUrl: 'http://localhost:5173',
  level: 'info',
  message: 'Server started',
  timestamp: '2025-09-14 02:34:25'
}
{
  service: 'pather-khonje-api',
  level: 'info',
  message: 'Database indexes created successfully',
  timestamp: '2025-09-14 02:34:45'
}
{
  service: 'pather-khonje-api',
  email: 'admin@patherkhonje.com',
  level: 'info',
  message: 'Admin user already exists',
  timestamp: '2025-09-14 02:34:45'
}
{
  service: 'pather-khonje-api',
  port: 5000,
  environment: 'development',
  frontendUrl: 'http://localhost:5173',
  level: 'info',
  message: 'Server started',
  timestamp: '2025-09-14 02:34:45'
}
{
  service: 'pather-khonje-api',
  level: 'info',
  message: 'Database indexes created successfully',
  timestamp: '2025-09-14 02:34:52'
}
{
  service: 'pather-khonje-api',
  email: 'admin@patherkhonje.com',
  level: 'info',
  message: 'Admin user already exists',
  timestamp: '2025-09-14 02:34:52'
}
{
  service: 'pather-khonje-api',
  port: 5000,
  environment: 'development',
  frontendUrl: 'http://localhost:5173',
  level: 'info',
  message: 'Server started',
  timestamp: '2025-09-14 02:34:52'
}
{
  service: 'pather-khonje-api',
  level: 'info',
  message: 'Database indexes created successfully',
  timestamp: '2025-09-14 02:35:14'
}
{
  service: 'pather-khonje-api',
  email: 'admin@patherkhonje.com',
  level: 'info',
  message: 'Admin user already exists',
  timestamp: '2025-09-14 02:35:14'
}
{
  service: 'pather-khonje-api',
  port: 5000,
  environment: 'development',
  frontendUrl: 'http://localhost:5173',
  level: 'info',
  message: 'Server started',
  timestamp: '2025-09-14 02:35:14'
}
{
  service: 'pather-khonje-api',
  level: 'info',
  message: 'Database indexes created successfully',
  timestamp: '2025-09-14 02:35:27'
}
{
  service: 'pather-khonje-api',
  email: 'admin@patherkhonje.com',
  level: 'info',
  message: 'Admin user already exists',
  timestamp: '2025-09-14 02:35:27'
}
{
  service: 'pather-khonje-api',
  port: 5000,
  environment: 'development',
  frontendUrl: 'http://localhost:5173',
  level: 'info',
  message: 'Server started',
  timestamp: '2025-09-14 02:35:27'
}
{
  service: 'pather-khonje-api',
  level: 'info',
  message: 'Database indexes created successfully',
  timestamp: '2025-09-14 02:35:50'
}
{
  service: 'pather-khonje-api',
  email: 'admin@patherkhonje.com',
  level: 'info',
  message: 'Admin user already exists',
  timestamp: '2025-09-14 02:35:50'
}
{
  service: 'pather-khonje-api',
  port: 5000,
  environment: 'development',
  frontendUrl: 'http://localhost:5173',
  level: 'info',
  message: 'Server started',
  timestamp: '2025-09-14 02:35:50'
}
{
  service: 'pather-khonje-api',
  level: 'info',
  message: 'Database indexes created successfully',
  timestamp: '2025-09-14 02:36:39'
}
{
  service: 'pather-khonje-api',
  email: 'admin@patherkhonje.com',
  level: 'info',
  message: 'Admin user already exists',
  timestamp: '2025-09-14 02:36:39'
}
{
  service: 'pather-khonje-api',
  port: 5000,
  environment: 'development',
  frontendUrl: 'http://localhost:5173',
  level: 'info',
  message: 'Server started',
  timestamp: '2025-09-14 02:36:39'
}
{
  service: 'pather-khonje-api',
  level: 'info',
  message: 'Database indexes created successfully',
  timestamp: '2025-09-14 02:37:15'
}
{
  service: 'pather-khonje-api',
  email: 'admin@patherkhonje.com',
  level: 'info',
  message: 'Admin user already exists',
  timestamp: '2025-09-14 02:37:15'
}
{
  service: 'pather-khonje-api',
  port: 5000,
  environment: 'development',
  frontendUrl: 'http://localhost:5173',
  level: 'info',
  message: 'Server started',
  timestamp: '2025-09-14 02:37:15'
}
{
  service: 'pather-khonje-api',
  level: 'info',
  message: 'Database indexes created successfully',
  timestamp: '2025-09-14 02:41:04'
}
{
  service: 'pather-khonje-api',
  email: 'admin@patherkhonje.com',
  level: 'info',
  message: 'Admin user already exists',
  timestamp: '2025-09-14 02:41:04'
}
{
  service: 'pather-khonje-api',
  port: 5000,
  environment: 'development',
  frontendUrl: 'http://localhost:5173',
  level: 'info',
  message: 'Server started',
  timestamp: '2025-09-14 02:41:04'
}
{
  service: 'pather-khonje-api',
  level: 'info',
  message: '::1 - - [13/Sep/2025:21:11:43 +0000] "OPTIONS /api/auth/login HTTP/1.1" 200 2 "http://localhost:5173/" "Mozilla/5.0 (Windows NT 10.0; Win64; x64) AppleWebKit/537.36 (KHTML, like Gecko) Chrome/140.0.0.0 Safari/537.36"',
  timestamp: '2025-09-14 02:41:43'
}
{
  service: 'pather-khonje-api',
  userId: new ObjectId("68c4ba80869f5fde8f5ea341"),
  email: 'admin@patherkhonje.com',
  role: 'admin',
  isNew: false,
  level: 'info',
  message: 'User saved',
  timestamp: '2025-09-14 02:41:44'
}
{
  service: 'pather-khonje-security',
  userId: new ObjectId("68c4ba80869f5fde8f5ea341"),
  email: 'admin@patherkhonje.com',
  timestamp: '2025-09-14 02:41:44',
  level: 'info',
  message: 'Token refreshed'
}
{
  service: 'pather-khonje-security',
  email: 'admin@patherkhonje.com',
  success: true,
  ip: '::1',
  userAgent: 'Mozilla/5.0 (Windows NT 10.0; Win64; x64) AppleWebKit/537.36 (KHTML, like Gecko) Chrome/140.0.0.0 Safari/537.36',
  timestamp: '2025-09-14 02:41:44',
  level: 'info',
  message: 'Login attempt'
}
{
  service: 'pather-khonje-api',
  level: 'info',
  message: '::1 - - [13/Sep/2025:21:11:44 +0000] "POST /api/auth/login HTTP/1.1" 200 874 "http://localhost:5173/" "Mozilla/5.0 (Windows NT 10.0; Win64; x64) AppleWebKit/537.36 (KHTML, like Gecko) Chrome/140.0.0.0 Safari/537.36"',
  timestamp: '2025-09-14 02:41:44'
}
{
  service: 'pather-khonje-api',
  level: 'info',
  message: '::1 - - [13/Sep/2025:21:11:44 +0000] "OPTIONS /api/admin/stats HTTP/1.1" 200 2 "http://localhost:5173/" "Mozilla/5.0 (Windows NT 10.0; Win64; x64) AppleWebKit/537.36 (KHTML, like Gecko) Chrome/140.0.0.0 Safari/537.36"',
  timestamp: '2025-09-14 02:41:44'
}
{
  service: 'pather-khonje-api',
  level: 'info',
  message: '::1 - - [13/Sep/2025:21:11:44 +0000] "OPTIONS /api/admin/stats HTTP/1.1" 200 2 "http://localhost:5173/" "Mozilla/5.0 (Windows NT 10.0; Win64; x64) AppleWebKit/537.36 (KHTML, like Gecko) Chrome/140.0.0.0 Safari/537.36"',
  timestamp: '2025-09-14 02:41:44'
}
{
  service: 'pather-khonje-api',
  method: 'GET',
  url: '/api/admin/stats',
  ip: '::1',
  userAgent: 'Mozilla/5.0 (Windows NT 10.0; Win64; x64) AppleWebKit/537.36 (KHTML, like Gecko) Chrome/140.0.0.0 Safari/537.36',
  userId: new ObjectId("68c4ba80869f5fde8f5ea341"),
  timestamp: '2025-09-14 02:41:44',
  level: 'info',
  message: 'API request'
}
{
  service: 'pather-khonje-api',
  level: 'info',
  message: '::1 - - [13/Sep/2025:21:11:45 +0000] "GET /api/admin/stats HTTP/1.1" 200 441 "http://localhost:5173/" "Mozilla/5.0 (Windows NT 10.0; Win64; x64) AppleWebKit/537.36 (KHTML, like Gecko) Chrome/140.0.0.0 Safari/537.36"',
  timestamp: '2025-09-14 02:41:45'
}
{
  service: 'pather-khonje-api',
  method: 'GET',
  url: '/api/admin/stats',
  ip: '::1',
  userAgent: 'Mozilla/5.0 (Windows NT 10.0; Win64; x64) AppleWebKit/537.36 (KHTML, like Gecko) Chrome/140.0.0.0 Safari/537.36',
  userId: new ObjectId("68c4ba80869f5fde8f5ea341"),
  timestamp: '2025-09-14 02:41:45',
  level: 'info',
  message: 'API request'
}
{
  service: 'pather-khonje-api',
  level: 'info',
  message: '::1 - - [13/Sep/2025:21:11:46 +0000] "GET /api/admin/stats HTTP/1.1" 200 440 "http://localhost:5173/" "Mozilla/5.0 (Windows NT 10.0; Win64; x64) AppleWebKit/537.36 (KHTML, like Gecko) Chrome/140.0.0.0 Safari/537.36"',
  timestamp: '2025-09-14 02:41:46'
}
{
  service: 'pather-khonje-api',
  level: 'info',
  message: '::1 - - [13/Sep/2025:21:11:49 +0000] "OPTIONS /api/places HTTP/1.1" 200 2 "http://localhost:5173/" "Mozilla/5.0 (Windows NT 10.0; Win64; x64) AppleWebKit/537.36 (KHTML, like Gecko) Chrome/140.0.0.0 Safari/537.36"',
  timestamp: '2025-09-14 02:41:49'
}
{
  service: 'pather-khonje-api',
  level: 'info',
  message: '::1 - - [13/Sep/2025:21:11:49 +0000] "GET /api/places HTTP/1.1" 304 - "http://localhost:5173/" "Mozilla/5.0 (Windows NT 10.0; Win64; x64) AppleWebKit/537.36 (KHTML, like Gecko) Chrome/140.0.0.0 Safari/537.36"',
  timestamp: '2025-09-14 02:41:49'
}
{
  service: 'pather-khonje-api',
  level: 'info',
  message: '::1 - - [13/Sep/2025:21:11:49 +0000] "OPTIONS /api/hotels?page=1&limit=50 HTTP/1.1" 200 2 "http://localhost:5173/" "Mozilla/5.0 (Windows NT 10.0; Win64; x64) AppleWebKit/537.36 (KHTML, like Gecko) Chrome/140.0.0.0 Safari/537.36"',
  timestamp: '2025-09-14 02:41:49'
}
{
  service: 'pather-khonje-api',
  level: 'info',
  message: '::1 - - [13/Sep/2025:21:11:49 +0000] "GET /api/places HTTP/1.1" 304 - "http://localhost:5173/" "Mozilla/5.0 (Windows NT 10.0; Win64; x64) AppleWebKit/537.36 (KHTML, like Gecko) Chrome/140.0.0.0 Safari/537.36"',
  timestamp: '2025-09-14 02:41:49'
}
{
  service: 'pather-khonje-api',
  level: 'info',
  message: '::1 - - [13/Sep/2025:21:11:49 +0000] "GET /api/hotels?page=1&limit=50 HTTP/1.1" 200 - "http://localhost:5173/" "Mozilla/5.0 (Windows NT 10.0; Win64; x64) AppleWebKit/537.36 (KHTML, like Gecko) Chrome/140.0.0.0 Safari/537.36"',
  timestamp: '2025-09-14 02:41:49'
}
{
  service: 'pather-khonje-api',
  level: 'info',
  message: '::1 - - [13/Sep/2025:21:11:49 +0000] "GET /uploads/hotels/goa-hotel-1757733680208-686665076.png HTTP/1.1" 304 - "http://localhost:5173/" "Mozilla/5.0 (Windows NT 10.0; Win64; x64) AppleWebKit/537.36 (KHTML, like Gecko) Chrome/140.0.0.0 Safari/537.36"',
  timestamp: '2025-09-14 02:41:49'
}
{
  service: 'pather-khonje-api',
  level: 'info',
  message: '::1 - - [13/Sep/2025:21:11:49 +0000] "GET /uploads/hotels/udaipur-1757734369101-309298827.jpg HTTP/1.1" 304 - "http://localhost:5173/" "Mozilla/5.0 (Windows NT 10.0; Win64; x64) AppleWebKit/537.36 (KHTML, like Gecko) Chrome/140.0.0.0 Safari/537.36"',
  timestamp: '2025-09-14 02:41:49'
}
{
  service: 'pather-khonje-api',
  level: 'info',
  message: '::1 - - [13/Sep/2025:21:11:49 +0000] "GET /uploads/hotels/darjeeling-1757740349275-318604716.jpg HTTP/1.1" 200 173258 "http://localhost:5173/" "Mozilla/5.0 (Windows NT 10.0; Win64; x64) AppleWebKit/537.36 (KHTML, like Gecko) Chrome/140.0.0.0 Safari/537.36"',
  timestamp: '2025-09-14 02:41:49'
}
{
  service: 'pather-khonje-api',
  level: 'info',
  message: '::1 - - [13/Sep/2025:21:11:49 +0000] "GET /api/hotels?page=1&limit=50 HTTP/1.1" 304 - "http://localhost:5173/" "Mozilla/5.0 (Windows NT 10.0; Win64; x64) AppleWebKit/537.36 (KHTML, like Gecko) Chrome/140.0.0.0 Safari/537.36"',
  timestamp: '2025-09-14 02:41:49'
}
{
  service: 'pather-khonje-api',
  level: 'info',
  message: '::1 - - [13/Sep/2025:21:12:27 +0000] "OPTIONS /api/upload/hotels/images HTTP/1.1" 200 2 "http://localhost:5173/" "Mozilla/5.0 (Windows NT 10.0; Win64; x64) AppleWebKit/537.36 (KHTML, like Gecko) Chrome/140.0.0.0 Safari/537.36"',
  timestamp: '2025-09-14 02:42:27'
}
{
  service: 'pather-khonje-api',
  method: 'POST',
  url: '/api/upload/hotels/images',
  ip: '::1',
  userAgent: 'Mozilla/5.0 (Windows NT 10.0; Win64; x64) AppleWebKit/537.36 (KHTML, like Gecko) Chrome/140.0.0.0 Safari/537.36',
  userId: new ObjectId("68c4ba80869f5fde8f5ea341"),
  timestamp: '2025-09-14 02:42:27',
  level: 'info',
  message: 'API request'
}
{
  service: 'pather-khonje-api',
  error: 'AuditLog validation failed: action: `UPLOAD` is not a valid enum value for path `action`.',
  data: {
    action: 'UPLOAD',
    resource: 'IMAGES',
    userId: new ObjectId("68c4ba80869f5fde8f5ea341"),
    details: { fileCount: 1, files: [ 'kashmir-1757797947314-76074337.jpeg' ] },
    ipAddress: '::1',
    userAgent: 'Mozilla/5.0 (Windows NT 10.0; Win64; x64) AppleWebKit/537.36 (KHTML, like Gecko) Chrome/140.0.0.0 Safari/537.36',
    success: true
  },
  level: 'error',
  message: 'Failed to log audit event',
  timestamp: '2025-09-14 02:42:27'
}
{
  service: 'pather-khonje-api',
  level: 'info',
  message: '::1 - - [13/Sep/2025:21:12:27 +0000] "POST /api/upload/hotels/images HTTP/1.1" 200 328 "http://localhost:5173/" "Mozilla/5.0 (Windows NT 10.0; Win64; x64) AppleWebKit/537.36 (KHTML, like Gecko) Chrome/140.0.0.0 Safari/537.36"',
  timestamp: '2025-09-14 02:42:27'
}
{
  service: 'pather-khonje-api',
  level: 'info',
  message: '::1 - - [13/Sep/2025:21:12:27 +0000] "OPTIONS /api/hotels HTTP/1.1" 200 2 "http://localhost:5173/" "Mozilla/5.0 (Windows NT 10.0; Win64; x64) AppleWebKit/537.36 (KHTML, like Gecko) Chrome/140.0.0.0 Safari/537.36"',
  timestamp: '2025-09-14 02:42:27'
}
{
  service: 'pather-khonje-api',
  method: 'POST',
  url: '/api/hotels',
  ip: '::1',
  userAgent: 'Mozilla/5.0 (Windows NT 10.0; Win64; x64) AppleWebKit/537.36 (KHTML, like Gecko) Chrome/140.0.0.0 Safari/537.36',
  userId: new ObjectId("68c4ba80869f5fde8f5ea341"),
  timestamp: '2025-09-14 02:42:27',
  level: 'info',
  message: 'API request'
}
{
  service: 'pather-khonje-api',
  hotelId: new ObjectId("68c5de3bdf8674c0560f3bdc"),
  name: 'fs',
  placeId: '68c4fcf8b60f064fe65b14da',
  createdBy: new ObjectId("68c4ba80869f5fde8f5ea341"),
  level: 'info',
  message: 'Hotel created',
  timestamp: '2025-09-14 02:42:27'
}
{
  service: 'pather-khonje-api',
  level: 'info',
  message: '::1 - - [13/Sep/2025:21:12:27 +0000] "POST /api/hotels HTTP/1.1" 201 501 "http://localhost:5173/" "Mozilla/5.0 (Windows NT 10.0; Win64; x64) AppleWebKit/537.36 (KHTML, like Gecko) Chrome/140.0.0.0 Safari/537.36"',
  timestamp: '2025-09-14 02:42:27'
}
{
  service: 'pather-khonje-api',
  level: 'info',
  message: '::1 - - [13/Sep/2025:21:12:27 +0000] "OPTIONS /api/hotels?page=1&limit=50 HTTP/1.1" 200 2 "http://localhost:5173/" "Mozilla/5.0 (Windows NT 10.0; Win64; x64) AppleWebKit/537.36 (KHTML, like Gecko) Chrome/140.0.0.0 Safari/537.36"',
  timestamp: '2025-09-14 02:42:27'
}
{
  service: 'pather-khonje-api',
  level: 'info',
  message: '::1 - - [13/Sep/2025:21:12:27 +0000] "GET /uploads/hotels/kashmir-1757797947314-76074337.jpeg HTTP/1.1" 200 334642 "http://localhost:5173/" "Mozilla/5.0 (Windows NT 10.0; Win64; x64) AppleWebKit/537.36 (KHTML, like Gecko) Chrome/140.0.0.0 Safari/537.36"',
  timestamp: '2025-09-14 02:42:27'
}
{
  service: 'pather-khonje-api',
  level: 'info',
  message: '::1 - - [13/Sep/2025:21:12:28 +0000] "GET /api/hotels?page=1&limit=50 HTTP/1.1" 200 - "http://localhost:5173/" "Mozilla/5.0 (Windows NT 10.0; Win64; x64) AppleWebKit/537.36 (KHTML, like Gecko) Chrome/140.0.0.0 Safari/537.36"',
  timestamp: '2025-09-14 02:42:28'
}
{
  service: 'pather-khonje-api',
  level: 'info',
  message: '::1 - - [13/Sep/2025:21:12:32 +0000] "OPTIONS /api/hotels/68c5de3bdf8674c0560f3bdc HTTP/1.1" 200 2 "http://localhost:5173/" "Mozilla/5.0 (Windows NT 10.0; Win64; x64) AppleWebKit/537.36 (KHTML, like Gecko) Chrome/140.0.0.0 Safari/537.36"',
  timestamp: '2025-09-14 02:42:32'
}
{
  service: 'pather-khonje-api',
  method: 'DELETE',
  url: '/api/hotels/68c5de3bdf8674c0560f3bdc',
  ip: '::1',
  userAgent: 'Mozilla/5.0 (Windows NT 10.0; Win64; x64) AppleWebKit/537.36 (KHTML, like Gecko) Chrome/140.0.0.0 Safari/537.36',
  userId: new ObjectId("68c4ba80869f5fde8f5ea341"),
  timestamp: '2025-09-14 02:42:33',
  level: 'info',
  message: 'API request'
}
{
  service: 'pather-khonje-api',
  hotelId: '68c5de3bdf8674c0560f3bdc',
  deletedBy: new ObjectId("68c4ba80869f5fde8f5ea341"),
  hotelName: 'fs',
  level: 'info',
  message: 'Hotel deleted',
  timestamp: '2025-09-14 02:42:33'
}
{
  service: 'pather-khonje-api',
  level: 'info',
  message: '::1 - - [13/Sep/2025:21:12:33 +0000] "DELETE /api/hotels/68c5de3bdf8674c0560f3bdc HTTP/1.1" 200 55 "http://localhost:5173/" "Mozilla/5.0 (Windows NT 10.0; Win64; x64) AppleWebKit/537.36 (KHTML, like Gecko) Chrome/140.0.0.0 Safari/537.36"',
  timestamp: '2025-09-14 02:42:33'
}
{
  service: 'pather-khonje-api',
  level: 'info',
  message: '::1 - - [13/Sep/2025:21:12:33 +0000] "OPTIONS /api/hotels?page=1&limit=50 HTTP/1.1" 200 2 "http://localhost:5173/" "Mozilla/5.0 (Windows NT 10.0; Win64; x64) AppleWebKit/537.36 (KHTML, like Gecko) Chrome/140.0.0.0 Safari/537.36"',
  timestamp: '2025-09-14 02:42:33'
}
{
  service: 'pather-khonje-api',
  level: 'info',
  message: '::1 - - [13/Sep/2025:21:12:33 +0000] "GET /api/hotels?page=1&limit=50 HTTP/1.1" 200 - "http://localhost:5173/" "Mozilla/5.0 (Windows NT 10.0; Win64; x64) AppleWebKit/537.36 (KHTML, like Gecko) Chrome/140.0.0.0 Safari/537.36"',
  timestamp: '2025-09-14 02:42:33'
}
